{
  "/home/diganta/Desktop/FINAL_PROJECT_FRONTEND/udemy_clone_frontend/src/components/Navbar/Navbar.vue": {
    "path": "/home/diganta/Desktop/FINAL_PROJECT_FRONTEND/udemy_clone_frontend/src/components/Navbar/Navbar.vue",
    "statementMap": {
      "0": {
        "start": { "line": 4, "column": 29 },
        "end": { "line": 4, "column": 174 }
      },
      "1": {
        "start": { "line": 5, "column": 0 },
        "end": { "line": 7, "column": 3 }
      },
      "2": {
        "start": { "line": 8, "column": 0 },
        "end": { "line": 8, "column": 25 }
      },
      "3": {
        "start": { "line": 9, "column": 0 },
        "end": { "line": 9, "column": 44 }
      },
      "4": {
        "start": { "line": 68, "column": 0 },
        "end": { "line": 68, "column": 13 }
      },
      "5": {
        "start": { "line": 70, "column": 0 },
        "end": { "line": 72, "column": 3 }
      },
      "6": {
        "start": { "line": 73, "column": 0 },
        "end": { "line": 73, "column": 24 }
      },
      "7": {
        "start": { "line": 74, "column": 11 },
        "end": { "line": 74, "column": 25 }
      },
      "8": {
        "start": { "line": 75, "column": 19 },
        "end": { "line": 80, "column": 1 }
      },
      "9": {
        "start": { "line": 81, "column": 19 },
        "end": { "line": 83, "column": 1 }
      },
      "10": {
        "start": { "line": 84, "column": 19 },
        "end": { "line": 86, "column": 1 }
      },
      "11": {
        "start": { "line": 87, "column": 19 },
        "end": { "line": 92, "column": 1 }
      },
      "12": {
        "start": { "line": 93, "column": 32 },
        "end": { "line": 93, "column": 96 }
      },
      "13": {
        "start": { "line": 96, "column": 40 },
        "end": { "line": 96, "column": 88 }
      },
      "14": {
        "start": { "line": 97, "column": 37 },
        "end": { "line": 97, "column": 82 }
      },
      "15": {
        "start": { "line": 98, "column": 30 },
        "end": { "line": 98, "column": 68 }
      },
      "16": {
        "start": { "line": 99, "column": 27 },
        "end": { "line": 99, "column": 62 }
      },
      "17": {
        "start": { "line": 100, "column": 31 },
        "end": { "line": 100, "column": 70 }
      },
      "18": {
        "start": { "line": 101, "column": 28 },
        "end": { "line": 101, "column": 64 }
      },
      "19": {
        "start": { "line": 102, "column": 41 },
        "end": { "line": 102, "column": 90 }
      },
      "20": {
        "start": { "line": 103, "column": 30 },
        "end": { "line": 103, "column": 68 }
      },
      "21": {
        "start": { "line": 104, "column": 28 },
        "end": { "line": 104, "column": 64 }
      },
      "22": {
        "start": { "line": 105, "column": 28 },
        "end": { "line": 105, "column": 64 }
      },
      "23": {
        "start": { "line": 106, "column": 39 },
        "end": { "line": 106, "column": 86 }
      },
      "24": {
        "start": { "line": 107, "column": 31 },
        "end": { "line": 107, "column": 70 }
      },
      "25": {
        "start": { "line": 108, "column": 33 },
        "end": { "line": 108, "column": 74 }
      },
      "26": {
        "start": { "line": 109, "column": 28 },
        "end": { "line": 109, "column": 64 }
      },
      "27": {
        "start": { "line": 110, "column": 2 },
        "end": { "line": 213, "column": 176 }
      },
      "28": {
        "start": { "line": 113, "column": 37 },
        "end": { "line": 146, "column": 7 }
      },
      "29": {
        "start": { "line": 114, "column": 39 },
        "end": { "line": 144, "column": 40 }
      },
      "30": {
        "start": { "line": 117, "column": 41 },
        "end": { "line": 132, "column": 11 }
      },
      "31": {
        "start": { "line": 119, "column": 79 },
        "end": { "line": 119, "column": 105 }
      },
      "32": {
        "start": { "line": 121, "column": 43 },
        "end": { "line": 121, "column": 82 }
      },
      "33": {
        "start": { "line": 136, "column": 67 },
        "end": { "line": 136, "column": 87 }
      },
      "34": {
        "start": { "line": 140, "column": 41 },
        "end": { "line": 142, "column": 43 }
      },
      "35": {
        "start": { "line": 151, "column": 6 },
        "end": { "line": 151, "column": 70 }
      },
      "36": {
        "start": { "line": 175, "column": 10 },
        "end": { "line": 175, "column": 14 }
      },
      "37": {
        "start": { "line": 176, "column": 6 },
        "end": { "line": 183, "column": 45 }
      },
      "38": {
        "start": { "line": 186, "column": 37 },
        "end": { "line": 210, "column": 7 }
      },
      "39": {
        "start": { "line": 187, "column": 39 },
        "end": { "line": 207, "column": 37 }
      },
      "40": {
        "start": { "line": 190, "column": 41 },
        "end": { "line": 190, "column": 277 }
      },
      "41": {
        "start": { "line": 194, "column": 8 },
        "end": { "line": 206, "column": 55 }
      },
      "42": {
        "start": { "line": 198, "column": 43 },
        "end": { "line": 204, "column": 59 }
      },
      "43": {
        "start": { "line": 199, "column": 31 },
        "end": { "line": 199, "column": 56 }
      },
      "44": {
        "start": { "line": 201, "column": 45 },
        "end": { "line": 201, "column": 125 }
      },
      "45": {
        "start": { "line": 214, "column": 2 },
        "end": { "line": 214, "column": 49 }
      }
    },
    "fnMap": {
      "0": {
        "name": "render",
        "decl": {
          "start": { "line": 95, "column": 9 },
          "end": { "line": 95, "column": 15 }
        },
        "loc": {
          "start": { "line": 95, "column": 30 },
          "end": { "line": 214, "column": 1 }
        },
        "line": 95
      },
      "1": {
        "name": "(anonymous_1)",
        "decl": {
          "start": { "line": 113, "column": 31 },
          "end": { "line": 113, "column": 32 }
        },
        "loc": {
          "start": { "line": 113, "column": 37 },
          "end": { "line": 146, "column": 7 }
        },
        "line": 113
      },
      "2": {
        "name": "(anonymous_2)",
        "decl": {
          "start": { "line": 114, "column": 33 },
          "end": { "line": 114, "column": 34 }
        },
        "loc": {
          "start": { "line": 114, "column": 39 },
          "end": { "line": 144, "column": 40 }
        },
        "line": 114
      },
      "3": {
        "name": "(anonymous_3)",
        "decl": {
          "start": { "line": 117, "column": 35 },
          "end": { "line": 117, "column": 36 }
        },
        "loc": {
          "start": { "line": 117, "column": 41 },
          "end": { "line": 132, "column": 11 }
        },
        "line": 117
      },
      "4": {
        "name": "(anonymous_4)",
        "decl": {
          "start": { "line": 119, "column": 69 },
          "end": { "line": 119, "column": 70 }
        },
        "loc": {
          "start": { "line": 119, "column": 79 },
          "end": { "line": 119, "column": 105 }
        },
        "line": 119
      },
      "5": {
        "name": "(anonymous_5)",
        "decl": {
          "start": { "line": 121, "column": 37 },
          "end": { "line": 121, "column": 38 }
        },
        "loc": {
          "start": { "line": 121, "column": 43 },
          "end": { "line": 121, "column": 82 }
        },
        "line": 121
      },
      "6": {
        "name": "(anonymous_6)",
        "decl": {
          "start": { "line": 136, "column": 57 },
          "end": { "line": 136, "column": 58 }
        },
        "loc": {
          "start": { "line": 136, "column": 67 },
          "end": { "line": 136, "column": 87 }
        },
        "line": 136
      },
      "7": {
        "name": "(anonymous_7)",
        "decl": {
          "start": { "line": 140, "column": 35 },
          "end": { "line": 140, "column": 36 }
        },
        "loc": {
          "start": { "line": 140, "column": 41 },
          "end": { "line": 142, "column": 43 }
        },
        "line": 140
      },
      "8": {
        "name": "(anonymous_8)",
        "decl": {
          "start": { "line": 150, "column": 39 },
          "end": { "line": 150, "column": 40 }
        },
        "loc": {
          "start": { "line": 150, "column": 51 },
          "end": { "line": 152, "column": 5 }
        },
        "line": 150
      },
      "9": {
        "name": "(anonymous_9)",
        "decl": {
          "start": { "line": 172, "column": 33 },
          "end": { "line": 172, "column": 34 }
        },
        "loc": {
          "start": { "line": 172, "column": 41 },
          "end": { "line": 184, "column": 5 }
        },
        "line": 172
      },
      "10": {
        "name": "(anonymous_10)",
        "decl": {
          "start": { "line": 186, "column": 31 },
          "end": { "line": 186, "column": 32 }
        },
        "loc": {
          "start": { "line": 186, "column": 37 },
          "end": { "line": 210, "column": 7 }
        },
        "line": 186
      },
      "11": {
        "name": "(anonymous_11)",
        "decl": {
          "start": { "line": 187, "column": 33 },
          "end": { "line": 187, "column": 34 }
        },
        "loc": {
          "start": { "line": 187, "column": 39 },
          "end": { "line": 207, "column": 37 }
        },
        "line": 187
      },
      "12": {
        "name": "(anonymous_12)",
        "decl": {
          "start": { "line": 190, "column": 35 },
          "end": { "line": 190, "column": 36 }
        },
        "loc": {
          "start": { "line": 190, "column": 41 },
          "end": { "line": 190, "column": 277 }
        },
        "line": 190
      },
      "13": {
        "name": "(anonymous_13)",
        "decl": {
          "start": { "line": 193, "column": 168 },
          "end": { "line": 193, "column": 169 }
        },
        "loc": {
          "start": { "line": 193, "column": 185 },
          "end": { "line": 207, "column": 7 }
        },
        "line": 193
      },
      "14": {
        "name": "(anonymous_14)",
        "decl": {
          "start": { "line": 198, "column": 37 },
          "end": { "line": 198, "column": 38 }
        },
        "loc": {
          "start": { "line": 198, "column": 43 },
          "end": { "line": 204, "column": 59 }
        },
        "line": 198
      },
      "15": {
        "name": "(anonymous_15)",
        "decl": {
          "start": { "line": 199, "column": 21 },
          "end": { "line": 199, "column": 22 }
        },
        "loc": {
          "start": { "line": 199, "column": 31 },
          "end": { "line": 199, "column": 56 }
        },
        "line": 199
      },
      "16": {
        "name": "(anonymous_16)",
        "decl": {
          "start": { "line": 201, "column": 39 },
          "end": { "line": 201, "column": 40 }
        },
        "loc": {
          "start": { "line": 201, "column": 45 },
          "end": { "line": 201, "column": 125 }
        },
        "line": 201
      }
    },
    "branchMap": {
      "0": {
        "loc": {
          "start": { "line": 119, "column": 19 },
          "end": { "line": 119, "column": 117 }
        },
        "type": "binary-expr",
        "locations": [
          {
            "start": { "line": 119, "column": 19 },
            "end": { "line": 119, "column": 28 }
          },
          {
            "start": { "line": 119, "column": 33 },
            "end": { "line": 119, "column": 116 }
          }
        ],
        "line": 119
      },
      "1": {
        "loc": {
          "start": { "line": 136, "column": 31 },
          "end": { "line": 136, "column": 88 }
        },
        "type": "binary-expr",
        "locations": [
          {
            "start": { "line": 136, "column": 31 },
            "end": { "line": 136, "column": 40 }
          },
          {
            "start": { "line": 136, "column": 45 },
            "end": { "line": 136, "column": 87 }
          }
        ],
        "line": 136
      },
      "2": {
        "loc": {
          "start": { "line": 150, "column": 13 },
          "end": { "line": 152, "column": 6 }
        },
        "type": "binary-expr",
        "locations": [
          {
            "start": { "line": 150, "column": 13 },
            "end": { "line": 150, "column": 22 }
          },
          {
            "start": { "line": 150, "column": 27 },
            "end": { "line": 152, "column": 5 }
          }
        ],
        "line": 150
      },
      "3": {
        "loc": {
          "start": { "line": 151, "column": 13 },
          "end": { "line": 151, "column": 69 }
        },
        "type": "binary-expr",
        "locations": [
          {
            "start": { "line": 151, "column": 13 },
            "end": { "line": 151, "column": 32 }
          },
          {
            "start": { "line": 151, "column": 36 },
            "end": { "line": 151, "column": 69 }
          }
        ],
        "line": 151
      },
      "4": {
        "loc": {
          "start": { "line": 154, "column": 149 },
          "end": { "line": 162, "column": 86 }
        },
        "type": "cond-expr",
        "locations": [
          {
            "start": { "line": 154, "column": 197 },
            "end": { "line": 162, "column": 40 }
          },
          {
            "start": { "line": 162, "column": 44 },
            "end": { "line": 162, "column": 86 }
          }
        ],
        "line": 154
      }
    },
    "s": {
      "0": 1,
      "1": 1,
      "2": 1,
      "3": 1,
      "4": 1,
      "5": 1,
      "6": 1,
      "7": 1,
      "8": 1,
      "9": 1,
      "10": 1,
      "11": 1,
      "12": 1,
      "13": 1,
      "14": 1,
      "15": 1,
      "16": 1,
      "17": 1,
      "18": 1,
      "19": 1,
      "20": 1,
      "21": 1,
      "22": 1,
      "23": 1,
      "24": 1,
      "25": 1,
      "26": 1,
      "27": 1,
      "28": 1,
      "29": 1,
      "30": 1,
      "31": 0,
      "32": 1,
      "33": 0,
      "34": 1,
      "35": 0,
      "36": 0,
      "37": 0,
      "38": 1,
      "39": 1,
      "40": 1,
      "41": 3,
      "42": 3,
      "43": 0,
      "44": 3,
      "45": 1
    },
    "f": {
      "0": 1,
      "1": 1,
      "2": 1,
      "3": 1,
      "4": 0,
      "5": 1,
      "6": 0,
      "7": 1,
      "8": 0,
      "9": 0,
      "10": 1,
      "11": 1,
      "12": 1,
      "13": 3,
      "14": 3,
      "15": 0,
      "16": 3
    },
    "b": { "0": [1, 1], "1": [1, 1], "2": [1, 1], "3": [0, 0], "4": [0, 1] },
    "inputSourceMap": {
      "0": "{",
      "1": "\"",
      "2": "v",
      "3": "e",
      "4": "r",
      "5": "s",
      "6": "i",
      "7": "o",
      "8": "n",
      "9": "\"",
      "10": ":",
      "11": "3",
      "12": ",",
      "13": "\"",
      "14": "s",
      "15": "o",
      "16": "u",
      "17": "r",
      "18": "c",
      "19": "e",
      "20": "s",
      "21": "\"",
      "22": ":",
      "23": "[",
      "24": "\"",
      "25": "/",
      "26": "h",
      "27": "o",
      "28": "m",
      "29": "e",
      "30": "/",
      "31": "d",
      "32": "i",
      "33": "g",
      "34": "a",
      "35": "n",
      "36": "t",
      "37": "a",
      "38": "/",
      "39": "D",
      "40": "e",
      "41": "s",
      "42": "k",
      "43": "t",
      "44": "o",
      "45": "p",
      "46": "/",
      "47": "F",
      "48": "I",
      "49": "N",
      "50": "A",
      "51": "L",
      "52": "_",
      "53": "P",
      "54": "R",
      "55": "O",
      "56": "J",
      "57": "E",
      "58": "C",
      "59": "T",
      "60": "_",
      "61": "F",
      "62": "R",
      "63": "O",
      "64": "N",
      "65": "T",
      "66": "E",
      "67": "N",
      "68": "D",
      "69": "/",
      "70": "u",
      "71": "d",
      "72": "e",
      "73": "m",
      "74": "y",
      "75": "_",
      "76": "c",
      "77": "l",
      "78": "o",
      "79": "n",
      "80": "e",
      "81": "_",
      "82": "f",
      "83": "r",
      "84": "o",
      "85": "n",
      "86": "t",
      "87": "e",
      "88": "n",
      "89": "d",
      "90": "/",
      "91": "s",
      "92": "r",
      "93": "c",
      "94": "/",
      "95": "c",
      "96": "o",
      "97": "m",
      "98": "p",
      "99": "o",
      "100": "n",
      "101": "e",
      "102": "n",
      "103": "t",
      "104": "s",
      "105": "/",
      "106": "N",
      "107": "a",
      "108": "v",
      "109": "b",
      "110": "a",
      "111": "r",
      "112": "/",
      "113": "N",
      "114": "a",
      "115": "v",
      "116": "b",
      "117": "a",
      "118": "r",
      "119": ".",
      "120": "v",
      "121": "u",
      "122": "e",
      "123": "\"",
      "124": "]",
      "125": ",",
      "126": "\"",
      "127": "n",
      "128": "a",
      "129": "m",
      "130": "e",
      "131": "s",
      "132": "\"",
      "133": ":",
      "134": "[",
      "135": "]",
      "136": ",",
      "137": "\"",
      "138": "m",
      "139": "a",
      "140": "p",
      "141": "p",
      "142": "i",
      "143": "n",
      "144": "g",
      "145": "s",
      "146": "\"",
      "147": ":",
      "148": "\"",
      "149": ";",
      "150": ";",
      "151": ";",
      "152": ";",
      "153": ";",
      "154": ";",
      "155": ";",
      "156": ";",
      "157": ";",
      "158": "A",
      "159": "A",
      "160": "4",
      "161": "H",
      "162": "A",
      "163": ";",
      "164": "A",
      "165": "A",
      "166": "A",
      "167": "A",
      "168": ";",
      "169": "A",
      "170": "A",
      "171": "A",
      "172": "A",
      "173": ";",
      "174": "A",
      "175": "A",
      "176": "A",
      "177": "y",
      "178": "C",
      "179": ";",
      "180": "A",
      "181": "A",
      "182": "A",
      "183": "A",
      "184": ",",
      "185": "i",
      "186": "C",
      "187": "A",
      "188": "E",
      "189": "1",
      "190": "B",
      "191": ";",
      "192": "E",
      "193": "A",
      "194": "C",
      "195": "b",
      "196": ",",
      "197": "U",
      "198": "A",
      "199": "A",
      "200": "U",
      "201": ",",
      "202": "E",
      "203": "A",
      "204": "A",
      "205": "E",
      "206": ";",
      "207": "I",
      "208": "A",
      "209": "C",
      "210": "V",
      "211": ",",
      "212": "M",
      "213": "A",
      "214": "A",
      "215": "M",
      "216": ";",
      "217": "I",
      "218": "A",
      "219": "A",
      "220": "N",
      "221": ";",
      "222": "I",
      "223": "A",
      "224": "A",
      "225": "A",
      "226": ";",
      "227": "I",
      "228": "A",
      "229": "A",
      "230": "A",
      "231": ";",
      "232": "I",
      "233": "A",
      "234": "A",
      "235": "A",
      "236": ";",
      "237": "E",
      "238": "A",
      "239": "C",
      "240": "F",
      "241": ",",
      "242": "C",
      "243": "A",
      "244": "A",
      "245": "C",
      "246": ";",
      "247": "E",
      "248": "A",
      "249": "C",
      "250": "D",
      "251": ",",
      "252": "I",
      "253": "A",
      "254": "A",
      "255": "I",
      "256": ",",
      "257": "E",
      "258": "A",
      "259": "A",
      "260": "E",
      "261": ",",
      "262": "O",
      "263": "A",
      "264": "A",
      "265": "O",
      "266": ";",
      "267": "I",
      "268": "A",
      "269": "C",
      "270": "X",
      "271": ",",
      "272": "M",
      "273": "A",
      "274": "A",
      "275": "M",
      "276": ",",
      "277": "E",
      "278": "A",
      "279": "A",
      "280": "E",
      "281": ",",
      "282": "K",
      "283": "A",
      "284": "A",
      "285": "K",
      "286": ";",
      "287": "I",
      "288": "A",
      "289": "C",
      "290": "b",
      "291": ",",
      "292": "K",
      "293": "A",
      "294": "A",
      "295": "K",
      "296": ",",
      "297": "E",
      "298": "A",
      "299": "A",
      "300": "E",
      "301": ";",
      "302": "E",
      "303": "A",
      "304": "C",
      "305": "T",
      "306": ",",
      "307": "C",
      "308": "A",
      "309": "A",
      "310": "C",
      "311": ",",
      "312": "C",
      "313": "A",
      "314": "A",
      "315": "C",
      "316": ";",
      "317": "E",
      "318": "A",
      "319": "E",
      "320": "F",
      "321": ",",
      "322": "O",
      "323": "A",
      "324": "A",
      "325": "O",
      "326": ",",
      "327": "E",
      "328": "A",
      "329": "A",
      "330": "E",
      "331": ";",
      "332": "I",
      "333": "A",
      "334": "C",
      "335": "P",
      "336": ",",
      "337": "m",
      "338": "B",
      "339": "A",
      "340": "A",
      "341": "m",
      "342": "B",
      "343": ",",
      "344": "G",
      "345": "A",
      "346": "A",
      "347": "G",
      "348": ";",
      "349": "M",
      "350": "A",
      "351": "C",
      "352": "p",
      "353": "B",
      "354": ",",
      "355": "I",
      "356": "A",
      "357": "A",
      "358": "I",
      "359": ",",
      "360": "C",
      "361": "A",
      "362": "A",
      "363": "C",
      "364": ",",
      "365": "O",
      "366": "A",
      "367": "A",
      "368": "O",
      "369": ",",
      "370": "C",
      "371": "A",
      "372": "A",
      "373": "C",
      "374": ",",
      "375": "I",
      "376": "A",
      "377": "A",
      "378": "I",
      "379": ",",
      "380": "C",
      "381": "A",
      "382": "A",
      "383": "C",
      "384": ",",
      "385": "w",
      "386": "B",
      "387": "A",
      "388": "A",
      "389": "w",
      "390": "B",
      "391": ",",
      "392": "C",
      "393": "A",
      "394": "A",
      "395": "C",
      "396": ";",
      "397": "I",
      "398": "A",
      "399": "C",
      "400": "7",
      "401": "C",
      "402": ",",
      "403": "C",
      "404": "A",
      "405": "A",
      "406": "C",
      "407": ";",
      "408": "I",
      "409": "A",
      "410": "C",
      "411": "D",
      "412": ",",
      "413": "o",
      "414": "B",
      "415": "A",
      "416": "A",
      "417": "o",
      "418": "B",
      "419": ",",
      "420": "G",
      "421": "A",
      "422": "A",
      "423": "G",
      "424": ";",
      "425": "M",
      "426": "A",
      "427": "C",
      "428": "r",
      "429": "B",
      "430": ",",
      "431": "I",
      "432": "A",
      "433": "A",
      "434": "I",
      "435": ",",
      "436": "C",
      "437": "A",
      "438": "A",
      "439": "C",
      "440": ",",
      "441": "O",
      "442": "A",
      "443": "A",
      "444": "O",
      "445": ",",
      "446": "C",
      "447": "A",
      "448": "A",
      "449": "C",
      "450": ",",
      "451": "I",
      "452": "A",
      "453": "A",
      "454": "I",
      "455": ",",
      "456": "C",
      "457": "A",
      "458": "A",
      "459": "C",
      "460": ",",
      "461": "y",
      "462": "B",
      "463": "A",
      "464": "A",
      "465": "y",
      "466": "B",
      "467": ",",
      "468": "C",
      "469": "A",
      "470": "A",
      "471": "C",
      "472": ";",
      "473": "I",
      "474": "A",
      "475": "C",
      "476": "9",
      "477": "C",
      "478": ",",
      "479": "C",
      "480": "A",
      "481": "A",
      "482": "C",
      "483": ";",
      "484": "I",
      "485": "A",
      "486": "C",
      "487": "D",
      "488": ",",
      "489": "M",
      "490": "A",
      "491": "A",
      "492": "M",
      "493": ",",
      "494": "M",
      "495": "A",
      "496": "A",
      "497": "M",
      "498": ",",
      "499": "G",
      "500": "A",
      "501": "A",
      "502": "G",
      "503": ";",
      "504": "M",
      "505": "A",
      "506": "C",
      "507": "b",
      "508": ",",
      "509": "M",
      "510": "A",
      "511": "A",
      "512": "M",
      "513": ",",
      "514": "I",
      "515": "A",
      "516": "A",
      "517": "I",
      "518": ",",
      "519": "C",
      "520": "A",
      "521": "A",
      "522": "C",
      "523": ",",
      "524": "M",
      "525": "A",
      "526": "A",
      "527": "M",
      "528": ",",
      "529": "C",
      "530": "A",
      "531": "A",
      "532": "C",
      "533": ",",
      "534": "Q",
      "535": "A",
      "536": "A",
      "537": "Q",
      "538": ",",
      "539": "C",
      "540": "A",
      "541": "A",
      "542": "C",
      "543": ",",
      "544": "e",
      "545": "A",
      "546": "A",
      "547": "e",
      "548": ",",
      "549": "E",
      "550": "A",
      "551": "A",
      "552": "E",
      "553": ",",
      "554": "I",
      "555": "A",
      "556": "A",
      "557": "I",
      "558": ",",
      "559": "C",
      "560": "A",
      "561": "A",
      "562": "C",
      "563": ",",
      "564": "O",
      "565": "A",
      "566": "A",
      "567": "O",
      "568": ",",
      "569": "C",
      "570": "A",
      "571": "A",
      "572": "C",
      "573": ";",
      "574": "I",
      "575": "A",
      "576": "C",
      "577": "3",
      "578": "D",
      "579": ",",
      "580": "C",
      "581": "A",
      "582": "A",
      "583": "C",
      "584": ";",
      "585": "I",
      "586": "A",
      "587": "C",
      "588": "D",
      "589": ",",
      "590": "M",
      "591": "A",
      "592": "A",
      "593": "M",
      "594": ",",
      "595": "Q",
      "596": "A",
      "597": "A",
      "598": "Q",
      "599": ",",
      "600": "C",
      "601": "A",
      "602": "A",
      "603": "C",
      "604": ",",
      "605": "K",
      "606": "A",
      "607": "A",
      "608": "K",
      "609": ",",
      "610": "E",
      "611": "A",
      "612": "A",
      "613": "E",
      "614": ";",
      "615": "M",
      "616": "A",
      "617": "C",
      "618": "p",
      "619": "B",
      "620": ",",
      "621": "I",
      "622": "A",
      "623": "A",
      "624": "I",
      "625": ",",
      "626": "K",
      "627": "A",
      "628": "A",
      "629": "K",
      "630": ",",
      "631": "K",
      "632": "A",
      "633": "A",
      "634": "K",
      "635": ",",
      "636": "Q",
      "637": "A",
      "638": "A",
      "639": "Q",
      "640": ",",
      "641": "E",
      "642": "A",
      "643": "A",
      "644": "E",
      "645": ";",
      "646": "Q",
      "647": "A",
      "648": "C",
      "649": "t",
      "650": "B",
      "651": ",",
      "652": "M",
      "653": "A",
      "654": "A",
      "655": "M",
      "656": ",",
      "657": "I",
      "658": "A",
      "659": "A",
      "660": "I",
      "661": ",",
      "662": "C",
      "663": "A",
      "664": "A",
      "665": "C",
      "666": ",",
      "667": "M",
      "668": "A",
      "669": "A",
      "670": "M",
      "671": ",",
      "672": "C",
      "673": "A",
      "674": "A",
      "675": "C",
      "676": ",",
      "677": "C",
      "678": "A",
      "679": "A",
      "680": "C",
      "681": ";",
      "682": "M",
      "683": "A",
      "684": "C",
      "685": "r",
      "686": "B",
      "687": ",",
      "688": "C",
      "689": "A",
      "690": "A",
      "691": "C",
      "692": ",",
      "693": "M",
      "694": "A",
      "695": "A",
      "696": "M",
      "697": ";",
      "698": "Q",
      "699": "A",
      "700": "C",
      "701": "L",
      "702": ",",
      "703": "I",
      "704": "A",
      "705": "A",
      "706": "I",
      "707": ",",
      "708": "C",
      "709": "A",
      "710": "A",
      "711": "C",
      "712": ",",
      "713": "O",
      "714": "A",
      "715": "A",
      "716": "O",
      "717": ",",
      "718": "C",
      "719": "A",
      "720": "A",
      "721": "C",
      "722": ",",
      "723": "I",
      "724": "A",
      "725": "A",
      "726": "I",
      "727": ",",
      "728": "C",
      "729": "A",
      "730": "C",
      "731": "d",
      "732": ",",
      "733": "I",
      "734": "A",
      "735": "A",
      "736": "G",
      "737": ",",
      "738": "I",
      "739": "A",
      "740": "A",
      "741": "I",
      "742": ",",
      "743": "C",
      "744": "A",
      "745": "A",
      "746": "C",
      "747": ",",
      "748": "M",
      "749": "A",
      "750": "A",
      "751": "M",
      "752": ",",
      "753": "C",
      "754": "A",
      "755": "A",
      "756": "C",
      "757": ",",
      "758": "K",
      "759": "A",
      "760": "A",
      "761": "K",
      "762": ",",
      "763": "C",
      "764": "A",
      "765": "A",
      "766": "C",
      "767": ",",
      "768": "I",
      "769": "A",
      "770": "A",
      "771": "I",
      "772": ",",
      "773": "C",
      "774": "A",
      "775": "A",
      "776": "C",
      "777": ",",
      "778": "I",
      "779": "A",
      "780": "A",
      "781": "K",
      "782": ",",
      "783": "I",
      "784": "A",
      "785": "A",
      "786": "G",
      "787": ",",
      "788": "K",
      "789": "A",
      "790": "A",
      "791": "K",
      "792": ",",
      "793": "C",
      "794": "A",
      "795": "C",
      "796": "r",
      "797": "C",
      "798": ",",
      "799": "K",
      "800": "A",
      "801": "A",
      "802": "K",
      "803": ",",
      "804": "C",
      "805": "A",
      "806": "A",
      "807": "C",
      "808": ",",
      "809": "G",
      "810": "A",
      "811": "A",
      "812": "G",
      "813": ",",
      "814": "C",
      "815": "A",
      "816": "A",
      "817": "C",
      "818": ",",
      "819": "C",
      "820": "A",
      "821": "C",
      "822": "V",
      "823": ",",
      "824": "I",
      "825": "A",
      "826": "A",
      "827": "I",
      "828": ",",
      "829": "C",
      "830": "A",
      "831": "A",
      "832": "C",
      "833": ",",
      "834": "E",
      "835": "A",
      "836": "A",
      "837": "E",
      "838": ",",
      "839": "C",
      "840": "A",
      "841": "A",
      "842": "C",
      "843": ",",
      "844": "C",
      "845": "A",
      "846": "C",
      "847": "R",
      "848": ",",
      "849": "W",
      "850": "A",
      "851": "A",
      "852": "W",
      "853": ",",
      "854": "C",
      "855": "A",
      "856": "A",
      "857": "C",
      "858": ",",
      "859": "C",
      "860": "A",
      "861": "A",
      "862": "E",
      "863": ",",
      "864": "E",
      "865": "A",
      "866": "C",
      "867": "n",
      "868": "B",
      "869": ",",
      "870": "C",
      "871": "A",
      "872": "A",
      "873": "C",
      "874": ";",
      "875": "M",
      "876": "A",
      "877": "C",
      "878": "H",
      "879": ";",
      "880": "I",
      "881": "A",
      "882": "C",
      "883": "F",
      "884": ",",
      "885": "C",
      "886": "A",
      "887": "A",
      "888": "C",
      "889": ";",
      "890": "I",
      "891": "A",
      "892": "C",
      "893": "D",
      "894": ",",
      "895": "c",
      "896": "A",
      "897": "A",
      "898": "c",
      "899": ",",
      "900": "G",
      "901": "A",
      "902": "A",
      "903": "G",
      "904": ";",
      "905": "M",
      "906": "A",
      "907": "C",
      "908": "f",
      "909": ",",
      "910": "I",
      "911": "A",
      "912": "A",
      "913": "I",
      "914": ",",
      "915": "C",
      "916": "A",
      "917": "A",
      "918": "C",
      "919": ",",
      "920": "O",
      "921": "A",
      "922": "A",
      "923": "O",
      "924": ",",
      "925": "C",
      "926": "A",
      "927": "A",
      "928": "C",
      "929": ",",
      "930": "I",
      "931": "A",
      "932": "A",
      "933": "I",
      "934": ",",
      "935": "C",
      "936": "A",
      "937": "A",
      "938": "E",
      "939": ",",
      "940": "I",
      "941": "A",
      "942": "A",
      "943": "G",
      "944": ",",
      "945": "I",
      "946": "A",
      "947": "A",
      "948": "I",
      "949": ",",
      "950": "C",
      "951": "A",
      "952": "A",
      "953": "C",
      "954": ",",
      "955": "M",
      "956": "A",
      "957": "A",
      "958": "M",
      "959": ",",
      "960": "C",
      "961": "A",
      "962": "A",
      "963": "C",
      "964": ",",
      "965": "K",
      "966": "A",
      "967": "A",
      "968": "K",
      "969": ",",
      "970": "C",
      "971": "A",
      "972": "A",
      "973": "C",
      "974": ",",
      "975": "I",
      "976": "A",
      "977": "A",
      "978": "I",
      "979": ",",
      "980": "C",
      "981": "A",
      "982": "A",
      "983": "C",
      "984": ",",
      "985": "I",
      "986": "A",
      "987": "A",
      "988": "K",
      "989": ",",
      "990": "O",
      "991": "A",
      "992": "A",
      "993": "M",
      "994": ",",
      "995": "C",
      "996": "A",
      "997": "A",
      "998": "C",
      "999": ";",
      "1000": "I",
      "1001": "A",
      "1002": "C",
      "1003": "3",
      "1004": "D",
      "1005": ";",
      "1006": "E",
      "1007": "A",
      "1008": "C",
      "1009": "F",
      "1010": ",",
      "1011": "C",
      "1012": "A",
      "1013": "A",
      "1014": "C",
      "1015": ";",
      "1016": "E",
      "1017": "A",
      "1018": "E",
      "1019": "D",
      "1020": ",",
      "1021": "Q",
      "1022": "A",
      "1023": "A",
      "1024": "Q",
      "1025": ",",
      "1026": "E",
      "1027": "A",
      "1028": "A",
      "1029": "E",
      "1030": ";",
      "1031": "I",
      "1032": "A",
      "1033": "C",
      "1034": "R",
      "1035": ",",
      "1036": "O",
      "1037": "A",
      "1038": "A",
      "1039": "O",
      "1040": ",",
      "1041": "G",
      "1042": "A",
      "1043": "A",
      "1044": "G",
      "1045": ";",
      "1046": "M",
      "1047": "A",
      "1048": "C",
      "1049": "R",
      "1050": ",",
      "1051": "M",
      "1052": "A",
      "1053": "A",
      "1054": "M",
      "1055": ",",
      "1056": "W",
      "1057": "A",
      "1058": "A",
      "1059": "W",
      "1060": ",",
      "1061": "G",
      "1062": "A",
      "1063": "A",
      "1064": "G",
      "1065": ",",
      "1066": "C",
      "1067": "A",
      "1068": "A",
      "1069": "C",
      "1070": ";",
      "1071": "Q",
      "1072": "A",
      "1073": "A",
      "1074": "E",
      "1075": ",",
      "1076": "K",
      "1077": "A",
      "1078": "A",
      "1079": "K",
      "1080": ",",
      "1081": "E",
      "1082": "A",
      "1083": "A",
      "1084": "E",
      "1085": ";",
      "1086": "M",
      "1087": "A",
      "1088": "A",
      "1089": "U",
      "1090": ",",
      "1091": "C",
      "1092": "A",
      "1093": "A",
      "1094": "C",
      "1095": ",",
      "1096": "E",
      "1097": "A",
      "1098": "A",
      "1099": "E",
      "1100": ";",
      "1101": "Q",
      "1102": "A",
      "1103": "A",
      "1104": "E",
      "1105": ",",
      "1106": "K",
      "1107": "A",
      "1108": "A",
      "1109": "K",
      "1110": ",",
      "1111": "E",
      "1112": "A",
      "1113": "A",
      "1114": "E",
      "1115": ";",
      "1116": "M",
      "1117": "A",
      "1118": "A",
      "1119": "S",
      "1120": ",",
      "1121": "C",
      "1122": "A",
      "1123": "A",
      "1124": "C",
      "1125": ",",
      "1126": "C",
      "1127": "A",
      "1128": "A",
      "1129": "C",
      "1130": ";",
      "1131": "M",
      "1132": "A",
      "1133": "E",
      "1134": "/",
      "1135": "D",
      "1136": ",",
      "1137": "I",
      "1138": "A",
      "1139": "A",
      "1140": "I",
      "1141": ",",
      "1142": "I",
      "1143": "A",
      "1144": "A",
      "1145": "I",
      "1146": ",",
      "1147": "C",
      "1148": "A",
      "1149": "A",
      "1150": "C",
      "1151": ",",
      "1152": "M",
      "1153": "A",
      "1154": "A",
      "1155": "M",
      "1156": ",",
      "1157": "C",
      "1158": "A",
      "1159": "A",
      "1160": "C",
      "1161": ",",
      "1162": "K",
      "1163": "A",
      "1164": "A",
      "1165": "K",
      "1166": ",",
      "1167": "C",
      "1168": "A",
      "1169": "A",
      "1170": "C",
      "1171": ",",
      "1172": "I",
      "1173": "A",
      "1174": "A",
      "1175": "I",
      "1176": ",",
      "1177": "C",
      "1178": "A",
      "1179": "A",
      "1180": "C",
      "1181": ",",
      "1182": "I",
      "1183": "A",
      "1184": "A",
      "1185": "I",
      "1186": ",",
      "1187": "K",
      "1188": "A",
      "1189": "A",
      "1190": "K",
      "1191": ",",
      "1192": "S",
      "1193": "A",
      "1194": "A",
      "1195": "S",
      "1196": ",",
      "1197": "E",
      "1198": "A",
      "1199": "A",
      "1200": "E",
      "1201": ";",
      "1202": "Q",
      "1203": "A",
      "1204": "C",
      "1205": "7",
      "1206": "C",
      "1207": ",",
      "1208": "W",
      "1209": "A",
      "1210": "A",
      "1211": "W",
      "1212": ",",
      "1213": "C",
      "1214": "A",
      "1215": "A",
      "1216": "C",
      "1217": ",",
      "1218": "M",
      "1219": "A",
      "1220": "A",
      "1221": "M",
      "1222": ",",
      "1223": "C",
      "1224": "A",
      "1225": "A",
      "1226": "C",
      "1227": ",",
      "1228": "C",
      "1229": "A",
      "1230": "A",
      "1231": "C",
      "1232": ",",
      "1233": "E",
      "1234": "A",
      "1235": "A",
      "1236": "E",
      "1237": ",",
      "1238": "C",
      "1239": "A",
      "1240": "A",
      "1241": "C",
      "1242": ",",
      "1243": "E",
      "1244": "A",
      "1245": "A",
      "1246": "E",
      "1247": ";",
      "1248": "U",
      "1249": "A",
      "1250": "C",
      "1251": "v",
      "1252": "B",
      "1253": ",",
      "1254": "K",
      "1255": "A",
      "1256": "A",
      "1257": "K",
      "1258": ",",
      "1259": "E",
      "1260": "A",
      "1261": "A",
      "1262": "E",
      "1263": ";",
      "1264": "Q",
      "1265": "A",
      "1266": "C",
      "1267": "T",
      "1268": ",",
      "1269": "C",
      "1270": "A",
      "1271": "A",
      "1272": "C",
      "1273": ",",
      "1274": "C",
      "1275": "A",
      "1276": "A",
      "1277": "C",
      "1278": ";",
      "1279": "M",
      "1280": "A",
      "1281": "C",
      "1282": "J",
      "1283": ";",
      "1284": "M",
      "1285": "A",
      "1286": "C",
      "1287": "A",
      "1288": ",",
      "1289": "O",
      "1290": "A",
      "1291": "A",
      "1292": "O",
      "1293": ",",
      "1294": "W",
      "1295": "A",
      "1296": "A",
      "1297": "W",
      "1298": ";",
      "1299": "I",
      "1300": "A",
      "1301": "C",
      "1302": "p",
      "1303": "B",
      "1304": ";",
      "1305": "E",
      "1306": "A",
      "1307": "C",
      "1308": "F",
      "1309": ",",
      "1310": "C",
      "1311": "A",
      "1312": "A",
      "1313": "C",
      "1314": ";",
      "1315": "E",
      "1316": "A",
      "1317": "E",
      "1318": "D",
      "1319": ",",
      "1320": "K",
      "1321": "A",
      "1322": "A",
      "1323": "K",
      "1324": ",",
      "1325": "E",
      "1326": "A",
      "1327": "A",
      "1328": "E",
      "1329": ";",
      "1330": "I",
      "1331": "A",
      "1332": "C",
      "1333": "L",
      "1334": ",",
      "1335": "K",
      "1336": "A",
      "1337": "A",
      "1338": "K",
      "1339": ",",
      "1340": "G",
      "1341": "A",
      "1342": "A",
      "1343": "G",
      "1344": ";",
      "1345": "M",
      "1346": "A",
      "1347": "C",
      "1348": "N",
      "1349": ",",
      "1350": "I",
      "1351": "A",
      "1352": "A",
      "1353": "I",
      "1354": ",",
      "1355": "C",
      "1356": "A",
      "1357": "A",
      "1358": "C",
      "1359": ",",
      "1360": "M",
      "1361": "A",
      "1362": "A",
      "1363": "M",
      "1364": ",",
      "1365": "G",
      "1366": "A",
      "1367": "A",
      "1368": "G",
      "1369": ",",
      "1370": "K",
      "1371": "A",
      "1372": "A",
      "1373": "K",
      "1374": ";",
      "1375": "I",
      "1376": "A",
      "1377": "C",
      "1378": "r",
      "1379": "B",
      "1380": ";",
      "1381": "E",
      "1382": "A",
      "1383": "C",
      "1384": "F",
      "1385": ";",
      "1386": "A",
      "1387": "A",
      "1388": "C",
      "1389": "F",
      "1390": ",",
      "1391": "C",
      "1392": "A",
      "1393": "A",
      "1394": "C",
      "1395": "\"",
      "1396": ",",
      "1397": "\"",
      "1398": "f",
      "1399": "i",
      "1400": "l",
      "1401": "e",
      "1402": "\"",
      "1403": ":",
      "1404": "\"",
      "1405": "/",
      "1406": "h",
      "1407": "o",
      "1408": "m",
      "1409": "e",
      "1410": "/",
      "1411": "d",
      "1412": "i",
      "1413": "g",
      "1414": "a",
      "1415": "n",
      "1416": "t",
      "1417": "a",
      "1418": "/",
      "1419": "D",
      "1420": "e",
      "1421": "s",
      "1422": "k",
      "1423": "t",
      "1424": "o",
      "1425": "p",
      "1426": "/",
      "1427": "F",
      "1428": "I",
      "1429": "N",
      "1430": "A",
      "1431": "L",
      "1432": "_",
      "1433": "P",
      "1434": "R",
      "1435": "O",
      "1436": "J",
      "1437": "E",
      "1438": "C",
      "1439": "T",
      "1440": "_",
      "1441": "F",
      "1442": "R",
      "1443": "O",
      "1444": "N",
      "1445": "T",
      "1446": "E",
      "1447": "N",
      "1448": "D",
      "1449": "/",
      "1450": "u",
      "1451": "d",
      "1452": "e",
      "1453": "m",
      "1454": "y",
      "1455": "_",
      "1456": "c",
      "1457": "l",
      "1458": "o",
      "1459": "n",
      "1460": "e",
      "1461": "_",
      "1462": "f",
      "1463": "r",
      "1464": "o",
      "1465": "n",
      "1466": "t",
      "1467": "e",
      "1468": "n",
      "1469": "d",
      "1470": "/",
      "1471": "s",
      "1472": "r",
      "1473": "c",
      "1474": "/",
      "1475": "c",
      "1476": "o",
      "1477": "m",
      "1478": "p",
      "1479": "o",
      "1480": "n",
      "1481": "e",
      "1482": "n",
      "1483": "t",
      "1484": "s",
      "1485": "/",
      "1486": "N",
      "1487": "a",
      "1488": "v",
      "1489": "b",
      "1490": "a",
      "1491": "r",
      "1492": "/",
      "1493": "N",
      "1494": "a",
      "1495": "v",
      "1496": "b",
      "1497": "a",
      "1498": "r",
      "1499": ".",
      "1500": "v",
      "1501": "u",
      "1502": "e",
      "1503": "\"",
      "1504": ",",
      "1505": "\"",
      "1506": "s",
      "1507": "o",
      "1508": "u",
      "1509": "r",
      "1510": "c",
      "1511": "e",
      "1512": "s",
      "1513": "C",
      "1514": "o",
      "1515": "n",
      "1516": "t",
      "1517": "e",
      "1518": "n",
      "1519": "t",
      "1520": "\"",
      "1521": ":",
      "1522": "[",
      "1523": "\"",
      "1524": "<",
      "1525": "t",
      "1526": "e",
      "1527": "m",
      "1528": "p",
      "1529": "l",
      "1530": "a",
      "1531": "t",
      "1532": "e",
      "1533": ">",
      "1534": "\\",
      "1535": "n",
      "1536": " ",
      "1537": " ",
      "1538": "<",
      "1539": "v",
      "1540": "-",
      "1541": "c",
      "1542": "a",
      "1543": "r",
      "1544": "d",
      "1545": " ",
      "1546": "c",
      "1547": "l",
      "1548": "a",
      "1549": "s",
      "1550": "s",
      "1551": "=",
      "1552": "\\",
      "1553": "\"",
      "1554": "d",
      "1555": "-",
      "1556": "l",
      "1557": "g",
      "1558": "-",
      "1559": "n",
      "1560": "o",
      "1561": "n",
      "1562": "e",
      "1563": "\\",
      "1564": "\"",
      "1565": ">",
      "1566": "\\",
      "1567": "n",
      "1568": " ",
      "1569": " ",
      "1570": " ",
      "1571": " ",
      "1572": "<",
      "1573": "v",
      "1574": "-",
      "1575": "l",
      "1576": "a",
      "1577": "y",
      "1578": "o",
      "1579": "u",
      "1580": "t",
      "1581": ">",
      "1582": "\\",
      "1583": "n",
      "1584": " ",
      "1585": " ",
      "1586": " ",
      "1587": " ",
      "1588": " ",
      "1589": " ",
      "1590": "<",
      "1591": "!",
      "1592": "-",
      "1593": "-",
      "1594": " ",
      "1595": "<",
      "1596": "v",
      "1597": "-",
      "1598": "s",
      "1599": "y",
      "1600": "s",
      "1601": "t",
      "1602": "e",
      "1603": "m",
      "1604": "-",
      "1605": "b",
      "1606": "a",
      "1607": "r",
      "1608": " ",
      "1609": "c",
      "1610": "o",
      "1611": "l",
      "1612": "o",
      "1613": "r",
      "1614": "=",
      "1615": "\\",
      "1616": "\"",
      "1617": "d",
      "1618": "e",
      "1619": "e",
      "1620": "p",
      "1621": "-",
      "1622": "p",
      "1623": "u",
      "1624": "r",
      "1625": "p",
      "1626": "l",
      "1627": "e",
      "1628": " ",
      "1629": "d",
      "1630": "a",
      "1631": "r",
      "1632": "k",
      "1633": "e",
      "1634": "n",
      "1635": "-",
      "1636": "3",
      "1637": "\\",
      "1638": "\"",
      "1639": ">",
      "1640": "<",
      "1641": "/",
      "1642": "v",
      "1643": "-",
      "1644": "s",
      "1645": "y",
      "1646": "s",
      "1647": "t",
      "1648": "e",
      "1649": "m",
      "1650": "-",
      "1651": "b",
      "1652": "a",
      "1653": "r",
      "1654": ">",
      "1655": " ",
      "1656": "-",
      "1657": "-",
      "1658": ">",
      "1659": "\\",
      "1660": "n",
      "1661": "\\",
      "1662": "n",
      "1663": " ",
      "1664": " ",
      "1665": " ",
      "1666": " ",
      "1667": " ",
      "1668": " ",
      "1669": "<",
      "1670": "v",
      "1671": "-",
      "1672": "a",
      "1673": "p",
      "1674": "p",
      "1675": "-",
      "1676": "b",
      "1677": "a",
      "1678": "r",
      "1679": " ",
      "1680": "p",
      "1681": "r",
      "1682": "o",
      "1683": "m",
      "1684": "i",
      "1685": "n",
      "1686": "e",
      "1687": "n",
      "1688": "t",
      "1689": ">",
      "1690": "\\",
      "1691": "n",
      "1692": " ",
      "1693": " ",
      "1694": " ",
      "1695": " ",
      "1696": " ",
      "1697": " ",
      "1698": " ",
      "1699": " ",
      "1700": "<",
      "1701": "v",
      "1702": "-",
      "1703": "a",
      "1704": "p",
      "1705": "p",
      "1706": "-",
      "1707": "b",
      "1708": "a",
      "1709": "r",
      "1710": "-",
      "1711": "n",
      "1712": "a",
      "1713": "v",
      "1714": "-",
      "1715": "i",
      "1716": "c",
      "1717": "o",
      "1718": "n",
      "1719": "\\",
      "1720": "n",
      "1721": " ",
      "1722": " ",
      "1723": " ",
      "1724": " ",
      "1725": " ",
      "1726": " ",
      "1727": " ",
      "1728": " ",
      "1729": " ",
      "1730": " ",
      "1731": "v",
      "1732": "a",
      "1733": "r",
      "1734": "i",
      "1735": "a",
      "1736": "n",
      "1737": "t",
      "1738": "=",
      "1739": "\\",
      "1740": "\"",
      "1741": "t",
      "1742": "e",
      "1743": "x",
      "1744": "t",
      "1745": "\\",
      "1746": "\"",
      "1747": "\\",
      "1748": "n",
      "1749": " ",
      "1750": " ",
      "1751": " ",
      "1752": " ",
      "1753": " ",
      "1754": " ",
      "1755": " ",
      "1756": " ",
      "1757": " ",
      "1758": " ",
      "1759": "@",
      "1760": "c",
      "1761": "l",
      "1762": "i",
      "1763": "c",
      "1764": "k",
      "1765": ".",
      "1766": "s",
      "1767": "t",
      "1768": "o",
      "1769": "p",
      "1770": "=",
      "1771": "\\",
      "1772": "\"",
      "1773": "d",
      "1774": "r",
      "1775": "a",
      "1776": "w",
      "1777": "e",
      "1778": "r",
      "1779": " ",
      "1780": "=",
      "1781": " ",
      "1782": "!",
      "1783": "d",
      "1784": "r",
      "1785": "a",
      "1786": "w",
      "1787": "e",
      "1788": "r",
      "1789": "\\",
      "1790": "\"",
      "1791": "\\",
      "1792": "n",
      "1793": " ",
      "1794": " ",
      "1795": " ",
      "1796": " ",
      "1797": " ",
      "1798": " ",
      "1799": " ",
      "1800": " ",
      "1801": ">",
      "1802": "<",
      "1803": "/",
      "1804": "v",
      "1805": "-",
      "1806": "a",
      "1807": "p",
      "1808": "p",
      "1809": "-",
      "1810": "b",
      "1811": "a",
      "1812": "r",
      "1813": "-",
      "1814": "n",
      "1815": "a",
      "1816": "v",
      "1817": "-",
      "1818": "i",
      "1819": "c",
      "1820": "o",
      "1821": "n",
      "1822": ">",
      "1823": "\\",
      "1824": "n",
      "1825": "\\",
      "1826": "n",
      "1827": " ",
      "1828": " ",
      "1829": " ",
      "1830": " ",
      "1831": " ",
      "1832": " ",
      "1833": " ",
      "1834": " ",
      "1835": "<",
      "1836": "v",
      "1837": "-",
      "1838": "t",
      "1839": "o",
      "1840": "o",
      "1841": "l",
      "1842": "b",
      "1843": "a",
      "1844": "r",
      "1845": "-",
      "1846": "t",
      "1847": "i",
      "1848": "t",
      "1849": "l",
      "1850": "e",
      "1851": ">",
      "1852": "M",
      "1853": "y",
      "1854": " ",
      "1855": "f",
      "1856": "i",
      "1857": "l",
      "1858": "e",
      "1859": "s",
      "1860": "<",
      "1861": "/",
      "1862": "v",
      "1863": "-",
      "1864": "t",
      "1865": "o",
      "1866": "o",
      "1867": "l",
      "1868": "b",
      "1869": "a",
      "1870": "r",
      "1871": "-",
      "1872": "t",
      "1873": "i",
      "1874": "t",
      "1875": "l",
      "1876": "e",
      "1877": ">",
      "1878": "\\",
      "1879": "n",
      "1880": "\\",
      "1881": "n",
      "1882": " ",
      "1883": " ",
      "1884": " ",
      "1885": " ",
      "1886": " ",
      "1887": " ",
      "1888": " ",
      "1889": " ",
      "1890": "<",
      "1891": "v",
      "1892": "-",
      "1893": "s",
      "1894": "p",
      "1895": "a",
      "1896": "c",
      "1897": "e",
      "1898": "r",
      "1899": ">",
      "1900": "<",
      "1901": "/",
      "1902": "v",
      "1903": "-",
      "1904": "s",
      "1905": "p",
      "1906": "a",
      "1907": "c",
      "1908": "e",
      "1909": "r",
      "1910": ">",
      "1911": "\\",
      "1912": "n",
      "1913": "\\",
      "1914": "n",
      "1915": " ",
      "1916": " ",
      "1917": " ",
      "1918": " ",
      "1919": " ",
      "1920": " ",
      "1921": " ",
      "1922": " ",
      "1923": "<",
      "1924": "v",
      "1925": "-",
      "1926": "b",
      "1927": "t",
      "1928": "n",
      "1929": " ",
      "1930": "v",
      "1931": "a",
      "1932": "r",
      "1933": "i",
      "1934": "a",
      "1935": "n",
      "1936": "t",
      "1937": "=",
      "1938": "\\",
      "1939": "\"",
      "1940": "t",
      "1941": "e",
      "1942": "x",
      "1943": "t",
      "1944": "\\",
      "1945": "\"",
      "1946": " ",
      "1947": "i",
      "1948": "c",
      "1949": "o",
      "1950": "n",
      "1951": "=",
      "1952": "\\",
      "1953": "\"",
      "1954": "m",
      "1955": "d",
      "1956": "i",
      "1957": "-",
      "1958": "m",
      "1959": "a",
      "1960": "g",
      "1961": "n",
      "1962": "i",
      "1963": "f",
      "1964": "y",
      "1965": "\\",
      "1966": "\"",
      "1967": ">",
      "1968": "<",
      "1969": "/",
      "1970": "v",
      "1971": "-",
      "1972": "b",
      "1973": "t",
      "1974": "n",
      "1975": ">",
      "1976": "\\",
      "1977": "n",
      "1978": "\\",
      "1979": "n",
      "1980": " ",
      "1981": " ",
      "1982": " ",
      "1983": " ",
      "1984": " ",
      "1985": " ",
      "1986": " ",
      "1987": " ",
      "1988": "<",
      "1989": "v",
      "1990": "-",
      "1991": "b",
      "1992": "t",
      "1993": "n",
      "1994": " ",
      "1995": "v",
      "1996": "a",
      "1997": "r",
      "1998": "i",
      "1999": "a",
      "2000": "n",
      "2001": "t",
      "2002": "=",
      "2003": "\\",
      "2004": "\"",
      "2005": "t",
      "2006": "e",
      "2007": "x",
      "2008": "t",
      "2009": "\\",
      "2010": "\"",
      "2011": " ",
      "2012": "i",
      "2013": "c",
      "2014": "o",
      "2015": "n",
      "2016": "=",
      "2017": "\\",
      "2018": "\"",
      "2019": "m",
      "2020": "d",
      "2021": "i",
      "2022": "-",
      "2023": "f",
      "2024": "i",
      "2025": "l",
      "2026": "t",
      "2027": "e",
      "2028": "r",
      "2029": "\\",
      "2030": "\"",
      "2031": ">",
      "2032": "<",
      "2033": "/",
      "2034": "v",
      "2035": "-",
      "2036": "b",
      "2037": "t",
      "2038": "n",
      "2039": ">",
      "2040": "\\",
      "2041": "n",
      "2042": "\\",
      "2043": "n",
      "2044": " ",
      "2045": " ",
      "2046": " ",
      "2047": " ",
      "2048": " ",
      "2049": " ",
      "2050": " ",
      "2051": " ",
      "2052": "<",
      "2053": "v",
      "2054": "-",
      "2055": "b",
      "2056": "t",
      "2057": "n",
      "2058": " ",
      "2059": "v",
      "2060": "a",
      "2061": "r",
      "2062": "i",
      "2063": "a",
      "2064": "n",
      "2065": "t",
      "2066": "=",
      "2067": "\\",
      "2068": "\"",
      "2069": "t",
      "2070": "e",
      "2071": "x",
      "2072": "t",
      "2073": "\\",
      "2074": "\"",
      "2075": " ",
      "2076": "i",
      "2077": "c",
      "2078": "o",
      "2079": "n",
      "2080": "=",
      "2081": "\\",
      "2082": "\"",
      "2083": "m",
      "2084": "d",
      "2085": "i",
      "2086": "-",
      "2087": "d",
      "2088": "o",
      "2089": "t",
      "2090": "s",
      "2091": "-",
      "2092": "v",
      "2093": "e",
      "2094": "r",
      "2095": "t",
      "2096": "i",
      "2097": "c",
      "2098": "a",
      "2099": "l",
      "2100": "\\",
      "2101": "\"",
      "2102": ">",
      "2103": "<",
      "2104": "/",
      "2105": "v",
      "2106": "-",
      "2107": "b",
      "2108": "t",
      "2109": "n",
      "2110": ">",
      "2111": "\\",
      "2112": "n",
      "2113": " ",
      "2114": " ",
      "2115": " ",
      "2116": " ",
      "2117": " ",
      "2118": " ",
      "2119": "<",
      "2120": "/",
      "2121": "v",
      "2122": "-",
      "2123": "a",
      "2124": "p",
      "2125": "p",
      "2126": "-",
      "2127": "b",
      "2128": "a",
      "2129": "r",
      "2130": ">",
      "2131": "\\",
      "2132": "n",
      "2133": "\\",
      "2134": "n",
      "2135": " ",
      "2136": " ",
      "2137": " ",
      "2138": " ",
      "2139": " ",
      "2140": " ",
      "2141": "<",
      "2142": "v",
      "2143": "-",
      "2144": "n",
      "2145": "a",
      "2146": "v",
      "2147": "i",
      "2148": "g",
      "2149": "a",
      "2150": "t",
      "2151": "i",
      "2152": "o",
      "2153": "n",
      "2154": "-",
      "2155": "d",
      "2156": "r",
      "2157": "a",
      "2158": "w",
      "2159": "e",
      "2160": "r",
      "2161": " ",
      "2162": "v",
      "2163": "-",
      "2164": "m",
      "2165": "o",
      "2166": "d",
      "2167": "e",
      "2168": "l",
      "2169": "=",
      "2170": "\\",
      "2171": "\"",
      "2172": "d",
      "2173": "r",
      "2174": "a",
      "2175": "w",
      "2176": "e",
      "2177": "r",
      "2178": "\\",
      "2179": "\"",
      "2180": " ",
      "2181": "l",
      "2182": "o",
      "2183": "c",
      "2184": "a",
      "2185": "t",
      "2186": "i",
      "2187": "o",
      "2188": "n",
      "2189": "=",
      "2190": "\\",
      "2191": "\"",
      "2192": "b",
      "2193": "o",
      "2194": "t",
      "2195": "t",
      "2196": "o",
      "2197": "m",
      "2198": "\\",
      "2199": "\"",
      "2200": " ",
      "2201": "t",
      "2202": "e",
      "2203": "m",
      "2204": "p",
      "2205": "o",
      "2206": "r",
      "2207": "a",
      "2208": "r",
      "2209": "y",
      "2210": ">",
      "2211": "\\",
      "2212": "n",
      "2213": " ",
      "2214": " ",
      "2215": " ",
      "2216": " ",
      "2217": " ",
      "2218": " ",
      "2219": " ",
      "2220": " ",
      "2221": "<",
      "2222": "v",
      "2223": "-",
      "2224": "l",
      "2225": "i",
      "2226": "s",
      "2227": "t",
      "2228": " ",
      "2229": ":",
      "2230": "i",
      "2231": "t",
      "2232": "e",
      "2233": "m",
      "2234": "s",
      "2235": "=",
      "2236": "\\",
      "2237": "\"",
      "2238": "i",
      "2239": "t",
      "2240": "e",
      "2241": "m",
      "2242": "s",
      "2243": "\\",
      "2244": "\"",
      "2245": ">",
      "2246": "<",
      "2247": "/",
      "2248": "v",
      "2249": "-",
      "2250": "l",
      "2251": "i",
      "2252": "s",
      "2253": "t",
      "2254": ">",
      "2255": "\\",
      "2256": "n",
      "2257": " ",
      "2258": " ",
      "2259": " ",
      "2260": " ",
      "2261": " ",
      "2262": " ",
      "2263": "<",
      "2264": "/",
      "2265": "v",
      "2266": "-",
      "2267": "n",
      "2268": "a",
      "2269": "v",
      "2270": "i",
      "2271": "g",
      "2272": "a",
      "2273": "t",
      "2274": "i",
      "2275": "o",
      "2276": "n",
      "2277": "-",
      "2278": "d",
      "2279": "r",
      "2280": "a",
      "2281": "w",
      "2282": "e",
      "2283": "r",
      "2284": ">",
      "2285": "\\",
      "2286": "n",
      "2287": " ",
      "2288": " ",
      "2289": " ",
      "2290": " ",
      "2291": "<",
      "2292": "/",
      "2293": "v",
      "2294": "-",
      "2295": "l",
      "2296": "a",
      "2297": "y",
      "2298": "o",
      "2299": "u",
      "2300": "t",
      "2301": ">",
      "2302": "\\",
      "2303": "n",
      "2304": " ",
      "2305": " ",
      "2306": "<",
      "2307": "/",
      "2308": "v",
      "2309": "-",
      "2310": "c",
      "2311": "a",
      "2312": "r",
      "2313": "d",
      "2314": ">",
      "2315": "\\",
      "2316": "n",
      "2317": "\\",
      "2318": "n",
      "2319": " ",
      "2320": " ",
      "2321": "<",
      "2322": "n",
      "2323": "a",
      "2324": "v",
      "2325": " ",
      "2326": "c",
      "2327": "l",
      "2328": "a",
      "2329": "s",
      "2330": "s",
      "2331": "=",
      "2332": "\\",
      "2333": "\"",
      "2334": "d",
      "2335": "-",
      "2336": "n",
      "2337": "o",
      "2338": "n",
      "2339": "e",
      "2340": " ",
      "2341": "d",
      "2342": "-",
      "2343": "l",
      "2344": "g",
      "2345": "-",
      "2346": "b",
      "2347": "l",
      "2348": "o",
      "2349": "c",
      "2350": "k",
      "2351": "\\",
      "2352": "\"",
      "2353": " ",
      "2354": "s",
      "2355": "t",
      "2356": "y",
      "2357": "l",
      "2358": "e",
      "2359": "=",
      "2360": "\\",
      "2361": "\"",
      "2362": "b",
      "2363": "o",
      "2364": "x",
      "2365": "-",
      "2366": "s",
      "2367": "h",
      "2368": "a",
      "2369": "d",
      "2370": "o",
      "2371": "w",
      "2372": ":",
      "2373": " ",
      "2374": "0",
      "2375": "p",
      "2376": "x",
      "2377": " ",
      "2378": "0",
      "2379": "p",
      "2380": "x",
      "2381": " ",
      "2382": "2",
      "2383": "p",
      "2384": "x",
      "2385": " ",
      "2386": "1",
      "2387": "p",
      "2388": "x",
      "2389": " ",
      "2390": "#",
      "2391": "0",
      "2392": "0",
      "2393": "8",
      "2394": "0",
      "2395": "8",
      "2396": "0",
      "2397": "\\",
      "2398": "\"",
      "2399": ">",
      "2400": "\\",
      "2401": "n",
      "2402": " ",
      "2403": " ",
      "2404": " ",
      "2405": " ",
      "2406": "<",
      "2407": "d",
      "2408": "i",
      "2409": "v",
      "2410": " ",
      "2411": "c",
      "2412": "l",
      "2413": "a",
      "2414": "s",
      "2415": "s",
      "2416": "=",
      "2417": "\\",
      "2418": "\"",
      "2419": "n",
      "2420": "a",
      "2421": "v",
      "2422": "b",
      "2423": "a",
      "2424": "r",
      "2425": "-",
      "2426": "c",
      "2427": "o",
      "2428": "n",
      "2429": "t",
      "2430": "e",
      "2431": "n",
      "2432": "t",
      "2433": " ",
      "2434": "c",
      "2435": "o",
      "2436": "n",
      "2437": "t",
      "2438": "a",
      "2439": "i",
      "2440": "n",
      "2441": "e",
      "2442": "r",
      "2443": "\\",
      "2444": "\"",
      "2445": ">",
      "2446": "\\",
      "2447": "n",
      "2448": " ",
      "2449": " ",
      "2450": " ",
      "2451": " ",
      "2452": " ",
      "2453": " ",
      "2454": "<",
      "2455": "h",
      "2456": "3",
      "2457": " ",
      "2458": "@",
      "2459": "c",
      "2460": "l",
      "2461": "i",
      "2462": "c",
      "2463": "k",
      "2464": "=",
      "2465": "\\",
      "2466": "\"",
      "2467": "r",
      "2468": "e",
      "2469": "d",
      "2470": "i",
      "2471": "r",
      "2472": "e",
      "2473": "c",
      "2474": "t",
      "2475": "T",
      "2476": "o",
      "2477": "H",
      "2478": "o",
      "2479": "m",
      "2480": "e",
      "2481": "\\",
      "2482": "\"",
      "2483": " ",
      "2484": "c",
      "2485": "l",
      "2486": "a",
      "2487": "s",
      "2488": "s",
      "2489": "=",
      "2490": "\\",
      "2491": "\"",
      "2492": "p",
      "2493": "o",
      "2494": "i",
      "2495": "n",
      "2496": "t",
      "2497": "e",
      "2498": "r",
      "2499": "\\",
      "2500": "\"",
      "2501": ">",
      "2502": "U",
      "2503": "d",
      "2504": "e",
      "2505": "m",
      "2506": "y",
      "2507": " ",
      "2508": "C",
      "2509": "l",
      "2510": "o",
      "2511": "n",
      "2512": "e",
      "2513": "<",
      "2514": "/",
      "2515": "h",
      "2516": "3",
      "2517": ">",
      "2518": "\\",
      "2519": "n",
      "2520": " ",
      "2521": " ",
      "2522": " ",
      "2523": " ",
      "2524": " ",
      "2525": " ",
      "2526": "<",
      "2527": "u",
      "2528": "l",
      "2529": ">",
      "2530": "\\",
      "2531": "n",
      "2532": " ",
      "2533": " ",
      "2534": " ",
      "2535": " ",
      "2536": " ",
      "2537": " ",
      "2538": " ",
      "2539": " ",
      "2540": "<",
      "2541": "l",
      "2542": "i",
      "2543": ">",
      "2544": "\\",
      "2545": "n",
      "2546": " ",
      "2547": " ",
      "2548": " ",
      "2549": " ",
      "2550": " ",
      "2551": " ",
      "2552": " ",
      "2553": " ",
      "2554": " ",
      "2555": " ",
      "2556": "<",
      "2557": "s",
      "2558": "e",
      "2559": "a",
      "2560": "r",
      "2561": "c",
      "2562": "h",
      "2563": ">",
      "2564": "<",
      "2565": "/",
      "2566": "s",
      "2567": "e",
      "2568": "a",
      "2569": "r",
      "2570": "c",
      "2571": "h",
      "2572": ">",
      "2573": "\\",
      "2574": "n",
      "2575": " ",
      "2576": " ",
      "2577": " ",
      "2578": " ",
      "2579": " ",
      "2580": " ",
      "2581": " ",
      "2582": " ",
      "2583": "<",
      "2584": "/",
      "2585": "l",
      "2586": "i",
      "2587": ">",
      "2588": "\\",
      "2589": "n",
      "2590": "\\",
      "2591": "n",
      "2592": " ",
      "2593": " ",
      "2594": " ",
      "2595": " ",
      "2596": " ",
      "2597": " ",
      "2598": " ",
      "2599": " ",
      "2600": "<",
      "2601": "l",
      "2602": "i",
      "2603": " ",
      "2604": "v",
      "2605": "-",
      "2606": "i",
      "2607": "f",
      "2608": "=",
      "2609": "\\",
      "2610": "\"",
      "2611": "$",
      "2612": "s",
      "2613": "t",
      "2614": "o",
      "2615": "r",
      "2616": "e",
      "2617": ".",
      "2618": "s",
      "2619": "t",
      "2620": "a",
      "2621": "t",
      "2622": "e",
      "2623": ".",
      "2624": "u",
      "2625": "s",
      "2626": "e",
      "2627": "r",
      "2628": ".",
      "2629": "t",
      "2630": "y",
      "2631": "p",
      "2632": "e",
      "2633": " ",
      "2634": "=",
      "2635": "=",
      "2636": "=",
      "2637": " ",
      "2638": "'",
      "2639": "i",
      "2640": "n",
      "2641": "s",
      "2642": "t",
      "2643": "r",
      "2644": "u",
      "2645": "c",
      "2646": "t",
      "2647": "o",
      "2648": "r",
      "2649": "'",
      "2650": "\\",
      "2651": "\"",
      "2652": ">",
      "2653": "\\",
      "2654": "n",
      "2655": " ",
      "2656": " ",
      "2657": " ",
      "2658": " ",
      "2659": " ",
      "2660": " ",
      "2661": " ",
      "2662": " ",
      "2663": " ",
      "2664": " ",
      "2665": "<",
      "2666": "v",
      "2667": "-",
      "2668": "b",
      "2669": "t",
      "2670": "n",
      "2671": "\\",
      "2672": "n",
      "2673": " ",
      "2674": " ",
      "2675": " ",
      "2676": " ",
      "2677": " ",
      "2678": " ",
      "2679": " ",
      "2680": " ",
      "2681": " ",
      "2682": " ",
      "2683": " ",
      "2684": " ",
      "2685": "@",
      "2686": "c",
      "2687": "l",
      "2688": "i",
      "2689": "c",
      "2690": "k",
      "2691": "=",
      "2692": "\\",
      "2693": "\"",
      "2694": "r",
      "2695": "e",
      "2696": "d",
      "2697": "i",
      "2698": "r",
      "2699": "e",
      "2700": "c",
      "2701": "t",
      "2702": "T",
      "2703": "o",
      "2704": "A",
      "2705": "d",
      "2706": "d",
      "2707": "C",
      "2708": "o",
      "2709": "u",
      "2710": "r",
      "2711": "s",
      "2712": "e",
      "2713": "\\",
      "2714": "\"",
      "2715": "\\",
      "2716": "n",
      "2717": " ",
      "2718": " ",
      "2719": " ",
      "2720": " ",
      "2721": " ",
      "2722": " ",
      "2723": " ",
      "2724": " ",
      "2725": " ",
      "2726": " ",
      "2727": " ",
      "2728": " ",
      "2729": "c",
      "2730": "o",
      "2731": "l",
      "2732": "o",
      "2733": "r",
      "2734": "=",
      "2735": "\\",
      "2736": "\"",
      "2737": "p",
      "2738": "r",
      "2739": "i",
      "2740": "m",
      "2741": "a",
      "2742": "r",
      "2743": "y",
      "2744": "T",
      "2745": "h",
      "2746": "e",
      "2747": "m",
      "2748": "e",
      "2749": "\\",
      "2750": "\"",
      "2751": "\\",
      "2752": "n",
      "2753": " ",
      "2754": " ",
      "2755": " ",
      "2756": " ",
      "2757": " ",
      "2758": " ",
      "2759": " ",
      "2760": " ",
      "2761": " ",
      "2762": " ",
      "2763": " ",
      "2764": " ",
      "2765": "s",
      "2766": "t",
      "2767": "y",
      "2768": "l",
      "2769": "e",
      "2770": "=",
      "2771": "\\",
      "2772": "\"",
      "2773": "c",
      "2774": "o",
      "2775": "l",
      "2776": "o",
      "2777": "r",
      "2778": ":",
      "2779": " ",
      "2780": "w",
      "2781": "h",
      "2782": "i",
      "2783": "t",
      "2784": "e",
      "2785": "\\",
      "2786": "\"",
      "2787": "\\",
      "2788": "n",
      "2789": " ",
      "2790": " ",
      "2791": " ",
      "2792": " ",
      "2793": " ",
      "2794": " ",
      "2795": " ",
      "2796": " ",
      "2797": " ",
      "2798": " ",
      "2799": " ",
      "2800": " ",
      "2801": "i",
      "2802": "c",
      "2803": "o",
      "2804": "n",
      "2805": "=",
      "2806": "\\",
      "2807": "\"",
      "2808": "m",
      "2809": "d",
      "2810": "i",
      "2811": "-",
      "2812": "p",
      "2813": "l",
      "2814": "u",
      "2815": "s",
      "2816": "\\",
      "2817": "\"",
      "2818": "\\",
      "2819": "n",
      "2820": " ",
      "2821": " ",
      "2822": " ",
      "2823": " ",
      "2824": " ",
      "2825": " ",
      "2826": " ",
      "2827": " ",
      "2828": " ",
      "2829": " ",
      "2830": " ",
      "2831": " ",
      "2832": "s",
      "2833": "i",
      "2834": "z",
      "2835": "e",
      "2836": "=",
      "2837": "\\",
      "2838": "\"",
      "2839": "x",
      "2840": "-",
      "2841": "s",
      "2842": "m",
      "2843": "a",
      "2844": "l",
      "2845": "l",
      "2846": "\\",
      "2847": "\"",
      "2848": "\\",
      "2849": "n",
      "2850": " ",
      "2851": " ",
      "2852": " ",
      "2853": " ",
      "2854": " ",
      "2855": " ",
      "2856": " ",
      "2857": " ",
      "2858": " ",
      "2859": " ",
      "2860": ">",
      "2861": "<",
      "2862": "/",
      "2863": "v",
      "2864": "-",
      "2865": "b",
      "2866": "t",
      "2867": "n",
      "2868": ">",
      "2869": "\\",
      "2870": "n",
      "2871": " ",
      "2872": " ",
      "2873": " ",
      "2874": " ",
      "2875": " ",
      "2876": " ",
      "2877": " ",
      "2878": " ",
      "2879": "<",
      "2880": "/",
      "2881": "l",
      "2882": "i",
      "2883": ">",
      "2884": "\\",
      "2885": "n",
      "2886": " ",
      "2887": " ",
      "2888": " ",
      "2889": " ",
      "2890": " ",
      "2891": " ",
      "2892": " ",
      "2893": " ",
      "2894": "<",
      "2895": "l",
      "2896": "i",
      "2897": ">",
      "2898": "\\",
      "2899": "n",
      "2900": " ",
      "2901": " ",
      "2902": " ",
      "2903": " ",
      "2904": " ",
      "2905": " ",
      "2906": " ",
      "2907": " ",
      "2908": " ",
      "2909": " ",
      "2910": "<",
      "2911": "v",
      "2912": "-",
      "2913": "b",
      "2914": "t",
      "2915": "n",
      "2916": "\\",
      "2917": "n",
      "2918": " ",
      "2919": " ",
      "2920": " ",
      "2921": " ",
      "2922": " ",
      "2923": " ",
      "2924": " ",
      "2925": " ",
      "2926": " ",
      "2927": " ",
      "2928": " ",
      "2929": " ",
      "2930": "s",
      "2931": "t",
      "2932": "y",
      "2933": "l",
      "2934": "e",
      "2935": "=",
      "2936": "\\",
      "2937": "\"",
      "2938": "b",
      "2939": "a",
      "2940": "c",
      "2941": "k",
      "2942": "g",
      "2943": "r",
      "2944": "o",
      "2945": "u",
      "2946": "n",
      "2947": "d",
      "2948": "-",
      "2949": "c",
      "2950": "o",
      "2951": "l",
      "2952": "o",
      "2953": "r",
      "2954": ":",
      "2955": " ",
      "2956": "#",
      "2957": "0",
      "2958": "0",
      "2959": "8",
      "2960": "0",
      "2961": "8",
      "2962": "0",
      "2963": ";",
      "2964": " ",
      "2965": "c",
      "2966": "o",
      "2967": "l",
      "2968": "o",
      "2969": "r",
      "2970": ":",
      "2971": " ",
      "2972": "w",
      "2973": "h",
      "2974": "i",
      "2975": "t",
      "2976": "e",
      "2977": "\\",
      "2978": "\"",
      "2979": "\\",
      "2980": "n",
      "2981": " ",
      "2982": " ",
      "2983": " ",
      "2984": " ",
      "2985": " ",
      "2986": " ",
      "2987": " ",
      "2988": " ",
      "2989": " ",
      "2990": " ",
      "2991": " ",
      "2992": " ",
      "2993": "i",
      "2994": "c",
      "2995": "o",
      "2996": "n",
      "2997": "=",
      "2998": "\\",
      "2999": "\"",
      "3000": "m",
      "3001": "d",
      "3002": "i",
      "3003": "-",
      "3004": "s",
      "3005": "c",
      "3006": "h",
      "3007": "o",
      "3008": "o",
      "3009": "l",
      "3010": "\\",
      "3011": "\"",
      "3012": "\\",
      "3013": "n",
      "3014": " ",
      "3015": " ",
      "3016": " ",
      "3017": " ",
      "3018": " ",
      "3019": " ",
      "3020": " ",
      "3021": " ",
      "3022": " ",
      "3023": " ",
      "3024": " ",
      "3025": " ",
      "3026": "s",
      "3027": "i",
      "3028": "z",
      "3029": "e",
      "3030": "=",
      "3031": "\\",
      "3032": "\"",
      "3033": "x",
      "3034": "-",
      "3035": "s",
      "3036": "m",
      "3037": "a",
      "3038": "l",
      "3039": "l",
      "3040": "\\",
      "3041": "\"",
      "3042": "\\",
      "3043": "n",
      "3044": " ",
      "3045": " ",
      "3046": " ",
      "3047": " ",
      "3048": " ",
      "3049": "\\",
      "3050": "n",
      "3051": " ",
      "3052": " ",
      "3053": " ",
      "3054": " ",
      "3055": " ",
      "3056": " ",
      "3057": " ",
      "3058": " ",
      "3059": " ",
      "3060": " ",
      "3061": " ",
      "3062": " ",
      "3063": "v",
      "3064": "-",
      "3065": "b",
      "3066": "i",
      "3067": "n",
      "3068": "d",
      "3069": "=",
      "3070": "\\",
      "3071": "\"",
      "3072": "p",
      "3073": "r",
      "3074": "o",
      "3075": "p",
      "3076": "s",
      "3077": "\\",
      "3078": "\"",
      "3079": "\\",
      "3080": "n",
      "3081": " ",
      "3082": " ",
      "3083": " ",
      "3084": " ",
      "3085": " ",
      "3086": " ",
      "3087": " ",
      "3088": " ",
      "3089": " ",
      "3090": " ",
      "3091": " ",
      "3092": " ",
      "3093": "@",
      "3094": "c",
      "3095": "l",
      "3096": "i",
      "3097": "c",
      "3098": "k",
      "3099": "=",
      "3100": "\\",
      "3101": "\"",
      "3102": "r",
      "3103": "e",
      "3104": "d",
      "3105": "i",
      "3106": "r",
      "3107": "e",
      "3108": "c",
      "3109": "t",
      "3110": "T",
      "3111": "o",
      "3112": "A",
      "3113": "l",
      "3114": "l",
      "3115": "C",
      "3116": "o",
      "3117": "u",
      "3118": "r",
      "3119": "s",
      "3120": "e",
      "3121": "s",
      "3122": "\\",
      "3123": "\"",
      "3124": "\\",
      "3125": "n",
      "3126": " ",
      "3127": " ",
      "3128": " ",
      "3129": " ",
      "3130": " ",
      "3131": " ",
      "3132": " ",
      "3133": " ",
      "3134": " ",
      "3135": " ",
      "3136": ">",
      "3137": "<",
      "3138": "/",
      "3139": "v",
      "3140": "-",
      "3141": "b",
      "3142": "t",
      "3143": "n",
      "3144": ">",
      "3145": "\\",
      "3146": "n",
      "3147": " ",
      "3148": " ",
      "3149": " ",
      "3150": " ",
      "3151": " ",
      "3152": " ",
      "3153": " ",
      "3154": " ",
      "3155": "<",
      "3156": "/",
      "3157": "l",
      "3158": "i",
      "3159": ">",
      "3160": "\\",
      "3161": "n",
      "3162": "\\",
      "3163": "n",
      "3164": " ",
      "3165": " ",
      "3166": " ",
      "3167": " ",
      "3168": " ",
      "3169": " ",
      "3170": " ",
      "3171": " ",
      "3172": "<",
      "3173": "l",
      "3174": "i",
      "3175": ">",
      "3176": "\\",
      "3177": "n",
      "3178": " ",
      "3179": " ",
      "3180": " ",
      "3181": " ",
      "3182": " ",
      "3183": " ",
      "3184": " ",
      "3185": " ",
      "3186": " ",
      "3187": " ",
      "3188": "<",
      "3189": "v",
      "3190": "-",
      "3191": "m",
      "3192": "e",
      "3193": "n",
      "3194": "u",
      "3195": ">",
      "3196": "\\",
      "3197": "n",
      "3198": " ",
      "3199": " ",
      "3200": " ",
      "3201": " ",
      "3202": " ",
      "3203": " ",
      "3204": " ",
      "3205": " ",
      "3206": " ",
      "3207": " ",
      "3208": " ",
      "3209": " ",
      "3210": "<",
      "3211": "t",
      "3212": "e",
      "3213": "m",
      "3214": "p",
      "3215": "l",
      "3216": "a",
      "3217": "t",
      "3218": "e",
      "3219": " ",
      "3220": "v",
      "3221": "-",
      "3222": "s",
      "3223": "l",
      "3224": "o",
      "3225": "t",
      "3226": ":",
      "3227": "a",
      "3228": "c",
      "3229": "t",
      "3230": "i",
      "3231": "v",
      "3232": "a",
      "3233": "t",
      "3234": "o",
      "3235": "r",
      "3236": "=",
      "3237": "\\",
      "3238": "\"",
      "3239": "{",
      "3240": " ",
      "3241": "p",
      "3242": "r",
      "3243": "o",
      "3244": "p",
      "3245": "s",
      "3246": " ",
      "3247": "}",
      "3248": "\\",
      "3249": "\"",
      "3250": ">",
      "3251": "\\",
      "3252": "n",
      "3253": " ",
      "3254": " ",
      "3255": " ",
      "3256": " ",
      "3257": " ",
      "3258": " ",
      "3259": " ",
      "3260": " ",
      "3261": " ",
      "3262": " ",
      "3263": " ",
      "3264": " ",
      "3265": " ",
      "3266": " ",
      "3267": "<",
      "3268": "v",
      "3269": "-",
      "3270": "b",
      "3271": "t",
      "3272": "n",
      "3273": "\\",
      "3274": "n",
      "3275": " ",
      "3276": " ",
      "3277": " ",
      "3278": " ",
      "3279": " ",
      "3280": " ",
      "3281": " ",
      "3282": " ",
      "3283": " ",
      "3284": " ",
      "3285": " ",
      "3286": " ",
      "3287": " ",
      "3288": " ",
      "3289": " ",
      "3290": " ",
      "3291": "s",
      "3292": "t",
      "3293": "y",
      "3294": "l",
      "3295": "e",
      "3296": "=",
      "3297": "\\",
      "3298": "\"",
      "3299": "b",
      "3300": "a",
      "3301": "c",
      "3302": "k",
      "3303": "g",
      "3304": "r",
      "3305": "o",
      "3306": "u",
      "3307": "n",
      "3308": "d",
      "3309": "-",
      "3310": "c",
      "3311": "o",
      "3312": "l",
      "3313": "o",
      "3314": "r",
      "3315": ":",
      "3316": " ",
      "3317": "#",
      "3318": "0",
      "3319": "0",
      "3320": "8",
      "3321": "0",
      "3322": "8",
      "3323": "0",
      "3324": ";",
      "3325": " ",
      "3326": "c",
      "3327": "o",
      "3328": "l",
      "3329": "o",
      "3330": "r",
      "3331": ":",
      "3332": " ",
      "3333": "w",
      "3334": "h",
      "3335": "i",
      "3336": "t",
      "3337": "e",
      "3338": "\\",
      "3339": "\"",
      "3340": "\\",
      "3341": "n",
      "3342": " ",
      "3343": " ",
      "3344": " ",
      "3345": " ",
      "3346": " ",
      "3347": " ",
      "3348": " ",
      "3349": " ",
      "3350": " ",
      "3351": " ",
      "3352": " ",
      "3353": " ",
      "3354": " ",
      "3355": " ",
      "3356": " ",
      "3357": " ",
      "3358": "i",
      "3359": "c",
      "3360": "o",
      "3361": "n",
      "3362": "=",
      "3363": "\\",
      "3364": "\"",
      "3365": "m",
      "3366": "d",
      "3367": "i",
      "3368": "-",
      "3369": "a",
      "3370": "c",
      "3371": "c",
      "3372": "o",
      "3373": "u",
      "3374": "n",
      "3375": "t",
      "3376": "\\",
      "3377": "\"",
      "3378": "\\",
      "3379": "n",
      "3380": " ",
      "3381": " ",
      "3382": " ",
      "3383": " ",
      "3384": " ",
      "3385": " ",
      "3386": " ",
      "3387": " ",
      "3388": " ",
      "3389": " ",
      "3390": " ",
      "3391": " ",
      "3392": " ",
      "3393": " ",
      "3394": " ",
      "3395": " ",
      "3396": "s",
      "3397": "i",
      "3398": "z",
      "3399": "e",
      "3400": "=",
      "3401": "\\",
      "3402": "\"",
      "3403": "x",
      "3404": "-",
      "3405": "s",
      "3406": "m",
      "3407": "a",
      "3408": "l",
      "3409": "l",
      "3410": "\\",
      "3411": "\"",
      "3412": "\\",
      "3413": "n",
      "3414": " ",
      "3415": " ",
      "3416": " ",
      "3417": " ",
      "3418": " ",
      "3419": " ",
      "3420": " ",
      "3421": " ",
      "3422": " ",
      "3423": " ",
      "3424": " ",
      "3425": " ",
      "3426": " ",
      "3427": " ",
      "3428": " ",
      "3429": " ",
      "3430": "v",
      "3431": "-",
      "3432": "b",
      "3433": "i",
      "3434": "n",
      "3435": "d",
      "3436": "=",
      "3437": "\\",
      "3438": "\"",
      "3439": "p",
      "3440": "r",
      "3441": "o",
      "3442": "p",
      "3443": "s",
      "3444": "\\",
      "3445": "\"",
      "3446": "\\",
      "3447": "n",
      "3448": " ",
      "3449": " ",
      "3450": " ",
      "3451": " ",
      "3452": " ",
      "3453": " ",
      "3454": " ",
      "3455": " ",
      "3456": " ",
      "3457": " ",
      "3458": " ",
      "3459": " ",
      "3460": " ",
      "3461": " ",
      "3462": ">",
      "3463": "<",
      "3464": "/",
      "3465": "v",
      "3466": "-",
      "3467": "b",
      "3468": "t",
      "3469": "n",
      "3470": ">",
      "3471": "\\",
      "3472": "n",
      "3473": " ",
      "3474": " ",
      "3475": " ",
      "3476": " ",
      "3477": " ",
      "3478": " ",
      "3479": " ",
      "3480": " ",
      "3481": " ",
      "3482": " ",
      "3483": " ",
      "3484": " ",
      "3485": "<",
      "3486": "/",
      "3487": "t",
      "3488": "e",
[...]
      "4190": "i",
      "4191": "o",
      "4192": "n",
      "4193": ":",
      "4194": " ",
      "4195": "r",
      "4196": "o",
      "4197": "w",
      "4198": " ",
      "4199": "!",
      "4200": "i",
      "4201": "m",
      "4202": "p",
      "4203": "o",
      "4204": "r",
      "4205": "t",
      "4206": "a",
      "4207": "n",
      "4208": "t",
      "4209": ";",
      "4210": "\\",
      "4211": "n",
      "4212": " ",
      "4213": " ",
      "4214": "j",
      "4215": "u",
      "4216": "s",
      "4217": "t",
      "4218": "i",
      "4219": "f",
      "4220": "y",
      "4221": "-",
      "4222": "c",
      "4223": "o",
      "4224": "n",
      "4225": "t",
      "4226": "e",
      "4227": "n",
      "4228": "t",
      "4229": ":",
      "4230": " ",
      "4231": "c",
      "4232": "e",
      "4233": "n",
      "4234": "t",
      "4235": "e",
      "4236": "r",
      "4237": ";",
      "4238": "\\",
      "4239": "n",
      "4240": " ",
      "4241": " ",
      "4242": "a",
      "4243": "l",
      "4244": "i",
      "4245": "g",
      "4246": "n",
      "4247": "-",
      "4248": "i",
      "4249": "t",
      "4250": "e",
      "4251": "m",
      "4252": "s",
      "4253": ":",
      "4254": " ",
      "4255": "c",
      "4256": "e",
      "4257": "n",
      "4258": "t",
      "4259": "e",
      "4260": "r",
      "4261": ";",
      "4262": "\\",
      "4263": "n",
      "4264": " ",
      "4265": " ",
      "4266": "h",
      "4267": "e",
      "4268": "i",
      "4269": "g",
      "4270": "h",
      "4271": "t",
      "4272": ":",
      "4273": " ",
      "4274": "1",
      "4275": "0",
      "4276": "0",
      "4277": "%",
      "4278": ";",
      "4279": "\\",
      "4280": "n",
      "4281": " ",
      "4282": " ",
      "4283": "m",
      "4284": "a",
      "4285": "r",
      "4286": "g",
      "4287": "i",
      "4288": "n",
      "4289": "-",
      "4290": "t",
      "4291": "o",
      "4292": "p",
      "4293": ":",
      "4294": " ",
      "4295": "2",
      "4296": "p",
      "4297": "x",
      "4298": ";",
      "4299": "\\",
      "4300": "n",
      "4301": "}",
      "4302": "\\",
      "4303": "n",
      "4304": "i",
      "4305": "n",
      "4306": "p",
      "4307": "u",
      "4308": "t",
      "4309": " ",
      "4310": "{",
      "4311": "\\",
      "4312": "n",
      "4313": " ",
      "4314": " ",
      "4315": "w",
      "4316": "i",
      "4317": "d",
      "4318": "t",
      "4319": "h",
      "4320": ":",
      "4321": " ",
      "4322": "4",
      "4323": "0",
      "4324": "0",
      "4325": "p",
      "4326": "x",
      "4327": ";",
      "4328": "\\",
      "4329": "n",
      "4330": " ",
      "4331": " ",
      "4332": "b",
      "4333": "a",
      "4334": "c",
      "4335": "k",
      "4336": "g",
      "4337": "r",
      "4338": "o",
      "4339": "u",
      "4340": "n",
      "4341": "d",
      "4342": ":",
      "4343": " ",
      "4344": "w",
      "4345": "h",
      "4346": "i",
      "4347": "t",
      "4348": "e",
      "4349": ";",
      "4350": "\\",
      "4351": "n",
      "4352": " ",
      "4353": " ",
      "4354": "m",
      "4355": "i",
      "4356": "n",
      "4357": "-",
      "4358": "h",
      "4359": "e",
      "4360": "i",
      "4361": "g",
      "4362": "h",
      "4363": "t",
      "4364": ":",
      "4365": " ",
      "4366": "3",
      "4367": "0",
      "4368": "p",
      "4369": "x",
      "4370": ";",
      "4371": "\\",
      "4372": "n",
      "4373": " ",
      "4374": " ",
      "4375": "b",
      "4376": "o",
      "4377": "r",
      "4378": "d",
      "4379": "e",
      "4380": "r",
      "4381": ":",
      "4382": " ",
      "4383": "1",
      "4384": "p",
      "4385": "x",
      "4386": " ",
      "4387": "s",
      "4388": "o",
      "4389": "l",
      "4390": "i",
      "4391": "d",
      "4392": " ",
      "4393": "#",
      "4394": "0",
      "4395": "0",
      "4396": "8",
      "4397": "0",
      "4398": "8",
      "4399": "0",
      "4400": ";",
      "4401": "\\",
      "4402": "n",
      "4403": " ",
      "4404": " ",
      "4405": "p",
      "4406": "a",
      "4407": "d",
      "4408": "d",
      "4409": "i",
      "4410": "n",
      "4411": "g",
      "4412": "-",
      "4413": "l",
      "4414": "e",
      "4415": "f",
      "4416": "t",
      "4417": ":",
      "4418": " ",
      "4419": "1",
      "4420": "0",
      "4421": "p",
      "4422": "x",
      "4423": ";",
      "4424": "\\",
      "4425": "n",
      "4426": " ",
      "4427": " ",
      "4428": "p",
      "4429": "a",
      "4430": "d",
      "4431": "d",
      "4432": "i",
      "4433": "n",
      "4434": "g",
      "4435": "-",
      "4436": "r",
      "4437": "i",
      "4438": "g",
      "4439": "h",
      "4440": "t",
      "4441": ":",
      "4442": " ",
      "4443": "1",
      "4444": "0",
      "4445": "p",
      "4446": "x",
      "4447": ";",
      "4448": "\\",
      "4449": "n",
      "4450": " ",
      "4451": " ",
      "4452": "b",
      "4453": "o",
      "4454": "r",
      "4455": "d",
      "4456": "e",
      "4457": "r",
      "4458": "-",
      "4459": "t",
      "4460": "o",
      "4461": "p",
      "4462": "-",
      "4463": "l",
      "4464": "e",
      "4465": "f",
      "4466": "t",
      "4467": "-",
      "4468": "r",
      "4469": "a",
      "4470": "d",
      "4471": "i",
      "4472": "u",
      "4473": "s",
      "4474": ":",
      "4475": " ",
      "4476": "1",
      "4477": "0",
      "4478": "p",
      "4479": "x",
      "4480": ";",
      "4481": "\\",
      "4482": "n",
      "4483": " ",
      "4484": " ",
      "4485": "b",
      "4486": "o",
      "4487": "r",
      "4488": "d",
      "4489": "e",
      "4490": "r",
      "4491": "-",
      "4492": "b",
      "4493": "o",
      "4494": "t",
      "4495": "t",
      "4496": "o",
      "4497": "m",
      "4498": "-",
      "4499": "l",
      "4500": "e",
      "4501": "f",
      "4502": "t",
      "4503": "-",
      "4504": "r",
      "4505": "a",
      "4506": "d",
      "4507": "i",
      "4508": "u",
      "4509": "s",
      "4510": ":",
      "4511": " ",
      "4512": "1",
      "4513": "0",
      "4514": "p",
      "4515": "x",
      "4516": ";",
      "4517": "\\",
      "4518": "n",
      "4519": "}",
      "4520": "\\",
      "4521": "n",
      "4522": "i",
      "4523": "n",
      "4524": "p",
      "4525": "u",
      "4526": "t",
      "4527": ":",
      "4528": "f",
      "4529": "o",
      "4530": "c",
      "4531": "u",
      "4532": "s",
      "4533": " ",
      "4534": "{",
      "4535": "\\",
      "4536": "n",
      "4537": " ",
      "4538": " ",
      "4539": "o",
      "4540": "u",
      "4541": "t",
      "4542": "l",
      "4543": "i",
      "4544": "n",
      "4545": "e",
      "4546": ":",
      "4547": " ",
      "4548": "n",
      "4549": "o",
      "4550": "n",
      "4551": "e",
      "4552": ";",
      "4553": "\\",
      "4554": "n",
      "4555": " ",
      "4556": " ",
      "4557": "b",
      "4558": "o",
      "4559": "r",
      "4560": "d",
      "4561": "e",
      "4562": "r",
      "4563": "-",
      "4564": "w",
      "4565": "i",
      "4566": "d",
      "4567": "t",
      "4568": "h",
      "4569": ":",
      "4570": " ",
      "4571": "2",
      "4572": "p",
      "4573": "x",
      "4574": ";",
      "4575": "\\",
      "4576": "n",
      "4577": "}",
      "4578": "\\",
      "4579": "n",
      "4580": ".",
      "4581": "s",
      "4582": "e",
      "4583": "a",
      "4584": "r",
      "4585": "c",
      "4586": "h",
      "4587": "-",
      "4588": "b",
      "4589": "t",
      "4590": "n",
      "4591": " ",
      "4592": "{",
      "4593": "\\",
      "4594": "n",
      "4595": " ",
      "4596": " ",
      "4597": "b",
      "4598": "a",
      "4599": "c",
      "4600": "k",
      "4601": "g",
      "4602": "r",
      "4603": "o",
      "4604": "u",
      "4605": "n",
      "4606": "d",
      "4607": ":",
      "4608": " ",
      "4609": "#",
      "4610": "0",
      "4611": "0",
      "4612": "8",
      "4613": "0",
      "4614": "8",
      "4615": "0",
      "4616": ";",
      "4617": "\\",
      "4618": "n",
      "4619": " ",
      "4620": " ",
      "4621": "m",
      "4622": "i",
      "4623": "n",
      "4624": "-",
      "4625": "h",
      "4626": "e",
      "4627": "i",
      "4628": "g",
      "4629": "h",
      "4630": "t",
      "4631": ":",
      "4632": " ",
      "4633": "3",
      "4634": "0",
      "4635": "p",
      "4636": "x",
      "4637": ";",
      "4638": "\\",
      "4639": "n",
      "4640": " ",
      "4641": " ",
      "4642": "p",
      "4643": "a",
      "4644": "d",
      "4645": "d",
      "4646": "i",
      "4647": "n",
      "4648": "g",
      "4649": "-",
      "4650": "l",
      "4651": "e",
      "4652": "f",
      "4653": "t",
      "4654": ":",
      "4655": " ",
      "4656": "3",
      "4657": "p",
      "4658": "x",
      "4659": ";",
      "4660": "\\",
      "4661": "n",
      "4662": " ",
      "4663": " ",
      "4664": "p",
      "4665": "a",
      "4666": "d",
      "4667": "d",
      "4668": "i",
      "4669": "n",
      "4670": "g",
      "4671": "-",
      "4672": "r",
      "4673": "i",
      "4674": "g",
      "4675": "h",
      "4676": "t",
      "4677": ":",
      "4678": " ",
      "4679": "3",
      "4680": "p",
      "4681": "x",
      "4682": ";",
      "4683": "\\",
      "4684": "n",
      "4685": " ",
      "4686": " ",
      "4687": "b",
      "4688": "o",
      "4689": "r",
      "4690": "d",
      "4691": "e",
      "4692": "r",
      "4693": "-",
      "4694": "t",
      "4695": "o",
      "4696": "p",
      "4697": "-",
      "4698": "r",
      "4699": "i",
      "4700": "g",
      "4701": "h",
      "4702": "t",
      "4703": "-",
      "4704": "r",
      "4705": "a",
      "4706": "d",
      "4707": "i",
      "4708": "u",
      "4709": "s",
      "4710": ":",
      "4711": " ",
      "4712": "1",
      "4713": "0",
      "4714": "p",
      "4715": "x",
      "4716": ";",
      "4717": "\\",
      "4718": "n",
      "4719": " ",
      "4720": " ",
      "4721": "b",
      "4722": "o",
      "4723": "r",
      "4724": "d",
      "4725": "e",
      "4726": "r",
      "4727": "-",
      "4728": "b",
      "4729": "o",
      "4730": "t",
      "4731": "t",
      "4732": "o",
      "4733": "m",
      "4734": "-",
      "4735": "r",
      "4736": "i",
      "4737": "g",
      "4738": "h",
      "4739": "t",
      "4740": "-",
      "4741": "r",
      "4742": "a",
      "4743": "d",
      "4744": "i",
      "4745": "u",
      "4746": "s",
      "4747": ":",
      "4748": " ",
      "4749": "1",
      "4750": "0",
      "4751": "p",
      "4752": "x",
      "4753": ";",
      "4754": "\\",
      "4755": "n",
      "4756": "}",
      "4757": "\\",
      "4758": "n",
      "4759": ".",
      "4760": "s",
      "4761": "e",
      "4762": "a",
      "4763": "r",
      "4764": "c",
      "4765": "h",
      "4766": "-",
      "4767": "i",
      "4768": "c",
      "4769": "o",
      "4770": "n",
      "4771": " ",
      "4772": "{",
      "4773": "\\",
      "4774": "n",
      "4775": " ",
      "4776": " ",
      "4777": "c",
      "4778": "o",
      "4779": "l",
      "4780": "o",
      "4781": "r",
      "4782": ":",
      "4783": " ",
      "4784": "w",
      "4785": "h",
      "4786": "i",
      "4787": "t",
      "4788": "e",
      "4789": ";",
      "4790": "\\",
      "4791": "n",
      "4792": "}",
      "4793": "\\",
      "4794": "n",
      "4795": ".",
      "4796": "s",
      "4797": "e",
      "4798": "a",
      "4799": "r",
      "4800": "c",
      "4801": "h",
      "4802": "-",
      "4803": "r",
      "4804": "e",
      "4805": "s",
      "4806": "u",
      "4807": "l",
      "4808": "t",
      "4809": "s",
      "4810": " ",
      "4811": "{",
      "4812": "\\",
      "4813": "n",
      "4814": " ",
      "4815": " ",
      "4816": "w",
      "4817": "i",
      "4818": "d",
      "4819": "t",
      "4820": "h",
      "4821": ":",
      "4822": " ",
      "4823": "4",
      "4824": "0",
      "4825": "0",
      "4826": "p",
      "4827": "x",
      "4828": ";",
      "4829": "\\",
      "4830": "n",
      "4831": " ",
      "4832": " ",
      "4833": "p",
      "4834": "o",
      "4835": "s",
      "4836": "i",
      "4837": "t",
      "4838": "i",
      "4839": "o",
      "4840": "n",
      "4841": ":",
      "4842": " ",
      "4843": "a",
      "4844": "b",
      "4845": "s",
      "4846": "o",
      "4847": "l",
      "4848": "u",
      "4849": "t",
      "4850": "e",
      "4851": ";",
      "4852": "\\",
      "4853": "n",
      "4854": " ",
      "4855": " ",
      "4856": "z",
      "4857": "-",
      "4858": "i",
      "4859": "n",
      "4860": "d",
      "4861": "e",
      "4862": "x",
      "4863": ":",
      "4864": " ",
      "4865": "9",
      "4866": "9",
      "4867": "9",
      "4868": ";",
      "4869": "\\",
      "4870": "n",
      "4871": " ",
      "4872": " ",
      "4873": "b",
      "4874": "o",
      "4875": "r",
      "4876": "d",
      "4877": "e",
      "4878": "r",
      "4879": "-",
      "4880": "b",
      "4881": "o",
      "4882": "t",
      "4883": "t",
      "4884": "o",
      "4885": "m",
      "4886": "-",
      "4887": "l",
      "4888": "e",
      "4889": "f",
      "4890": "t",
      "4891": "-",
      "4892": "r",
      "4893": "a",
      "4894": "d",
      "4895": "i",
      "4896": "u",
      "4897": "s",
      "4898": ":",
      "4899": " ",
      "4900": "1",
      "4901": "0",
      "4902": "p",
      "4903": "x",
      "4904": ";",
      "4905": "\\",
      "4906": "n",
      "4907": " ",
      "4908": " ",
      "4909": "b",
      "4910": "o",
      "4911": "r",
      "4912": "d",
      "4913": "e",
      "4914": "r",
      "4915": "-",
      "4916": "b",
      "4917": "o",
      "4918": "t",
      "4919": "t",
      "4920": "o",
      "4921": "m",
      "4922": "-",
      "4923": "r",
      "4924": "i",
      "4925": "g",
      "4926": "h",
      "4927": "t",
      "4928": "-",
      "4929": "r",
      "4930": "a",
      "4931": "d",
      "4932": "i",
      "4933": "u",
      "4934": "s",
      "4935": ":",
      "4936": " ",
      "4937": "1",
      "4938": "0",
      "4939": "p",
      "4940": "x",
      "4941": ";",
      "4942": "\\",
      "4943": "n",
      "4944": "}",
      "4945": "\\",
      "4946": "n",
      "4947": "\\",
      "4948": "n",
      "4949": ".",
      "4950": "s",
      "4951": "o",
      "4952": "l",
      "4953": "o",
      "4954": "-",
      "4955": "s",
      "4956": "e",
      "4957": "a",
      "4958": "r",
      "4959": "c",
      "4960": "h",
      "4961": " ",
      "4962": "{",
      "4963": "\\",
      "4964": "n",
      "4965": " ",
      "4966": " ",
      "4967": "d",
      "4968": "i",
      "4969": "s",
      "4970": "p",
      "4971": "l",
      "4972": "a",
      "4973": "y",
      "4974": ":",
      "4975": " ",
      "4976": "f",
      "4977": "l",
      "4978": "e",
      "4979": "x",
      "4980": ";",
      "4981": "\\",
      "4982": "n",
      "4983": " ",
      "4984": " ",
      "4985": "w",
      "4986": "i",
      "4987": "d",
      "4988": "t",
      "4989": "h",
      "4990": ":",
      "4991": " ",
      "4992": "1",
      "4993": "0",
      "4994": "0",
      "4995": "%",
      "4996": ";",
      "4997": "\\",
      "4998": "n",
      "4999": " ",
      "5000": " ",
      "5001": "p",
      "5002": "a",
      "5003": "d",
      "5004": "d",
      "5005": "i",
      "5006": "n",
      "5007": "g",
      "5008": ":",
      "5009": " ",
      "5010": "1",
      "5011": "0",
      "5012": "p",
      "5013": "x",
      "5014": ";",
      "5015": "\\",
      "5016": "n",
      "5017": " ",
      "5018": " ",
      "5019": "j",
      "5020": "u",
      "5021": "s",
      "5022": "t",
      "5023": "i",
      "5024": "f",
      "5025": "y",
      "5026": "-",
      "5027": "c",
      "5028": "o",
      "5029": "n",
      "5030": "t",
      "5031": "e",
      "5032": "n",
      "5033": "t",
      "5034": ":",
      "5035": " ",
      "5036": "c",
      "5037": "e",
      "5038": "n",
      "5039": "t",
      "5040": "e",
      "5041": "r",
      "5042": ";",
      "5043": "\\",
      "5044": "n",
      "5045": " ",
      "5046": " ",
      "5047": "a",
      "5048": "l",
      "5049": "i",
      "5050": "g",
      "5051": "n",
      "5052": "-",
      "5053": "i",
      "5054": "t",
      "5055": "e",
      "5056": "m",
      "5057": "s",
      "5058": ":",
      "5059": " ",
      "5060": "c",
      "5061": "e",
      "5062": "n",
      "5063": "t",
      "5064": "e",
      "5065": "r",
      "5066": ";",
      "5067": "\\",
      "5068": "n",
      "5069": " ",
      "5070": " ",
      "5071": "b",
      "5072": "o",
      "5073": "r",
      "5074": "d",
      "5075": "e",
      "5076": "r",
      "5077": "-",
      "5078": "b",
      "5079": "o",
      "5080": "t",
      "5081": "t",
      "5082": "o",
      "5083": "m",
      "5084": ":",
      "5085": " ",
      "5086": "1",
      "5087": "p",
      "5088": "x",
      "5089": " ",
      "5090": "s",
      "5091": "o",
      "5092": "l",
      "5093": "i",
      "5094": "d",
      "5095": " ",
      "5096": "g",
      "5097": "r",
      "5098": "a",
      "5099": "y",
      "5100": ";",
      "5101": "\\",
      "5102": "n",
      "5103": "}",
      "5104": "\\",
      "5105": "n",
      "5106": ".",
      "5107": "s",
      "5108": "o",
      "5109": "l",
      "5110": "o",
      "5111": "-",
      "5112": "s",
      "5113": "e",
      "5114": "a",
      "5115": "r",
      "5116": "c",
      "5117": "h",
      "5118": ":",
      "5119": "l",
      "5120": "a",
      "5121": "s",
      "5122": "t",
      "5123": "-",
      "5124": "c",
      "5125": "h",
      "5126": "i",
      "5127": "l",
      "5128": "d",
      "5129": " ",
      "5130": "{",
      "5131": "\\",
      "5132": "n",
      "5133": " ",
      "5134": " ",
      "5135": "b",
      "5136": "o",
      "5137": "r",
      "5138": "d",
      "5139": "e",
      "5140": "r",
      "5141": "-",
      "5142": "b",
      "5143": "o",
      "5144": "t",
      "5145": "t",
      "5146": "o",
      "5147": "m",
      "5148": ":",
      "5149": " ",
      "5150": "n",
      "5151": "o",
      "5152": "n",
      "5153": "e",
      "5154": ";",
      "5155": "\\",
      "5156": "n",
      "5157": "}",
      "5158": "\\",
      "5159": "n",
      "5160": ".",
      "5161": "s",
      "5162": "o",
      "5163": "l",
      "5164": "o",
      "5165": "-",
      "5166": "s",
      "5167": "e",
      "5168": "a",
      "5169": "r",
      "5170": "c",
      "5171": "h",
      "5172": " ",
      "5173": "p",
      "5174": " ",
      "5175": "{",
      "5176": "\\",
      "5177": "n",
      "5178": " ",
      "5179": " ",
      "5180": "w",
      "5181": "i",
      "5182": "d",
      "5183": "t",
      "5184": "h",
      "5185": ":",
      "5186": " ",
      "5187": "1",
      "5188": "0",
      "5189": "0",
      "5190": "0",
      "5191": "%",
      "5192": ";",
      "5193": "\\",
      "5194": "n",
      "5195": " ",
      "5196": " ",
      "5197": "m",
      "5198": "a",
      "5199": "r",
      "5200": "g",
      "5201": "i",
      "5202": "n",
      "5203": "-",
      "5204": "l",
      "5205": "e",
      "5206": "f",
      "5207": "t",
      "5208": ":",
      "5209": " ",
      "5210": "5",
      "5211": "p",
      "5212": "x",
      "5213": ";",
      "5214": "\\",
      "5215": "n",
      "5216": "}",
      "5217": "\\",
      "5218": "n",
      "5219": "<",
      "5220": "/",
      "5221": "s",
      "5222": "t",
      "5223": "y",
      "5224": "l",
      "5225": "e",
      "5226": ">",
      "5227": "\\",
      "5228": "n",
      "5229": "\"",
      "5230": "]",
      "5231": "}"
    },
    "_coverageSchema": "1a1c01bbd47fc00a2c39e90264f33305004495a9",
    "hash": "0c5824e9dda896de10b99d31ae1d15b3f31276d4"
  }
}
