TN:
SF:src/assets/no-data.svg
FNF:0
FNH:0
DA:1,4
LF:1
LH:1
BRF:0
BRH:0
end_of_record
TN:
SF:src/assets/uc.png
FNF:0
FNH:0
DA:1,1
LF:1
LH:1
BRF:0
BRH:0
end_of_record
TN:
SF:src/components/Common/Footer.vue
FN:9,(anonymous_0)
FN:22,render
FN:31,(anonymous_2)
FN:34,(anonymous_3)
FN:38,(anonymous_4)
FN:38,(anonymous_5)
FN:46,(anonymous_6)
FN:54,(anonymous_7)
FNF:8
FNH:8
FNDA:1,(anonymous_0)
FNDA:1,render
FNDA:1,(anonymous_2)
FNDA:1,(anonymous_3)
FNDA:1,(anonymous_4)
FNDA:6,(anonymous_5)
FNDA:6,(anonymous_6)
FNDA:1,(anonymous_7)
DA:4,1
DA:7,1
DA:8,1
DA:9,1
DA:13,1
DA:15,1
DA:18,1
DA:19,1
DA:20,1
DA:23,1
DA:24,1
DA:25,1
DA:26,1
DA:27,1
DA:28,1
DA:31,1
DA:34,1
DA:38,1
DA:39,6
DA:46,6
DA:54,1
DA:66,1
LF:22
LH:22
BRF:0
BRH:0
end_of_record
TN:
SF:src/components/Common/Iterable.vue
FN:99,render
FN:112,(anonymous_1)
FN:119,(anonymous_2)
FN:125,(anonymous_3)
FN:127,(anonymous_4)
FN:134,(anonymous_5)
FN:136,(anonymous_6)
FN:143,(anonymous_7)
FN:145,(anonymous_8)
FN:152,(anonymous_9)
FN:154,(anonymous_10)
FN:158,(anonymous_11)
FN:164,(anonymous_12)
FN:171,(anonymous_13)
FN:171,(anonymous_14)
FN:180,(anonymous_15)
FN:192,(anonymous_16)
FN:197,(anonymous_17)
FN:199,(anonymous_18)
FNF:19
FNH:12
FNDA:4,render
FNDA:0,(anonymous_1)
FNDA:0,(anonymous_2)
FNDA:0,(anonymous_3)
FNDA:1,(anonymous_4)
FNDA:0,(anonymous_5)
FNDA:1,(anonymous_6)
FNDA:0,(anonymous_7)
FNDA:1,(anonymous_8)
FNDA:0,(anonymous_9)
FNDA:1,(anonymous_10)
FNDA:4,(anonymous_11)
FNDA:4,(anonymous_12)
FNDA:1,(anonymous_13)
FNDA:1,(anonymous_14)
FNDA:1,(anonymous_15)
FNDA:4,(anonymous_16)
FNDA:0,(anonymous_17)
FNDA:4,(anonymous_18)
DA:4,4
DA:5,4
DA:8,4
DA:83,4
DA:85,4
DA:88,4
DA:89,4
DA:90,4
DA:93,4
DA:96,4
DA:100,4
DA:101,4
DA:102,4
DA:103,4
DA:104,4
DA:105,4
DA:106,4
DA:112,0
DA:119,0
DA:125,0
DA:127,1
DA:134,0
DA:136,1
DA:143,0
DA:145,1
DA:152,0
DA:154,1
DA:159,4
DA:164,4
DA:171,1
DA:172,1
DA:180,1
DA:193,4
DA:197,0
DA:199,4
DA:204,4
LF:36
LH:29
BRDA:106,0,0,3
BRDA:106,0,1,1
BRDA:112,1,0,3
BRDA:112,1,1,2
BRDA:113,2,0,3
BRDA:113,2,1,1
BRDA:119,3,0,3
BRDA:119,3,1,2
BRDA:120,4,0,1
BRDA:120,4,1,3
BRDA:125,5,0,1
BRDA:125,5,1,1
BRDA:129,6,0,1
BRDA:129,6,1,3
BRDA:134,7,0,1
BRDA:134,7,1,1
BRDA:138,8,0,1
BRDA:138,8,1,3
BRDA:143,9,0,1
BRDA:143,9,1,1
BRDA:147,10,0,1
BRDA:147,10,1,3
BRDA:152,11,0,1
BRDA:152,11,1,1
BRDA:156,12,0,3
BRDA:156,12,1,1
BRDA:170,13,0,1
BRDA:170,13,1,3
BRDA:180,14,0,1
BRDA:180,14,1,0
BRF:30
BRH:29
end_of_record
TN:
SF:src/components/Course/CourseCard.vue
FN:11,(anonymous_0)
FN:14,(anonymous_1)
FN:19,(anonymous_2)
FN:22,(anonymous_3)
FN:25,(anonymous_4)
FN:27,(anonymous_5)
FN:31,(anonymous_6)
FN:42,render
FN:58,(anonymous_8)
FN:63,(anonymous_9)
FN:66,(anonymous_10)
FN:77,(anonymous_11)
FN:93,(anonymous_12)
FN:101,(anonymous_13)
FN:109,(anonymous_14)
FN:115,(anonymous_15)
FN:123,(anonymous_16)
FN:127,(anonymous_17)
FN:131,(anonymous_18)
FN:132,(anonymous_19)
FNF:20
FNH:15
FNDA:2,(anonymous_0)
FNDA:2,(anonymous_1)
FNDA:1,(anonymous_2)
FNDA:0,(anonymous_3)
FNDA:2,(anonymous_4)
FNDA:0,(anonymous_5)
FNDA:2,(anonymous_6)
FNDA:2,render
FNDA:2,(anonymous_8)
FNDA:2,(anonymous_9)
FNDA:0,(anonymous_10)
FNDA:2,(anonymous_11)
FNDA:2,(anonymous_12)
FNDA:2,(anonymous_13)
FNDA:2,(anonymous_14)
FNDA:2,(anonymous_15)
FNDA:0,(anonymous_16)
FNDA:0,(anonymous_17)
FNDA:2,(anonymous_18)
FNDA:2,(anonymous_19)
DA:4,7
DA:7,7
DA:8,7
DA:9,7
DA:12,2
DA:14,2
DA:20,1
DA:23,0
DA:26,2
DA:27,0
DA:28,2
DA:32,2
DA:35,7
DA:37,7
DA:40,7
DA:41,7
DA:43,2
DA:44,2
DA:45,2
DA:46,2
DA:47,2
DA:48,2
DA:49,2
DA:50,2
DA:51,2
DA:52,2
DA:53,2
DA:54,2
DA:55,2
DA:58,2
DA:63,2
DA:69,0
DA:70,0
DA:77,2
DA:93,2
DA:101,2
DA:109,2
DA:115,2
DA:123,0
DA:127,0
DA:131,2
DA:132,2
DA:141,7
LF:43
LH:37
BRDA:26,0,0,0
BRDA:26,0,1,2
BRDA:109,1,0,2
BRDA:109,1,1,0
BRDA:117,2,0,0
BRDA:117,2,1,2
BRDA:126,3,0,0
BRDA:126,3,1,2
BRDA:127,4,0,2
BRDA:127,4,1,2
BRF:10
BRH:6
end_of_record
TN:
SF:src/components/Course/QuestionAnswer.vue
FN:134,render
FN:144,(anonymous_1)
FN:146,(anonymous_2)
FN:149,(anonymous_3)
FN:158,(anonymous_4)
FN:162,(anonymous_5)
FN:168,(anonymous_6)
FN:174,(anonymous_7)
FN:176,(anonymous_8)
FN:184,(anonymous_9)
FN:189,(anonymous_10)
FN:192,(anonymous_11)
FN:194,(anonymous_12)
FN:200,(anonymous_13)
FN:202,(anonymous_14)
FNF:15
FNH:7
FNDA:4,render
FNDA:2,(anonymous_1)
FNDA:4,(anonymous_2)
FNDA:0,(anonymous_3)
FNDA:0,(anonymous_4)
FNDA:0,(anonymous_5)
FNDA:0,(anonymous_6)
FNDA:0,(anonymous_7)
FNDA:0,(anonymous_8)
FNDA:0,(anonymous_9)
FNDA:4,(anonymous_10)
FNDA:2,(anonymous_11)
FNDA:4,(anonymous_12)
FNDA:0,(anonymous_13)
FNDA:4,(anonymous_14)
DA:4,5
DA:5,5
DA:8,5
DA:113,5
DA:115,5
DA:118,5
DA:119,5
DA:120,5
DA:123,5
DA:126,5
DA:130,5
DA:135,4
DA:136,4
DA:137,4
DA:138,4
DA:139,4
DA:140,4
DA:141,4
DA:142,4
DA:144,2
DA:146,4
DA:150,0
DA:158,0
DA:162,0
DA:174,0
DA:176,0
DA:184,0
DA:189,4
DA:192,2
DA:194,4
DA:200,0
DA:202,4
DA:207,5
LF:33
LH:26
BRDA:144,0,0,4
BRDA:144,0,1,2
BRDA:149,1,0,1
BRDA:149,1,1,3
BRDA:166,2,0,0
BRDA:166,2,1,4
BRDA:168,3,0,0
BRDA:168,3,1,0
BRDA:176,4,0,0
BRDA:176,4,1,0
BRDA:192,5,0,4
BRDA:192,5,1,2
BRDA:194,6,0,3
BRDA:194,6,1,1
BRDA:194,7,0,1
BRDA:194,7,1,3
BRDA:196,8,0,4
BRDA:196,8,1,0
BRDA:200,9,0,4
BRDA:200,9,1,2
BRF:20
BRH:14
end_of_record
TN:
SF:src/components/Course/QuestionAnswerForm.vue
FN:11,(anonymous_0)
FN:18,(anonymous_1)
FN:56,render
FN:64,(anonymous_3)
FN:67,(anonymous_4)
FN:72,(anonymous_5)
FN:80,(anonymous_6)
FNF:7
FNH:5
FNDA:1,(anonymous_0)
FNDA:1,(anonymous_1)
FNDA:1,render
FNDA:1,(anonymous_3)
FNDA:0,(anonymous_4)
FNDA:0,(anonymous_5)
FNDA:1,(anonymous_6)
DA:4,1
DA:7,1
DA:8,1
DA:12,1
DA:19,1
DA:20,1
DA:25,1
DA:26,1
DA:27,1
DA:32,0
DA:33,0
DA:38,0
DA:47,1
DA:49,1
DA:52,1
DA:53,1
DA:54,1
DA:57,1
DA:58,1
DA:59,1
DA:60,1
DA:61,1
DA:64,1
DA:67,0
DA:72,0
DA:80,1
DA:86,1
LF:27
LH:22
BRDA:32,0,0,0
BRDA:32,0,1,0
BRDA:32,1,0,0
BRDA:32,1,1,0
BRDA:67,2,0,1
BRDA:67,2,1,1
BRDA:72,3,0,1
BRDA:72,3,1,1
BRF:8
BRH:4
end_of_record
TN:
SF:src/components/Course/Reviews.vue
FN:118,render
FN:136,(anonymous_1)
FN:146,(anonymous_2)
FN:146,(anonymous_3)
FN:150,(anonymous_4)
FN:154,(anonymous_5)
FN:156,(anonymous_6)
FN:171,(anonymous_7)
FN:173,(anonymous_8)
FN:182,(anonymous_9)
FN:190,(anonymous_10)
FN:196,(anonymous_11)
FNF:12
FNH:8
FNDA:3,render
FNDA:3,(anonymous_1)
FNDA:3,(anonymous_2)
FNDA:15,(anonymous_3)
FNDA:0,(anonymous_4)
FNDA:0,(anonymous_5)
FNDA:15,(anonymous_6)
FNDA:3,(anonymous_7)
FNDA:0,(anonymous_8)
FNDA:0,(anonymous_9)
FNDA:3,(anonymous_10)
FNDA:9,(anonymous_11)
DA:4,1
DA:5,1
DA:8,1
DA:82,1
DA:84,1
DA:87,1
DA:88,1
DA:89,1
DA:92,1
DA:95,1
DA:98,1
DA:101,1
DA:104,1
DA:107,1
DA:110,1
DA:113,1
DA:116,1
DA:119,3
DA:120,3
DA:121,3
DA:122,3
DA:123,3
DA:124,3
DA:125,3
DA:126,3
DA:127,3
DA:128,3
DA:129,3
DA:130,3
DA:136,3
DA:146,3
DA:147,15
DA:150,0
DA:154,0
DA:156,15
DA:171,3
DA:173,0
DA:182,0
DA:190,3
DA:197,9
DA:206,1
LF:41
LH:37
BRDA:136,0,0,3
BRDA:136,0,1,0
BRDA:173,1,0,3
BRDA:173,1,1,3
BRDA:182,2,0,3
BRDA:182,2,1,3
BRF:6
BRH:5
end_of_record
TN:
SF:src/components/Graphs/Bar.vue
FN:87,render
FNF:1
FNH:1
FNDA:1,render
DA:4,2
DA:7,2
DA:80,2
DA:82,2
DA:85,2
DA:86,2
DA:88,1
DA:89,1
DA:93,2
LF:9
LH:9
BRF:0
BRH:0
end_of_record
TN:
SF:src/components/Graphs/LineGraph.vue
FN:86,render
FNF:1
FNH:1
FNDA:1,render
DA:4,6
DA:7,6
DA:79,6
DA:81,6
DA:84,6
DA:85,6
DA:87,1
DA:88,1
DA:92,6
LF:9
LH:9
BRF:0
BRH:0
end_of_record
TN:
SF:src/components/Graphs/Pie.vue
FN:84,render
FNF:1
FNH:1
FNDA:1,render
DA:4,4
DA:7,4
DA:77,4
DA:79,4
DA:82,4
DA:83,4
DA:85,1
DA:86,1
DA:90,4
LF:9
LH:9
BRF:0
BRH:0
end_of_record
TN:
SF:src/components/Navbar/AdminNavbar.vue
FN:10,(anonymous_0)
FN:17,(anonymous_1)
FN:20,(anonymous_2)
FN:34,render
FN:42,(anonymous_4)
FN:44,(anonymous_5)
FN:52,(anonymous_6)
FN:59,(anonymous_7)
FN:63,(anonymous_8)
FN:68,(anonymous_9)
FN:73,(anonymous_10)
FN:76,(anonymous_11)
FN:81,(anonymous_12)
FN:86,(anonymous_13)
FN:91,(anonymous_14)
FNF:15
FNH:8
FNDA:1,(anonymous_0)
FNDA:2,(anonymous_1)
FNDA:0,(anonymous_2)
FNDA:1,render
FNDA:1,(anonymous_4)
FNDA:0,(anonymous_5)
FNDA:1,(anonymous_6)
FNDA:1,(anonymous_7)
FNDA:0,(anonymous_8)
FNDA:1,(anonymous_9)
FNDA:1,(anonymous_10)
FNDA:0,(anonymous_11)
FNDA:0,(anonymous_12)
FNDA:0,(anonymous_13)
FNDA:0,(anonymous_14)
DA:4,2
DA:7,2
DA:8,2
DA:9,2
DA:11,1
DA:18,2
DA:21,0
DA:22,0
DA:23,0
DA:27,2
DA:29,2
DA:32,2
DA:33,2
DA:35,1
DA:36,1
DA:37,1
DA:38,1
DA:39,1
DA:40,1
DA:41,1
DA:42,1
DA:44,0
DA:52,1
DA:59,1
DA:63,0
DA:68,1
DA:73,1
DA:76,0
DA:81,0
DA:86,0
DA:91,0
DA:102,2
LF:32
LH:23
BRDA:44,0,0,1
BRDA:44,0,1,1
BRDA:63,1,0,1
BRDA:63,1,1,1
BRDA:68,2,0,1
BRDA:68,2,1,1
BRDA:73,3,0,1
BRDA:73,3,1,1
BRDA:76,4,0,1
BRDA:76,4,1,1
BRDA:81,5,0,1
BRDA:81,5,1,1
BRDA:86,6,0,1
BRDA:86,6,1,1
BRDA:91,7,0,1
BRDA:91,7,1,1
BRF:16
BRH:16
end_of_record
TN:
SF:src/components/Navbar/Navbar.vue
FN:116,render
FN:127,(anonymous_1)
FN:137,(anonymous_2)
FN:139,(anonymous_3)
FN:142,(anonymous_4)
FN:152,(anonymous_5)
FN:154,(anonymous_6)
FN:157,(anonymous_7)
FN:165,(anonymous_8)
FN:183,(anonymous_9)
FN:200,(anonymous_10)
FN:214,(anonymous_11)
FN:215,(anonymous_12)
FN:218,(anonymous_13)
FN:221,(anonymous_14)
FN:226,(anonymous_15)
FN:227,(anonymous_16)
FN:229,(anonymous_17)
FNF:18
FNH:3
FNDA:1,render
FNDA:0,(anonymous_1)
FNDA:0,(anonymous_2)
FNDA:1,(anonymous_3)
FNDA:0,(anonymous_4)
FNDA:0,(anonymous_5)
FNDA:1,(anonymous_6)
FNDA:0,(anonymous_7)
FNDA:0,(anonymous_8)
FNDA:0,(anonymous_9)
FNDA:0,(anonymous_10)
FNDA:0,(anonymous_11)
FNDA:0,(anonymous_12)
FNDA:0,(anonymous_13)
FNDA:0,(anonymous_14)
FNDA:0,(anonymous_15)
FNDA:0,(anonymous_16)
FNDA:0,(anonymous_17)
DA:4,8
DA:5,8
DA:8,8
DA:9,8
DA:79,8
DA:81,8
DA:84,8
DA:85,8
DA:86,8
DA:92,8
DA:95,8
DA:96,8
DA:99,8
DA:102,8
DA:105,8
DA:108,8
DA:114,8
DA:117,1
DA:118,1
DA:119,1
DA:120,1
DA:121,1
DA:122,1
DA:123,1
DA:124,1
DA:125,1
DA:126,1
DA:128,0
DA:137,0
DA:139,1
DA:142,0
DA:152,0
DA:154,1
DA:157,0
DA:168,0
DA:169,0
DA:186,0
DA:187,0
DA:203,0
DA:204,0
DA:214,0
DA:215,0
DA:218,0
DA:222,0
DA:226,0
DA:227,0
DA:229,0
DA:242,8
LF:48
LH:30
BRDA:127,0,0,1
BRDA:127,0,1,1
BRDA:128,1,0,0
BRDA:128,1,1,0
BRDA:135,2,0,1
BRDA:135,2,1,0
BRDA:137,3,0,1
BRDA:137,3,1,1
BRDA:142,4,0,1
BRDA:142,4,1,1
BRDA:152,5,0,1
BRDA:152,5,1,1
BRDA:157,6,0,1
BRDA:157,6,1,1
BRDA:162,7,0,0
BRDA:162,7,1,0
BRDA:162,8,0,0
BRDA:162,8,1,0
BRF:18
BRH:11
end_of_record
TN:
SF:src/components/Video/VideoPlayer.vue
FN:102,render
FN:109,(anonymous_1)
FN:114,(anonymous_2)
FNF:3
FNH:0
FNDA:0,render
FNDA:0,(anonymous_1)
FNDA:0,(anonymous_2)
DA:4,1
DA:5,1
DA:8,1
DA:94,1
DA:96,1
DA:99,1
DA:100,1
DA:101,1
DA:103,0
DA:110,0
DA:115,0
DA:124,1
LF:12
LH:9
BRDA:109,0,0,0
BRDA:109,0,1,0
BRDA:110,1,0,0
BRDA:110,1,1,0
BRDA:114,2,0,0
BRDA:114,2,1,0
BRDA:115,3,0,0
BRDA:115,3,1,0
BRF:8
BRH:0
end_of_record
TN:
SF:src/globals/globals.js
FNF:0
FNH:0
DA:1,26
LF:1
LH:1
BRF:0
BRH:0
end_of_record
TN:
SF:src/store/modules/common/actions.js
FN:9,(anonymous_0)
FN:21,(anonymous_1)
FN:29,(anonymous_2)
FNF:3
FNH:2
FNDA:1,(anonymous_0)
FNDA:1,(anonymous_1)
FNDA:0,(anonymous_2)
DA:10,1
DA:11,1
DA:14,1
DA:16,1
DA:18,0
DA:22,1
DA:23,1
DA:24,1
DA:26,0
DA:30,0
DA:31,0
DA:32,0
DA:33,0
DA:34,0
DA:42,0
DA:43,0
DA:44,0
DA:46,0
LF:18
LH:7
BRF:0
BRH:0
end_of_record
TN:
SF:src/store/modules/common/index.js
FN:7,(anonymous_0)
FNF:1
FNH:1
FNDA:2,(anonymous_0)
DA:8,2
LF:1
LH:1
BRF:0
BRH:0
end_of_record
TN:
SF:src/store/modules/common/mutations.js
FN:2,(anonymous_0)
FN:5,(anonymous_1)
FNF:2
FNH:2
FNDA:1,(anonymous_0)
FNDA:1,(anonymous_1)
DA:3,1
DA:6,1
DA:7,1
LF:3
LH:3
BRF:0
BRH:0
end_of_record
TN:
SF:src/store/modules/instructor/actions.js
FN:11,(anonymous_0)
FN:30,(anonymous_1)
FN:54,(anonymous_2)
FN:78,(anonymous_3)
FN:102,(anonymous_4)
FN:128,(anonymous_5)
FN:152,(anonymous_6)
FN:183,(anonymous_7)
FN:211,(anonymous_8)
FN:224,(anonymous_9)
FN:237,(anonymous_10)
FN:248,(anonymous_11)
FNF:12
FNH:12
FNDA:1,(anonymous_0)
FNDA:1,(anonymous_1)
FNDA:1,(anonymous_2)
FNDA:1,(anonymous_3)
FNDA:1,(anonymous_4)
FNDA:1,(anonymous_5)
FNDA:1,(anonymous_6)
FNDA:1,(anonymous_7)
FNDA:1,(anonymous_8)
FNDA:1,(anonymous_9)
FNDA:1,(anonymous_10)
FNDA:1,(anonymous_11)
DA:12,1
DA:13,1
DA:19,1
DA:21,0
DA:31,1
DA:32,1
DA:37,1
DA:58,1
DA:59,1
DA:67,1
DA:79,1
DA:80,1
DA:81,1
DA:82,1
DA:83,1
DA:84,1
DA:90,1
DA:92,0
DA:103,1
DA:104,1
DA:105,1
DA:106,1
DA:116,1
DA:118,0
DA:129,1
DA:130,1
DA:131,1
DA:132,1
DA:133,1
DA:134,1
DA:139,1
DA:140,1
DA:142,0
DA:153,1
DA:154,1
DA:155,1
DA:156,1
DA:157,1
DA:159,1
DA:160,1
DA:165,1
DA:166,1
DA:167,1
DA:168,1
DA:170,1
DA:172,0
DA:184,1
DA:185,1
DA:186,1
DA:198,1
DA:200,0
DA:212,1
DA:213,1
DA:216,1
DA:217,1
DA:219,0
DA:220,0
DA:225,1
DA:226,1
DA:227,1
DA:228,1
DA:234,1
DA:238,1
DA:245,1
DA:249,1
DA:255,1
LF:66
LH:58
BRF:0
BRH:0
end_of_record
TN:
SF:src/store/modules/instructor/index.js
FN:7,(anonymous_0)
FNF:1
FNH:0
FNDA:0,(anonymous_0)
DA:8,0
LF:1
LH:0
BRF:0
BRH:0
end_of_record
TN:
SF:src/store/modules/instructor/mutations.js
FN:2,(anonymous_0)
FN:5,(anonymous_1)
FN:8,(anonymous_2)
FN:11,(anonymous_3)
FN:14,(anonymous_4)
FN:17,(anonymous_5)
FN:20,(anonymous_6)
FN:23,(anonymous_7)
FN:26,(anonymous_8)
FN:29,(anonymous_9)
FNF:10
FNH:10
FNDA:1,(anonymous_0)
FNDA:1,(anonymous_1)
FNDA:1,(anonymous_2)
FNDA:1,(anonymous_3)
FNDA:1,(anonymous_4)
FNDA:2,(anonymous_5)
FNDA:1,(anonymous_6)
FNDA:1,(anonymous_7)
FNDA:1,(anonymous_8)
FNDA:1,(anonymous_9)
DA:3,1
DA:6,1
DA:9,1
DA:12,1
DA:15,1
DA:18,2
DA:21,1
DA:24,1
DA:27,1
DA:30,1
DA:31,1
LF:11
LH:11
BRF:0
BRH:0
end_of_record
TN:
SF:src/store/modules/student/actions.js
FN:4,(anonymous_0)
FN:15,(anonymous_1)
FN:38,(anonymous_2)
FN:49,(anonymous_3)
FN:63,(anonymous_4)
FN:78,(anonymous_5)
FN:93,(anonymous_6)
FNF:7
FNH:5
FNDA:1,(anonymous_0)
FNDA:1,(anonymous_1)
FNDA:1,(anonymous_2)
FNDA:1,(anonymous_3)
FNDA:1,(anonymous_4)
FNDA:0,(anonymous_5)
FNDA:0,(anonymous_6)
DA:5,1
DA:6,1
DA:7,1
DA:10,1
DA:12,0
DA:16,1
DA:17,1
DA:18,1
DA:19,1
DA:20,1
DA:25,1
DA:27,0
DA:39,1
DA:40,1
DA:43,1
DA:45,0
DA:46,0
DA:50,1
DA:51,1
DA:60,0
DA:64,1
DA:65,1
DA:71,1
DA:72,1
DA:79,0
DA:80,0
DA:81,0
DA:94,0
DA:95,0
DA:101,0
DA:102,0
DA:104,0
DA:105,0
LF:33
LH:19
BRF:0
BRH:0
end_of_record
TN:
SF:src/store/modules/student/index.js
FN:7,(anonymous_0)
FNF:1
FNH:0
FNDA:0,(anonymous_0)
DA:8,0
LF:1
LH:0
BRF:0
BRH:0
end_of_record
TN:
SF:src/store/modules/student/mutations.js
FN:2,(anonymous_0)
FN:10,(anonymous_1)
FN:20,(anonymous_2)
FN:24,(anonymous_3)
FNF:4
FNH:3
FNDA:1,(anonymous_0)
FNDA:1,(anonymous_1)
FNDA:2,(anonymous_2)
FNDA:0,(anonymous_3)
DA:3,1
DA:11,1
DA:21,2
DA:25,0
LF:4
LH:3
BRF:0
BRH:0
end_of_record
TN:
SF:src/store/modules/user/actions.js
FN:4,(anonymous_0)
FN:29,(anonymous_1)
FN:59,(anonymous_2)
FNF:3
FNH:3
FNDA:1,(anonymous_0)
FNDA:1,(anonymous_1)
FNDA:1,(anonymous_2)
DA:5,1
DA:6,1
DA:12,1
DA:13,1
DA:14,1
DA:15,1
DA:16,1
DA:18,1
DA:20,0
DA:30,1
DA:31,1
DA:32,1
DA:35,1
DA:36,1
DA:37,1
DA:38,0
DA:39,0
DA:41,1
DA:42,1
DA:43,1
DA:44,1
DA:45,1
DA:46,1
DA:47,1
DA:48,1
DA:50,0
DA:60,1
DA:61,1
DA:62,1
DA:67,1
DA:68,1
DA:69,1
DA:70,1
DA:71,1
DA:72,1
DA:73,1
DA:74,1
DA:75,1
DA:76,1
DA:78,1
DA:79,1
DA:80,0
DA:81,0
DA:82,0
DA:84,1
DA:86,0
DA:87,0
LF:47
LH:38
BRDA:36,0,0,1
BRDA:36,0,1,0
BRDA:38,1,0,0
BRDA:38,1,1,0
BRDA:79,2,0,0
BRDA:79,2,1,1
BRF:6
BRH:2
end_of_record
TN:
SF:src/store/modules/user/getters.js
FNF:0
FNH:0
LF:0
LH:0
BRF:0
BRH:0
end_of_record
TN:
SF:src/store/modules/user/index.js
FN:7,(anonymous_0)
FNF:1
FNH:1
FNDA:3,(anonymous_0)
DA:8,3
LF:1
LH:1
BRDA:10,0,0,3
BRDA:10,0,1,2
BRDA:11,1,0,3
BRDA:11,1,1,2
BRDA:12,2,0,3
BRDA:12,2,1,2
BRDA:13,3,0,3
BRDA:13,3,1,2
BRF:8
BRH:8
end_of_record
TN:
SF:src/store/modules/user/mutations.js
FN:2,(anonymous_0)
FN:7,(anonymous_1)
FN:10,(anonymous_2)
FN:13,(anonymous_3)
FN:17,(anonymous_4)
FN:20,(anonymous_5)
FNF:6
FNH:5
FNDA:3,(anonymous_0)
FNDA:3,(anonymous_1)
FNDA:3,(anonymous_2)
FNDA:3,(anonymous_3)
FNDA:3,(anonymous_4)
FNDA:0,(anonymous_5)
DA:3,3
DA:4,3
DA:5,3
DA:8,3
DA:11,3
DA:14,3
DA:15,3
DA:18,3
DA:21,0
DA:22,0
DA:23,0
DA:24,0
DA:25,0
LF:13
LH:8
BRF:0
BRH:0
end_of_record
TN:
SF:src/ui/AdminHomeCard.vue
FN:28,render
FN:41,(anonymous_1)
FN:45,(anonymous_2)
FN:46,(anonymous_3)
FN:54,(anonymous_4)
FN:56,(anonymous_5)
FN:64,(anonymous_6)
FNF:7
FNH:6
FNDA:1,render
FNDA:1,(anonymous_1)
FNDA:1,(anonymous_2)
FNDA:1,(anonymous_3)
FNDA:1,(anonymous_4)
FNDA:0,(anonymous_5)
FNDA:1,(anonymous_6)
DA:4,4
DA:7,4
DA:8,4
DA:11,4
DA:13,4
DA:16,4
DA:17,4
DA:18,4
DA:19,4
DA:22,4
DA:25,4
DA:29,1
DA:30,1
DA:31,1
DA:32,1
DA:33,1
DA:34,1
DA:41,1
DA:45,1
DA:46,1
DA:54,1
DA:56,0
DA:64,1
DA:75,4
LF:24
LH:23
BRDA:54,0,0,1
BRDA:54,0,1,0
BRDA:56,1,0,1
BRDA:56,1,1,1
BRF:4
BRH:3
end_of_record
TN:
SF:src/ui/Alert.vue
FN:9,(anonymous_0)
FN:25,render
FN:30,(anonymous_2)
FN:38,(anonymous_3)
FN:43,(anonymous_4)
FN:46,(anonymous_5)
FNF:6
FNH:4
FNDA:1,(anonymous_0)
FNDA:1,render
FNDA:0,(anonymous_2)
FNDA:1,(anonymous_3)
FNDA:0,(anonymous_4)
FNDA:1,(anonymous_5)
DA:4,2
DA:7,2
DA:8,2
DA:9,1
DA:14,2
DA:16,2
DA:19,2
DA:20,2
DA:21,2
DA:26,1
DA:27,1
DA:28,1
DA:30,0
DA:38,1
DA:43,0
DA:46,1
DA:49,2
LF:17
LH:15
BRDA:30,0,0,1
BRDA:30,0,1,1
BRDA:41,1,0,1
BRDA:41,1,1,0
BRDA:41,2,0,1
BRDA:41,2,1,0
BRDA:43,3,0,1
BRDA:43,3,1,1
BRF:8
BRH:6
end_of_record
TN:
SF:src/ui/CarouselText.vue
FN:27,render
FNF:1
FNH:1
FNDA:1,render
DA:4,2
DA:7,2
DA:8,2
DA:11,2
DA:13,2
DA:16,2
DA:17,2
DA:18,2
DA:21,2
DA:24,2
DA:28,1
DA:29,2
LF:12
LH:12
BRF:0
BRH:0
end_of_record
TN:
SF:src/ui/Loader.vue
FN:10,(anonymous_0)
FN:27,render
FNF:2
FNH:2
FNDA:1,(anonymous_0)
FNDA:1,render
DA:4,2
DA:7,2
DA:8,2
DA:11,1
DA:14,2
DA:16,2
DA:19,2
DA:20,2
DA:21,2
DA:24,2
DA:28,1
DA:29,1
DA:35,2
LF:13
LH:13
BRF:0
BRH:0
end_of_record
TN:
SF:src/ui/ReviewCard.vue
FN:85,render
FNF:1
FNH:1
FNDA:1,render
DA:4,2
DA:5,2
DA:8,2
DA:50,2
DA:52,2
DA:55,2
DA:56,2
DA:57,2
DA:60,2
DA:67,2
DA:70,2
DA:74,2
DA:77,2
DA:82,2
DA:86,1
DA:87,1
DA:88,1
DA:100,2
LF:18
LH:18
BRF:0
BRH:0
end_of_record
TN:
SF:src/ui/Search.vue
FN:79,render
FN:85,(anonymous_1)
FN:91,(anonymous_2)
FN:92,(anonymous_3)
FN:95,(anonymous_4)
FN:101,(anonymous_5)
FN:110,(anonymous_6)
FN:110,(anonymous_7)
FNF:8
FNH:4
FNDA:2,render
FNDA:0,(anonymous_1)
FNDA:1,(anonymous_2)
FNDA:1,(anonymous_3)
FNDA:0,(anonymous_4)
FNDA:2,(anonymous_5)
FNDA:0,(anonymous_6)
FNDA:0,(anonymous_7)
DA:4,9
DA:5,9
DA:8,9
DA:9,9
DA:69,9
DA:71,9
DA:74,9
DA:75,9
DA:76,9
DA:80,2
DA:81,2
DA:82,2
DA:83,2
DA:86,0
DA:91,1
DA:93,1
DA:96,0
DA:101,2
DA:110,0
DA:111,0
DA:124,9
LF:21
LH:17
BRDA:85,0,0,2
BRDA:85,0,1,1
BRDA:86,1,0,0
BRDA:86,1,1,0
BRDA:91,2,0,2
BRDA:91,2,1,1
BRDA:92,3,0,2
BRDA:92,3,1,1
BRDA:93,4,0,1
BRDA:93,4,1,1
BRDA:95,5,0,2
BRDA:95,5,1,1
BRDA:96,6,0,0
BRDA:96,6,1,0
BRDA:103,7,0,0
BRDA:103,7,1,2
BRF:16
BRH:11
end_of_record
TN:
SF:src/ui/SnackBar.vue
FN:37,render
FN:42,(anonymous_1)
FN:46,(anonymous_2)
FN:52,(anonymous_3)
FN:60,(anonymous_4)
FNF:5
FNH:0
FNDA:0,render
FNDA:0,(anonymous_1)
FNDA:0,(anonymous_2)
FNDA:0,(anonymous_3)
FNDA:0,(anonymous_4)
DA:4,1
DA:7,1
DA:24,1
DA:26,1
DA:29,1
DA:30,1
DA:31,1
DA:38,0
DA:39,0
DA:40,0
DA:42,0
DA:46,0
DA:52,0
DA:60,0
DA:66,1
LF:15
LH:8
BRDA:42,0,0,0
BRDA:42,0,1,0
BRDA:46,1,0,0
BRDA:46,1,1,0
BRF:4
BRH:0
end_of_record
TN:
SF:src/ui/StatCard.vue
FN:11,(anonymous_0)
FN:17,(anonymous_1)
FN:20,(anonymous_2)
FN:36,render
FN:46,(anonymous_4)
FN:48,(anonymous_5)
FN:48,(anonymous_6)
FN:57,(anonymous_7)
FN:61,(anonymous_8)
FN:64,(anonymous_9)
FN:71,(anonymous_10)
FN:73,(anonymous_11)
FN:76,(anonymous_12)
FNF:13
FNH:0
FNDA:0,(anonymous_0)
FNDA:0,(anonymous_1)
FNDA:0,(anonymous_2)
FNDA:0,render
FNDA:0,(anonymous_4)
FNDA:0,(anonymous_5)
FNDA:0,(anonymous_6)
FNDA:0,(anonymous_7)
FNDA:0,(anonymous_8)
FNDA:0,(anonymous_9)
FNDA:0,(anonymous_10)
FNDA:0,(anonymous_11)
FNDA:0,(anonymous_12)
DA:4,2
DA:7,2
DA:8,2
DA:9,2
DA:12,0
DA:18,0
DA:21,0
DA:25,2
DA:27,2
DA:30,2
DA:31,2
DA:32,2
DA:33,2
DA:37,0
DA:38,0
DA:39,0
DA:40,0
DA:41,0
DA:46,0
DA:48,0
DA:49,0
DA:57,0
DA:61,0
DA:64,0
DA:71,0
DA:73,0
DA:76,0
DA:83,2
LF:28
LH:11
BRDA:66,0,0,0
BRDA:66,0,1,0
BRF:2
BRH:0
end_of_record
TN:
SF:src/ui/UserDialog.vue
FN:12,(anonymous_0)
FN:17,(anonymous_1)
FN:21,(anonymous_2)
FN:26,(anonymous_3)
FN:42,render
FN:53,(anonymous_5)
FN:57,(anonymous_6)
FN:62,(anonymous_7)
FN:65,(anonymous_8)
FN:69,(anonymous_9)
FN:72,(anonymous_10)
FN:74,(anonymous_11)
FN:76,(anonymous_12)
FN:85,(anonymous_13)
FN:96,(anonymous_14)
FN:98,(anonymous_15)
FN:100,(anonymous_16)
FN:109,(anonymous_17)
FN:121,(anonymous_18)
FN:125,(anonymous_19)
FN:127,(anonymous_20)
FNF:21
FNH:0
FNDA:0,(anonymous_0)
FNDA:0,(anonymous_1)
FNDA:0,(anonymous_2)
FNDA:0,(anonymous_3)
FNDA:0,render
FNDA:0,(anonymous_5)
FNDA:0,(anonymous_6)
FNDA:0,(anonymous_7)
FNDA:0,(anonymous_8)
FNDA:0,(anonymous_9)
FNDA:0,(anonymous_10)
FNDA:0,(anonymous_11)
FNDA:0,(anonymous_12)
FNDA:0,(anonymous_13)
FNDA:0,(anonymous_14)
FNDA:0,(anonymous_15)
FNDA:0,(anonymous_16)
FNDA:0,(anonymous_17)
FNDA:0,(anonymous_18)
FNDA:0,(anonymous_19)
FNDA:0,(anonymous_20)
DA:4,8
DA:7,8
DA:8,8
DA:9,8
DA:13,0
DA:18,0
DA:22,0
DA:27,0
DA:28,0
DA:30,0
DA:35,8
DA:37,8
DA:40,8
DA:41,8
DA:43,0
DA:44,0
DA:45,0
DA:46,0
DA:47,0
DA:48,0
DA:49,0
DA:50,0
DA:51,0
DA:53,0
DA:57,0
DA:62,0
DA:65,0
DA:69,0
DA:72,0
DA:74,0
DA:76,0
DA:85,0
DA:96,0
DA:98,0
DA:100,0
DA:109,0
DA:121,0
DA:125,0
DA:127,0
DA:139,8
LF:40
LH:9
BRDA:22,0,0,0
BRDA:22,0,1,0
BRDA:27,1,0,0
BRDA:27,1,1,0
BRDA:53,2,0,0
BRDA:53,2,1,0
BRDA:74,3,0,0
BRDA:74,3,1,0
BRDA:98,4,0,0
BRDA:98,4,1,0
BRDA:125,5,0,0
BRDA:125,5,1,0
BRF:12
BRH:0
end_of_record
TN:
SF:src/utils/validation-rules/discountValidation.js
FN:1,(anonymous_0)
FNF:1
FNH:0
FNDA:0,(anonymous_0)
DA:1,1
DA:2,0
DA:3,0
LF:3
LH:1
BRDA:2,0,0,0
BRDA:2,0,1,0
BRDA:2,1,0,0
BRDA:2,1,1,0
BRF:4
BRH:0
end_of_record
TN:
SF:src/utils/validation-rules/priceValidation.js
FN:1,(anonymous_0)
FNF:1
FNH:0
FNDA:0,(anonymous_0)
DA:1,1
DA:2,0
DA:3,0
DA:4,0
LF:4
LH:1
BRDA:2,0,0,0
BRDA:2,0,1,0
BRDA:3,1,0,0
BRDA:3,1,1,0
BRF:4
BRH:0
end_of_record
TN:
SF:src/utils/validation-rules/titleValidation.js
FN:1,(anonymous_0)
FNF:1
FNH:0
FNDA:0,(anonymous_0)
DA:1,1
DA:2,0
DA:7,0
DA:9,0
LF:4
LH:1
BRDA:2,0,0,0
BRDA:2,0,1,0
BRDA:3,1,0,0
BRDA:3,1,1,0
BRDA:3,1,2,0
BRF:5
BRH:0
end_of_record
TN:
SF:src/views/admin/AdminCourseStatus.vue
FN:103,render
FN:118,(anonymous_1)
FN:127,(anonymous_2)
FN:127,(anonymous_3)
FN:133,(anonymous_4)
FN:137,(anonymous_5)
FN:143,(anonymous_6)
FN:148,(anonymous_7)
FN:157,(anonymous_8)
FN:161,(anonymous_9)
FN:165,(anonymous_10)
FN:167,(anonymous_11)
FN:169,(anonymous_12)
FN:173,(anonymous_13)
FN:175,(anonymous_14)
FN:193,(anonymous_15)
FN:203,(anonymous_16)
FN:203,(anonymous_17)
FN:209,(anonymous_18)
FN:213,(anonymous_19)
FN:219,(anonymous_20)
FN:224,(anonymous_21)
FN:233,(anonymous_22)
FN:237,(anonymous_23)
FN:241,(anonymous_24)
FN:243,(anonymous_25)
FN:245,(anonymous_26)
FNF:27
FNH:24
FNDA:4,render
FNDA:2,(anonymous_1)
FNDA:4,(anonymous_2)
FNDA:2,(anonymous_3)
FNDA:2,(anonymous_4)
FNDA:2,(anonymous_5)
FNDA:2,(anonymous_6)
FNDA:2,(anonymous_7)
FNDA:2,(anonymous_8)
FNDA:2,(anonymous_9)
FNDA:2,(anonymous_10)
FNDA:0,(anonymous_11)
FNDA:2,(anonymous_12)
FNDA:0,(anonymous_13)
FNDA:2,(anonymous_14)
FNDA:2,(anonymous_15)
FNDA:2,(anonymous_16)
FNDA:2,(anonymous_17)
FNDA:2,(anonymous_18)
FNDA:2,(anonymous_19)
FNDA:2,(anonymous_20)
FNDA:2,(anonymous_21)
FNDA:2,(anonymous_22)
FNDA:2,(anonymous_23)
FNDA:2,(anonymous_24)
FNDA:0,(anonymous_25)
FNDA:2,(anonymous_26)
DA:4,1
DA:5,1
DA:8,1
DA:9,1
DA:67,1
DA:69,1
DA:72,1
DA:73,1
DA:74,1
DA:77,1
DA:80,1
DA:83,1
DA:84,1
DA:87,1
DA:90,1
DA:93,1
DA:96,1
DA:97,1
DA:100,1
DA:104,4
DA:105,4
DA:106,4
DA:107,4
DA:108,4
DA:109,4
DA:110,4
DA:111,4
DA:112,4
DA:113,4
DA:114,4
DA:118,2
DA:127,4
DA:128,2
DA:133,2
DA:137,2
DA:143,2
DA:148,2
DA:157,2
DA:161,2
DA:165,2
DA:167,0
DA:169,2
DA:173,0
DA:175,2
DA:193,2
DA:203,2
DA:204,2
DA:209,2
DA:213,2
DA:219,2
DA:224,2
DA:233,2
DA:237,2
DA:241,2
DA:243,0
DA:245,2
DA:260,1
LF:57
LH:54
BRDA:114,0,0,2
BRDA:114,0,1,2
BRDA:148,1,0,0
BRDA:148,1,1,2
BRDA:189,2,0,2
BRDA:189,2,1,2
BRDA:224,3,0,0
BRDA:224,3,1,2
BRF:8
BRH:6
end_of_record
TN:
SF:src/views/admin/AdminCourses.vue
FN:88,render
FN:101,(anonymous_1)
FN:105,(anonymous_2)
FN:110,(anonymous_3)
FN:123,(anonymous_4)
FN:128,(anonymous_5)
FN:141,(anonymous_6)
FN:146,(anonymous_7)
FN:158,(anonymous_8)
FN:163,(anonymous_9)
FNF:10
FNH:10
FNDA:4,render
FNDA:4,(anonymous_1)
FNDA:4,(anonymous_2)
FNDA:4,(anonymous_3)
FNDA:4,(anonymous_4)
FNDA:4,(anonymous_5)
FNDA:4,(anonymous_6)
FNDA:4,(anonymous_7)
FNDA:4,(anonymous_8)
FNDA:4,(anonymous_9)
DA:4,1
DA:5,1
DA:8,1
DA:81,1
DA:83,1
DA:86,1
DA:87,1
DA:89,4
DA:90,4
DA:91,4
DA:92,4
DA:93,4
DA:94,4
DA:95,4
DA:96,4
DA:101,4
DA:105,4
DA:110,4
DA:123,4
DA:128,4
DA:141,4
DA:146,4
DA:158,4
DA:163,4
DA:176,1
LF:25
LH:25
BRF:0
BRH:0
end_of_record
TN:
SF:src/views/admin/AdminHomePage.vue
FN:79,render
FN:88,(anonymous_1)
FN:92,(anonymous_2)
FN:93,(anonymous_3)
FN:132,(anonymous_4)
FN:137,(anonymous_5)
FN:137,(anonymous_6)
FNF:7
FNH:4
FNDA:2,render
FNDA:2,(anonymous_1)
FNDA:2,(anonymous_2)
FNDA:2,(anonymous_3)
FNDA:0,(anonymous_4)
FNDA:0,(anonymous_5)
FNDA:0,(anonymous_6)
DA:4,1
DA:5,1
DA:8,1
DA:66,1
DA:68,1
DA:71,1
DA:72,1
DA:73,1
DA:76,1
DA:80,2
DA:81,2
DA:82,2
DA:83,2
DA:84,2
DA:85,2
DA:88,2
DA:92,2
DA:93,2
DA:132,0
DA:137,0
DA:138,0
DA:151,1
LF:22
LH:19
BRF:0
BRH:0
end_of_record
TN:
SF:src/views/admin/AdminInstructors.vue
FN:81,render
FN:93,(anonymous_1)
FN:97,(anonymous_2)
FN:102,(anonymous_3)
FN:115,(anonymous_4)
FN:120,(anonymous_5)
FN:132,(anonymous_6)
FN:137,(anonymous_7)
FN:138,(anonymous_8)
FN:139,(anonymous_9)
FNF:10
FNH:10
FNDA:4,render
FNDA:4,(anonymous_1)
FNDA:4,(anonymous_2)
FNDA:4,(anonymous_3)
FNDA:4,(anonymous_4)
FNDA:4,(anonymous_5)
FNDA:4,(anonymous_6)
FNDA:4,(anonymous_7)
FNDA:4,(anonymous_8)
FNDA:4,(anonymous_9)
DA:4,1
DA:5,1
DA:8,1
DA:9,1
DA:74,1
DA:76,1
DA:79,1
DA:80,1
DA:82,4
DA:83,4
DA:84,4
DA:85,4
DA:86,4
DA:87,4
DA:88,4
DA:93,4
DA:97,4
DA:102,4
DA:115,4
DA:120,4
DA:132,4
DA:137,4
DA:138,4
DA:139,4
DA:150,1
LF:25
LH:25
BRF:0
BRH:0
end_of_record
TN:
SF:src/views/admin/AdminRevenue.vue
FN:74,render
FN:94,(anonymous_1)
FNF:2
FNH:1
FNDA:5,render
FNDA:0,(anonymous_1)
DA:4,1
DA:5,1
DA:8,1
DA:57,1
DA:59,1
DA:62,1
DA:63,1
DA:64,1
DA:72,1
DA:75,5
DA:76,5
DA:77,5
DA:78,5
DA:79,5
DA:94,0
DA:100,1
LF:16
LH:15
BRDA:94,0,0,5
BRDA:94,0,1,2
BRF:2
BRH:2
end_of_record
TN:
SF:src/views/admin/AdminStudents.vue
FN:65,render
FN:77,(anonymous_1)
FN:81,(anonymous_2)
FN:86,(anonymous_3)
FN:99,(anonymous_4)
FN:104,(anonymous_5)
FNF:6
FNH:6
FNDA:6,render
FNDA:6,(anonymous_1)
FNDA:6,(anonymous_2)
FNDA:6,(anonymous_3)
FNDA:6,(anonymous_4)
FNDA:6,(anonymous_5)
DA:4,1
DA:5,1
DA:8,1
DA:58,1
DA:60,1
DA:63,1
DA:64,1
DA:66,6
DA:67,6
DA:68,6
DA:69,6
DA:70,6
DA:71,6
DA:72,6
DA:77,6
DA:81,6
DA:86,6
DA:99,6
DA:104,6
DA:116,1
LF:20
LH:20
BRF:0
BRH:0
end_of_record
TN:
SF:src/views/common/CheckOut.vue
FN:71,render
FN:78,(anonymous_1)
FNF:2
FNH:2
FNDA:2,render
FNDA:2,(anonymous_1)
DA:4,2
DA:5,2
DA:8,2
DA:64,2
DA:66,2
DA:69,2
DA:70,2
DA:72,2
DA:73,2
DA:78,2
DA:81,2
LF:11
LH:11
BRF:0
BRH:0
end_of_record
TN:
SF:src/views/common/EmailForm.vue
FN:100,render
FN:109,(anonymous_1)
FN:113,(anonymous_2)
FN:115,(anonymous_3)
FN:122,(anonymous_4)
FNF:5
FNH:4
FNDA:9,render
FNDA:9,(anonymous_1)
FNDA:9,(anonymous_2)
FNDA:0,(anonymous_3)
FNDA:9,(anonymous_4)
DA:4,1
DA:5,1
DA:8,1
DA:9,1
DA:83,1
DA:85,1
DA:88,1
DA:89,1
DA:90,1
DA:93,1
DA:94,1
DA:101,9
DA:102,9
DA:103,9
DA:104,9
DA:105,9
DA:106,9
DA:109,9
DA:113,9
DA:115,0
DA:122,9
DA:140,1
LF:22
LH:21
BRDA:115,0,0,9
BRDA:115,0,1,3
BRDA:129,1,0,2
BRDA:129,1,1,7
BRDA:134,2,0,4
BRDA:134,2,1,5
BRF:6
BRH:6
end_of_record
TN:
SF:src/views/common/SearchResultsPage.vue
FN:82,render
FNF:1
FNH:1
FNDA:4,render
DA:4,1
DA:5,1
DA:8,1
DA:61,1
DA:63,1
DA:66,1
DA:67,1
DA:68,1
DA:72,1
DA:76,1
DA:79,1
DA:83,4
DA:84,4
DA:85,4
DA:86,4
DA:100,1
LF:16
LH:16
BRDA:86,0,0,2
BRDA:86,0,1,2
BRDA:91,1,0,2
BRDA:91,1,1,2
BRDA:91,2,0,2
BRDA:91,2,1,0
BRDA:91,3,0,2
BRDA:91,3,1,0
BRDA:96,4,0,2
BRDA:96,4,1,2
BRF:10
BRH:8
end_of_record
TN:
SF:src/views/instructor/InstructorAddCourse.vue
FN:131,render
FN:146,(anonymous_1)
FN:148,(anonymous_2)
FN:155,(anonymous_3)
FN:158,(anonymous_4)
FN:168,(anonymous_5)
FN:172,(anonymous_6)
FN:176,(anonymous_7)
FN:182,(anonymous_8)
FN:190,(anonymous_9)
FN:194,(anonymous_10)
FN:201,(anonymous_11)
FN:209,(anonymous_12)
FN:220,(anonymous_13)
FN:228,(anonymous_14)
FNF:15
FNH:6
FNDA:5,render
FNDA:0,(anonymous_1)
FNDA:5,(anonymous_2)
FNDA:5,(anonymous_3)
FNDA:0,(anonymous_4)
FNDA:0,(anonymous_5)
FNDA:3,(anonymous_6)
FNDA:3,(anonymous_7)
FNDA:0,(anonymous_8)
FNDA:0,(anonymous_9)
FNDA:0,(anonymous_10)
FNDA:0,(anonymous_11)
FNDA:0,(anonymous_12)
FNDA:0,(anonymous_13)
FNDA:5,(anonymous_14)
DA:4,1
DA:5,1
DA:8,1
DA:9,1
DA:109,1
DA:111,1
DA:114,1
DA:115,1
DA:116,1
DA:124,1
DA:127,1
DA:128,1
DA:132,5
DA:133,5
DA:134,5
DA:135,5
DA:136,5
DA:137,5
DA:138,5
DA:139,5
DA:140,5
DA:141,5
DA:146,0
DA:148,5
DA:155,5
DA:158,0
DA:168,0
DA:173,3
DA:176,3
DA:182,0
DA:190,0
DA:194,0
DA:201,0
DA:209,0
DA:220,0
DA:228,5
DA:236,1
LF:37
LH:28
BRDA:146,0,0,5
BRDA:146,0,1,3
BRDA:158,1,0,5
BRDA:158,1,1,3
BRDA:168,2,0,5
BRDA:168,2,1,3
BRDA:182,3,0,5
BRDA:182,3,1,3
BRDA:188,4,0,0
BRDA:188,4,1,5
BRDA:201,5,0,5
BRDA:201,5,1,3
BRDA:209,6,0,5
BRDA:209,6,1,3
BRDA:220,7,0,5
BRDA:220,7,1,3
BRF:16
BRH:15
end_of_record
TN:
SF:src/views/instructor/InstructorCourse.vue
FN:198,render
FN:228,(anonymous_1)
FN:230,(anonymous_2)
FN:232,(anonymous_3)
FN:233,(anonymous_4)
FN:234,(anonymous_5)
FN:238,(anonymous_6)
FN:243,(anonymous_7)
FN:248,(anonymous_8)
FN:257,(anonymous_9)
FN:262,(anonymous_10)
FN:263,(anonymous_11)
FN:274,(anonymous_12)
FN:277,(anonymous_13)
FN:297,(anonymous_14)
FN:298,(anonymous_15)
FN:300,(anonymous_16)
FN:308,(anonymous_17)
FN:310,(anonymous_18)
FN:331,(anonymous_19)
FN:332,(anonymous_20)
FN:335,(anonymous_21)
FN:346,(anonymous_22)
FN:349,(anonymous_23)
FN:367,(anonymous_24)
FN:369,(anonymous_25)
FN:375,(anonymous_26)
FN:383,(anonymous_27)
FN:391,(anonymous_28)
FN:400,(anonymous_29)
FN:404,(anonymous_30)
FN:418,(anonymous_31)
FN:418,(anonymous_32)
FN:422,(anonymous_33)
FN:430,(anonymous_34)
FN:439,(anonymous_35)
FN:443,(anonymous_36)
FN:453,(anonymous_37)
FN:453,(anonymous_38)
FN:457,(anonymous_39)
FN:465,(anonymous_40)
FN:474,(anonymous_41)
FN:478,(anonymous_42)
FN:501,(anonymous_43)
FN:514,(anonymous_44)
FNF:45
FNH:6
FNDA:4,render
FNDA:0,(anonymous_1)
FNDA:0,(anonymous_2)
FNDA:4,(anonymous_3)
FNDA:4,(anonymous_4)
FNDA:4,(anonymous_5)
FNDA:4,(anonymous_6)
FNDA:0,(anonymous_7)
FNDA:0,(anonymous_8)
FNDA:4,(anonymous_9)
FNDA:0,(anonymous_10)
FNDA:0,(anonymous_11)
FNDA:0,(anonymous_12)
FNDA:0,(anonymous_13)
FNDA:0,(anonymous_14)
FNDA:0,(anonymous_15)
FNDA:0,(anonymous_16)
FNDA:0,(anonymous_17)
FNDA:0,(anonymous_18)
FNDA:0,(anonymous_19)
FNDA:0,(anonymous_20)
FNDA:0,(anonymous_21)
FNDA:0,(anonymous_22)
FNDA:0,(anonymous_23)
FNDA:0,(anonymous_24)
FNDA:0,(anonymous_25)
FNDA:0,(anonymous_26)
FNDA:0,(anonymous_27)
FNDA:0,(anonymous_28)
FNDA:0,(anonymous_29)
FNDA:0,(anonymous_30)
FNDA:0,(anonymous_31)
FNDA:0,(anonymous_32)
FNDA:0,(anonymous_33)
FNDA:0,(anonymous_34)
FNDA:0,(anonymous_35)
FNDA:0,(anonymous_36)
FNDA:0,(anonymous_37)
FNDA:0,(anonymous_38)
FNDA:0,(anonymous_39)
FNDA:0,(anonymous_40)
FNDA:0,(anonymous_41)
FNDA:0,(anonymous_42)
FNDA:0,(anonymous_43)
FNDA:0,(anonymous_44)
DA:4,1
DA:5,1
DA:8,1
DA:9,1
DA:175,1
DA:177,1
DA:180,1
DA:181,1
DA:182,1
DA:185,1
DA:189,1
DA:192,1
DA:195,1
DA:199,4
DA:200,4
DA:201,4
DA:202,4
DA:203,4
DA:204,4
DA:205,4
DA:206,4
DA:207,4
DA:208,4
DA:209,4
DA:210,4
DA:211,4
DA:212,4
DA:213,4
DA:214,4
DA:215,4
DA:216,4
DA:217,4
DA:218,4
DA:219,4
DA:228,0
DA:230,0
DA:232,4
DA:233,4
DA:234,4
DA:238,4
DA:243,0
DA:251,0
DA:252,0
DA:260,4
DA:261,0
DA:262,0
DA:263,0
DA:274,0
DA:277,0
DA:297,0
DA:298,0
DA:300,0
DA:308,0
DA:310,0
DA:331,0
DA:332,0
DA:335,0
DA:346,0
DA:349,0
DA:367,0
DA:369,0
DA:379,0
DA:380,0
DA:383,0
DA:391,0
DA:400,0
DA:404,0
DA:418,0
DA:419,0
DA:422,0
DA:430,0
DA:439,0
DA:443,0
DA:453,0
DA:454,0
DA:457,0
DA:465,0
DA:474,0
DA:478,0
DA:501,0
DA:514,0
DA:519,1
LF:82
LH:40
BRDA:219,0,0,0
BRDA:219,0,1,4
BRDA:228,1,0,4
BRDA:228,1,1,2
BRDA:230,2,0,4
BRDA:230,2,1,2
BRDA:243,3,0,4
BRDA:243,3,1,2
BRDA:300,4,0,0
BRDA:300,4,1,0
BRDA:310,5,0,0
BRDA:310,5,1,0
BRDA:335,6,0,0
BRDA:335,6,1,0
BRDA:349,7,0,0
BRDA:349,7,1,0
BRDA:369,8,0,0
BRDA:369,8,1,0
BRDA:380,9,0,0
BRDA:380,9,1,0
BRDA:386,10,0,0
BRDA:386,10,1,0
BRDA:391,11,0,0
BRDA:391,11,1,0
BRDA:398,12,0,0
BRDA:398,12,1,0
BRDA:430,13,0,0
BRDA:430,13,1,0
BRDA:437,14,0,0
BRDA:437,14,1,0
BRDA:465,15,0,0
BRDA:465,15,1,0
BRDA:472,16,0,0
BRDA:472,16,1,0
BRF:34
BRH:7
end_of_record
TN:
SF:src/views/instructor/InstructorCourseList.vue
FN:130,render
FN:148,(anonymous_1)
FN:150,(anonymous_2)
FN:155,(anonymous_3)
FN:155,(anonymous_4)
FN:161,(anonymous_5)
FN:166,(anonymous_6)
FN:172,(anonymous_7)
FN:177,(anonymous_8)
FN:186,(anonymous_9)
FN:190,(anonymous_10)
FN:194,(anonymous_11)
FN:196,(anonymous_12)
FN:198,(anonymous_13)
FN:202,(anonymous_14)
FN:205,(anonymous_15)
FN:227,(anonymous_16)
FN:227,(anonymous_17)
FN:233,(anonymous_18)
FN:237,(anonymous_19)
FN:243,(anonymous_20)
FN:248,(anonymous_21)
FN:257,(anonymous_22)
FN:261,(anonymous_23)
FN:265,(anonymous_24)
FN:267,(anonymous_25)
FN:269,(anonymous_26)
FN:273,(anonymous_27)
FN:275,(anonymous_28)
FN:297,(anonymous_29)
FN:297,(anonymous_30)
FN:303,(anonymous_31)
FN:307,(anonymous_32)
FN:313,(anonymous_33)
FN:318,(anonymous_34)
FN:327,(anonymous_35)
FN:331,(anonymous_36)
FN:335,(anonymous_37)
FN:337,(anonymous_38)
FN:339,(anonymous_39)
FN:343,(anonymous_40)
FN:345,(anonymous_41)
FNF:42
FNH:15
FNDA:8,render
FNDA:0,(anonymous_1)
FNDA:0,(anonymous_2)
FNDA:8,(anonymous_3)
FNDA:8,(anonymous_4)
FNDA:8,(anonymous_5)
FNDA:8,(anonymous_6)
FNDA:8,(anonymous_7)
FNDA:8,(anonymous_8)
FNDA:8,(anonymous_9)
FNDA:8,(anonymous_10)
FNDA:8,(anonymous_11)
FNDA:0,(anonymous_12)
FNDA:8,(anonymous_13)
FNDA:1,(anonymous_14)
FNDA:8,(anonymous_15)
FNDA:8,(anonymous_16)
FNDA:0,(anonymous_17)
FNDA:0,(anonymous_18)
FNDA:0,(anonymous_19)
FNDA:0,(anonymous_20)
FNDA:0,(anonymous_21)
FNDA:0,(anonymous_22)
FNDA:0,(anonymous_23)
FNDA:0,(anonymous_24)
FNDA:0,(anonymous_25)
FNDA:0,(anonymous_26)
FNDA:0,(anonymous_27)
FNDA:0,(anonymous_28)
FNDA:8,(anonymous_29)
FNDA:0,(anonymous_30)
FNDA:0,(anonymous_31)
FNDA:0,(anonymous_32)
FNDA:0,(anonymous_33)
FNDA:0,(anonymous_34)
FNDA:0,(anonymous_35)
FNDA:0,(anonymous_36)
FNDA:0,(anonymous_37)
FNDA:0,(anonymous_38)
FNDA:0,(anonymous_39)
FNDA:0,(anonymous_40)
FNDA:0,(anonymous_41)
DA:4,1
DA:5,1
DA:8,1
DA:9,1
DA:72,1
DA:74,1
DA:77,1
DA:78,1
DA:79,1
DA:80,1
DA:88,1
DA:91,1
DA:94,1
DA:98,1
DA:101,1
DA:104,1
DA:107,1
DA:111,1
DA:114,1
DA:117,1
DA:120,1
DA:124,1
DA:127,1
DA:131,8
DA:132,8
DA:133,8
DA:134,8
DA:135,8
DA:136,8
DA:137,8
DA:138,8
DA:139,8
DA:140,8
DA:141,8
DA:148,0
DA:150,0
DA:155,8
DA:156,8
DA:161,8
DA:166,8
DA:172,8
DA:177,8
DA:186,8
DA:190,8
DA:194,8
DA:196,0
DA:198,8
DA:202,1
DA:205,8
DA:227,8
DA:228,0
DA:233,0
DA:237,0
DA:243,0
DA:248,0
DA:257,0
DA:261,0
DA:265,0
DA:267,0
DA:269,0
DA:273,0
DA:275,0
DA:297,8
DA:298,0
DA:303,0
DA:307,0
DA:313,0
DA:318,0
DA:327,0
DA:331,0
DA:335,0
DA:337,0
DA:339,0
DA:343,0
DA:345,0
DA:360,1
LF:76
LH:49
BRDA:141,0,0,0
BRDA:141,0,1,8
BRDA:148,1,0,0
BRDA:148,1,1,0
BRDA:177,2,0,8
BRDA:177,2,1,0
BRDA:219,3,0,8
BRDA:219,3,1,0
BRDA:248,4,0,0
BRDA:248,4,1,0
BRDA:289,5,0,8
BRDA:289,5,1,0
BRDA:318,6,0,0
BRDA:318,6,1,0
BRF:14
BRH:4
end_of_record
TN:
SF:src/views/instructor/InstructorCourseStat.vue
FN:94,render
FN:108,(anonymous_1)
FN:112,(anonymous_2)
FN:115,(anonymous_3)
FN:120,(anonymous_4)
FN:126,(anonymous_5)
FN:128,(anonymous_6)
FN:130,(anonymous_7)
FN:133,(anonymous_8)
FN:136,(anonymous_9)
FN:136,(anonymous_10)
FN:149,(anonymous_11)
FN:152,(anonymous_12)
FN:162,(anonymous_13)
FN:166,(anonymous_14)
FN:171,(anonymous_15)
FN:183,(anonymous_16)
FN:188,(anonymous_17)
FNF:18
FNH:15
FNDA:6,render
FNDA:0,(anonymous_1)
FNDA:6,(anonymous_2)
FNDA:6,(anonymous_3)
FNDA:6,(anonymous_4)
FNDA:6,(anonymous_5)
FNDA:0,(anonymous_6)
FNDA:6,(anonymous_7)
FNDA:6,(anonymous_8)
FNDA:6,(anonymous_9)
FNDA:16,(anonymous_10)
FNDA:6,(anonymous_11)
FNDA:0,(anonymous_12)
FNDA:6,(anonymous_13)
FNDA:6,(anonymous_14)
FNDA:6,(anonymous_15)
FNDA:6,(anonymous_16)
FNDA:6,(anonymous_17)
DA:4,1
DA:5,1
DA:8,1
DA:79,1
DA:81,1
DA:84,1
DA:85,1
DA:86,1
DA:95,6
DA:96,6
DA:97,6
DA:98,6
DA:99,6
DA:100,6
DA:101,6
DA:102,6
DA:103,6
DA:104,6
DA:105,6
DA:106,6
DA:108,0
DA:112,6
DA:115,6
DA:120,6
DA:126,6
DA:128,0
DA:130,6
DA:133,6
DA:136,6
DA:137,16
DA:149,6
DA:152,0
DA:162,6
DA:166,6
DA:171,6
DA:183,6
DA:188,6
DA:208,1
LF:38
LH:35
BRDA:108,0,0,6
BRDA:108,0,1,2
BRDA:128,1,0,6
BRDA:128,1,1,2
BRDA:152,2,0,6
BRDA:152,2,1,2
BRF:6
BRH:6
end_of_record
TN:
SF:src/views/instructor/InstructorHomePage.vue
FN:89,render
FNF:1
FNH:1
FNDA:4,render
DA:4,1
DA:5,1
DA:8,1
DA:66,1
DA:68,1
DA:71,1
DA:72,1
DA:73,1
DA:76,1
DA:83,1
DA:86,1
DA:90,4
DA:91,4
DA:98,1
LF:14
LH:14
BRF:0
BRH:0
end_of_record
TN:
SF:src/views/instructor/InstructorProfile.vue
FN:139,render
FN:158,(anonymous_1)
FN:165,(anonymous_2)
FN:169,(anonymous_3)
FN:171,(anonymous_4)
FN:173,(anonymous_5)
FN:183,(anonymous_6)
FN:196,(anonymous_7)
FN:200,(anonymous_8)
FN:212,(anonymous_9)
FN:217,(anonymous_10)
FN:218,(anonymous_11)
FN:226,(anonymous_12)
FN:229,(anonymous_13)
FN:239,(anonymous_14)
FN:243,(anonymous_15)
FN:247,(anonymous_16)
FN:249,(anonymous_17)
FN:264,(anonymous_18)
FN:266,(anonymous_19)
FN:281,(anonymous_20)
FN:285,(anonymous_21)
FN:287,(anonymous_22)
FN:301,(anonymous_23)
FN:302,(anonymous_24)
FN:306,(anonymous_25)
FN:309,(anonymous_26)
FN:319,(anonymous_27)
FN:327,(anonymous_28)
FN:349,(anonymous_29)
FN:351,(anonymous_30)
FN:364,(anonymous_31)
FNF:32
FNH:5
FNDA:6,render
FNDA:6,(anonymous_1)
FNDA:6,(anonymous_2)
FNDA:0,(anonymous_3)
FNDA:6,(anonymous_4)
FNDA:0,(anonymous_5)
FNDA:0,(anonymous_6)
FNDA:0,(anonymous_7)
FNDA:0,(anonymous_8)
FNDA:6,(anonymous_9)
FNDA:0,(anonymous_10)
FNDA:0,(anonymous_11)
FNDA:0,(anonymous_12)
FNDA:0,(anonymous_13)
FNDA:0,(anonymous_14)
FNDA:0,(anonymous_15)
FNDA:0,(anonymous_16)
FNDA:0,(anonymous_17)
FNDA:0,(anonymous_18)
FNDA:0,(anonymous_19)
FNDA:0,(anonymous_20)
FNDA:0,(anonymous_21)
FNDA:0,(anonymous_22)
FNDA:0,(anonymous_23)
FNDA:0,(anonymous_24)
FNDA:0,(anonymous_25)
FNDA:0,(anonymous_26)
FNDA:0,(anonymous_27)
FNDA:0,(anonymous_28)
FNDA:0,(anonymous_29)
FNDA:0,(anonymous_30)
FNDA:0,(anonymous_31)
DA:4,1
DA:5,1
DA:8,1
DA:9,1
DA:125,1
DA:127,1
DA:130,1
DA:131,1
DA:132,1
DA:133,1
DA:136,1
DA:140,6
DA:141,6
DA:142,6
DA:143,6
DA:144,6
DA:145,6
DA:146,6
DA:147,6
DA:148,6
DA:149,6
DA:150,6
DA:151,6
DA:152,6
DA:153,6
DA:154,6
DA:155,6
DA:158,6
DA:165,6
DA:169,0
DA:171,6
DA:173,0
DA:183,0
DA:196,0
DA:203,0
DA:204,0
DA:215,6
DA:216,0
DA:217,0
DA:218,0
DA:226,0
DA:229,0
DA:240,0
DA:243,0
DA:247,0
DA:249,0
DA:264,0
DA:266,0
DA:281,0
DA:285,0
DA:287,0
DA:301,0
DA:302,0
DA:306,0
DA:309,0
DA:319,0
DA:327,0
DA:349,0
DA:351,0
DA:364,0
DA:374,1
LF:61
LH:32
BRDA:169,0,0,6
BRDA:169,0,1,3
BRDA:173,1,0,6
BRDA:173,1,1,3
BRDA:183,2,0,6
BRDA:183,2,1,3
BRDA:189,3,0,0
BRDA:189,3,1,6
BRDA:196,4,0,0
BRDA:196,4,1,0
BRDA:239,5,0,0
BRDA:239,5,1,0
BRDA:278,6,0,0
BRDA:278,6,1,0
BRDA:287,7,0,0
BRDA:287,7,1,0
BRDA:309,8,0,0
BRDA:309,8,1,0
BRDA:340,9,0,0
BRDA:340,9,1,0
BRDA:349,10,0,0
BRDA:349,10,1,0
BRDA:353,11,0,0
BRDA:353,11,1,0
BRF:24
BRH:7
end_of_record
TN:
SF:src/views/student/StudentEnrollPage.vue
FN:120,render
FN:151,(anonymous_1)
FN:166,(anonymous_2)
FN:173,(anonymous_3)
FN:177,(anonymous_4)
FN:179,(anonymous_5)
FN:185,(anonymous_6)
FN:186,(anonymous_7)
FN:194,(anonymous_8)
FN:194,(anonymous_9)
FN:215,(anonymous_10)
FN:220,(anonymous_11)
FN:231,(anonymous_12)
FN:236,(anonymous_13)
FN:237,(anonymous_14)
FN:241,(anonymous_15)
FN:251,(anonymous_16)
FN:255,(anonymous_17)
FN:271,(anonymous_18)
FN:274,(anonymous_19)
FN:274,(anonymous_20)
FN:278,(anonymous_21)
FN:288,(anonymous_22)
FNF:23
FNH:12
FNDA:4,render
FNDA:0,(anonymous_1)
FNDA:0,(anonymous_2)
FNDA:4,(anonymous_3)
FNDA:4,(anonymous_4)
FNDA:0,(anonymous_5)
FNDA:0,(anonymous_6)
FNDA:0,(anonymous_7)
FNDA:0,(anonymous_8)
FNDA:0,(anonymous_9)
FNDA:2,(anonymous_10)
FNDA:0,(anonymous_11)
FNDA:2,(anonymous_12)
FNDA:2,(anonymous_13)
FNDA:2,(anonymous_14)
FNDA:2,(anonymous_15)
FNDA:2,(anonymous_16)
FNDA:2,(anonymous_17)
FNDA:2,(anonymous_18)
FNDA:2,(anonymous_19)
FNDA:0,(anonymous_20)
FNDA:0,(anonymous_21)
FNDA:0,(anonymous_22)
DA:4,1
DA:5,1
DA:8,1
DA:73,1
DA:75,1
DA:78,1
DA:79,1
DA:80,1
DA:83,1
DA:86,1
DA:89,1
DA:92,1
DA:95,1
DA:98,1
DA:101,1
DA:104,1
DA:108,1
DA:111,1
DA:114,1
DA:117,1
DA:121,4
DA:122,4
DA:123,4
DA:124,4
DA:125,4
DA:126,4
DA:127,4
DA:128,4
DA:129,4
DA:130,4
DA:131,4
DA:132,4
DA:133,4
DA:134,4
DA:135,4
DA:136,4
DA:137,4
DA:138,4
DA:139,4
DA:140,4
DA:141,4
DA:142,4
DA:143,4
DA:151,0
DA:166,0
DA:173,4
DA:177,4
DA:180,0
DA:185,0
DA:189,0
DA:190,0
DA:194,0
DA:195,0
DA:215,2
DA:223,0
DA:224,0
DA:231,2
DA:236,2
DA:237,2
DA:241,2
DA:251,2
DA:255,2
DA:271,2
DA:274,2
DA:275,0
DA:278,0
DA:288,0
DA:301,1
LF:68
LH:55
BRDA:143,0,0,0
BRDA:143,0,1,4
BRDA:265,1,0,2
BRDA:265,1,1,0
BRDA:285,2,0,0
BRDA:285,2,1,0
BRF:6
BRH:2
end_of_record
TN:
SF:src/views/student/StudentEnrolledCourses.vue
FN:63,render
FN:76,(anonymous_1)
FN:78,(anonymous_2)
FN:84,(anonymous_3)
FN:84,(anonymous_4)
FN:91,(anonymous_5)
FNF:6
FNH:2
FNDA:2,render
FNDA:0,(anonymous_1)
FNDA:2,(anonymous_2)
FNDA:0,(anonymous_3)
FNDA:0,(anonymous_4)
FNDA:0,(anonymous_5)
DA:4,1
DA:5,1
DA:8,1
DA:36,1
DA:38,1
DA:41,1
DA:42,1
DA:43,1
DA:44,1
DA:52,1
DA:55,1
DA:61,1
DA:64,2
DA:65,2
DA:66,2
DA:67,2
DA:68,2
DA:69,2
DA:70,2
DA:76,0
DA:78,2
DA:84,0
DA:85,0
DA:91,0
DA:101,1
LF:25
LH:21
BRDA:70,0,0,2
BRDA:70,0,1,0
BRDA:76,1,0,2
BRDA:76,1,1,1
BRF:4
BRH:3
end_of_record
TN:
SF:src/views/student/StudentHomePage.vue
FN:122,render
FN:136,(anonymous_1)
FN:140,(anonymous_2)
FN:150,(anonymous_3)
FN:156,(anonymous_4)
FN:164,(anonymous_5)
FN:164,(anonymous_6)
FN:171,(anonymous_7)
FN:174,(anonymous_8)
FN:191,(anonymous_9)
FN:199,(anonymous_10)
FN:204,(anonymous_11)
FN:204,(anonymous_12)
FN:211,(anonymous_13)
FN:214,(anonymous_14)
FNF:15
FNH:8
FNDA:2,render
FNDA:2,(anonymous_1)
FNDA:2,(anonymous_2)
FNDA:2,(anonymous_3)
FNDA:2,(anonymous_4)
FNDA:2,(anonymous_5)
FNDA:0,(anonymous_6)
FNDA:0,(anonymous_7)
FNDA:0,(anonymous_8)
FNDA:0,(anonymous_9)
FNDA:2,(anonymous_10)
FNDA:2,(anonymous_11)
FNDA:0,(anonymous_12)
FNDA:0,(anonymous_13)
FNDA:0,(anonymous_14)
DA:4,1
DA:5,1
DA:8,1
DA:83,1
DA:85,1
DA:88,1
DA:89,1
DA:90,1
DA:91,1
DA:94,1
DA:97,1
DA:100,1
DA:104,1
DA:109,1
DA:114,1
DA:118,1
DA:123,2
DA:124,2
DA:125,2
DA:126,2
DA:127,2
DA:128,2
DA:129,2
DA:130,2
DA:131,2
DA:132,2
DA:133,2
DA:136,2
DA:140,2
DA:150,2
DA:156,2
DA:164,2
DA:165,0
DA:171,0
DA:174,0
DA:191,0
DA:199,2
DA:204,2
DA:205,0
DA:211,0
DA:214,0
DA:227,1
LF:42
LH:35
BRDA:186,0,0,2
BRDA:186,0,1,0
BRDA:191,1,0,2
BRDA:191,1,1,1
BRF:4
BRH:3
end_of_record
TN:
SF:src/views/student/StudentProfilePage.vue
FN:71,render
FN:80,(anonymous_1)
FN:83,(anonymous_2)
FN:86,(anonymous_3)
FN:89,(anonymous_4)
FN:91,(anonymous_5)
FN:100,(anonymous_6)
FN:116,(anonymous_7)
FN:118,(anonymous_8)
FN:131,(anonymous_9)
FNF:10
FNH:5
FNDA:7,render
FNDA:7,(anonymous_1)
FNDA:7,(anonymous_2)
FNDA:0,(anonymous_3)
FNDA:7,(anonymous_4)
FNDA:0,(anonymous_5)
FNDA:0,(anonymous_6)
FNDA:0,(anonymous_7)
FNDA:7,(anonymous_8)
FNDA:0,(anonymous_9)
DA:4,1
DA:5,1
DA:8,1
DA:62,1
DA:64,1
DA:67,1
DA:68,1
DA:69,1
DA:72,7
DA:73,7
DA:74,7
DA:75,7
DA:76,7
DA:77,7
DA:80,7
DA:83,7
DA:86,0
DA:89,7
DA:91,0
DA:100,0
DA:116,0
DA:118,7
DA:131,0
DA:141,1
LF:24
LH:19
BRDA:86,0,0,7
BRDA:86,0,1,3
BRDA:91,1,0,7
BRDA:91,1,1,3
BRDA:100,2,0,7
BRDA:100,2,1,3
BRDA:107,3,0,7
BRDA:107,3,1,0
BRDA:116,4,0,7
BRDA:116,4,1,3
BRDA:120,5,0,0
BRDA:120,5,1,7
BRF:12
BRH:10
end_of_record
