TN:
SF:src/components/Common/Footer.vue
FN:9,(anonymous_0)
FN:22,render
FN:31,(anonymous_2)
FN:34,(anonymous_3)
FN:38,(anonymous_4)
FN:38,(anonymous_5)
FN:46,(anonymous_6)
FN:54,(anonymous_7)
FNF:8
FNH:8
FNDA:1,(anonymous_0)
FNDA:1,render
FNDA:1,(anonymous_2)
FNDA:1,(anonymous_3)
FNDA:1,(anonymous_4)
FNDA:6,(anonymous_5)
FNDA:6,(anonymous_6)
FNDA:1,(anonymous_7)
DA:4,1
DA:7,1
DA:8,1
DA:9,1
DA:13,1
DA:15,1
DA:18,1
DA:19,1
DA:20,1
DA:23,1
DA:24,1
DA:25,1
DA:26,1
DA:27,1
DA:28,1
DA:31,1
DA:34,1
DA:38,1
DA:39,6
DA:46,6
DA:54,1
DA:66,1
LF:22
LH:22
BRF:0
BRH:0
end_of_record
TN:
SF:src/components/Common/Iterable.vue
FN:99,render
FN:112,(anonymous_1)
FN:119,(anonymous_2)
FN:125,(anonymous_3)
FN:127,(anonymous_4)
FN:134,(anonymous_5)
FN:136,(anonymous_6)
FN:143,(anonymous_7)
FN:145,(anonymous_8)
FN:152,(anonymous_9)
FN:154,(anonymous_10)
FN:158,(anonymous_11)
FN:164,(anonymous_12)
FN:171,(anonymous_13)
FN:171,(anonymous_14)
FN:180,(anonymous_15)
FN:192,(anonymous_16)
FN:197,(anonymous_17)
FN:199,(anonymous_18)
FNF:19
FNH:12
FNDA:4,render
FNDA:0,(anonymous_1)
FNDA:0,(anonymous_2)
FNDA:0,(anonymous_3)
FNDA:1,(anonymous_4)
FNDA:0,(anonymous_5)
FNDA:1,(anonymous_6)
FNDA:0,(anonymous_7)
FNDA:1,(anonymous_8)
FNDA:0,(anonymous_9)
FNDA:1,(anonymous_10)
FNDA:4,(anonymous_11)
FNDA:4,(anonymous_12)
FNDA:1,(anonymous_13)
FNDA:1,(anonymous_14)
FNDA:1,(anonymous_15)
FNDA:4,(anonymous_16)
FNDA:0,(anonymous_17)
FNDA:4,(anonymous_18)
DA:4,4
DA:5,4
DA:8,4
DA:83,4
DA:85,4
DA:88,4
DA:89,4
DA:90,4
DA:93,4
DA:96,4
DA:100,4
DA:101,4
DA:102,4
DA:103,4
DA:104,4
DA:105,4
DA:106,4
DA:112,0
DA:119,0
DA:125,0
DA:127,1
DA:134,0
DA:136,1
DA:143,0
DA:145,1
DA:152,0
DA:154,1
DA:159,4
DA:164,4
DA:171,1
DA:172,1
DA:180,1
DA:193,4
DA:197,0
DA:199,4
DA:204,4
LF:36
LH:29
BRDA:106,0,0,3
BRDA:106,0,1,1
BRDA:112,1,0,3
BRDA:112,1,1,2
BRDA:113,2,0,3
BRDA:113,2,1,1
BRDA:119,3,0,3
BRDA:119,3,1,2
BRDA:120,4,0,1
BRDA:120,4,1,3
BRDA:125,5,0,1
BRDA:125,5,1,1
BRDA:129,6,0,1
BRDA:129,6,1,3
BRDA:134,7,0,1
BRDA:134,7,1,1
BRDA:138,8,0,1
BRDA:138,8,1,3
BRDA:143,9,0,1
BRDA:143,9,1,1
BRDA:147,10,0,1
BRDA:147,10,1,3
BRDA:152,11,0,1
BRDA:152,11,1,1
BRDA:156,12,0,3
BRDA:156,12,1,1
BRDA:170,13,0,1
BRDA:170,13,1,3
BRDA:180,14,0,1
BRDA:180,14,1,0
BRF:30
BRH:29
end_of_record
TN:
SF:src/components/Course/CourseCard.vue
FN:11,(anonymous_0)
FN:14,(anonymous_1)
FN:18,(anonymous_2)
FN:21,(anonymous_3)
FN:33,render
FN:49,(anonymous_5)
FN:54,(anonymous_6)
FN:57,(anonymous_7)
FN:68,(anonymous_8)
FN:84,(anonymous_9)
FN:92,(anonymous_10)
FN:98,(anonymous_11)
FN:106,(anonymous_12)
FN:110,(anonymous_13)
FN:114,(anonymous_14)
FN:115,(anonymous_15)
FNF:16
FNH:12
FNDA:2,(anonymous_0)
FNDA:2,(anonymous_1)
FNDA:1,(anonymous_2)
FNDA:0,(anonymous_3)
FNDA:2,render
FNDA:2,(anonymous_5)
FNDA:2,(anonymous_6)
FNDA:0,(anonymous_7)
FNDA:2,(anonymous_8)
FNDA:2,(anonymous_9)
FNDA:2,(anonymous_10)
FNDA:2,(anonymous_11)
FNDA:0,(anonymous_12)
FNDA:0,(anonymous_13)
FNDA:2,(anonymous_14)
FNDA:2,(anonymous_15)
DA:4,7
DA:7,7
DA:8,7
DA:9,7
DA:12,2
DA:14,2
DA:19,1
DA:22,0
DA:26,7
DA:28,7
DA:31,7
DA:32,7
DA:34,2
DA:35,2
DA:36,2
DA:37,2
DA:38,2
DA:39,2
DA:40,2
DA:41,2
DA:42,2
DA:43,2
DA:44,2
DA:45,2
DA:46,2
DA:49,2
DA:54,2
DA:60,0
DA:61,0
DA:68,2
DA:84,2
DA:92,2
DA:98,2
DA:106,0
DA:110,0
DA:114,2
DA:115,2
DA:124,7
LF:38
LH:33
BRDA:92,0,0,2
BRDA:92,0,1,0
BRDA:100,1,0,0
BRDA:100,1,1,2
BRDA:109,2,0,0
BRDA:109,2,1,2
BRDA:110,3,0,2
BRDA:110,3,1,2
BRF:8
BRH:5
end_of_record
TN:
SF:src/components/Course/QuestionAnswer.vue
FN:81,render
FN:91,(anonymous_1)
FN:93,(anonymous_2)
FN:96,(anonymous_3)
FN:105,(anonymous_4)
FN:109,(anonymous_5)
FN:115,(anonymous_6)
FN:121,(anonymous_7)
FN:123,(anonymous_8)
FN:131,(anonymous_9)
FN:136,(anonymous_10)
FN:139,(anonymous_11)
FN:141,(anonymous_12)
FN:147,(anonymous_13)
FN:149,(anonymous_14)
FNF:15
FNH:7
FNDA:4,render
FNDA:2,(anonymous_1)
FNDA:4,(anonymous_2)
FNDA:0,(anonymous_3)
FNDA:0,(anonymous_4)
FNDA:0,(anonymous_5)
FNDA:0,(anonymous_6)
FNDA:0,(anonymous_7)
FNDA:0,(anonymous_8)
FNDA:0,(anonymous_9)
FNDA:4,(anonymous_10)
FNDA:2,(anonymous_11)
FNDA:4,(anonymous_12)
FNDA:0,(anonymous_13)
FNDA:4,(anonymous_14)
DA:4,5
DA:5,5
DA:8,5
DA:60,5
DA:62,5
DA:65,5
DA:66,5
DA:67,5
DA:70,5
DA:73,5
DA:77,5
DA:82,4
DA:83,4
DA:84,4
DA:85,4
DA:86,4
DA:87,4
DA:88,4
DA:89,4
DA:91,2
DA:93,4
DA:97,0
DA:105,0
DA:109,0
DA:121,0
DA:123,0
DA:131,0
DA:136,4
DA:139,2
DA:141,4
DA:147,0
DA:149,4
DA:154,5
LF:33
LH:26
BRDA:91,0,0,4
BRDA:91,0,1,2
BRDA:96,1,0,1
BRDA:96,1,1,3
BRDA:113,2,0,0
BRDA:113,2,1,4
BRDA:115,3,0,0
BRDA:115,3,1,0
BRDA:123,4,0,0
BRDA:123,4,1,0
BRDA:139,5,0,4
BRDA:139,5,1,2
BRDA:141,6,0,3
BRDA:141,6,1,1
BRDA:141,7,0,1
BRDA:141,7,1,3
BRDA:143,8,0,4
BRDA:143,8,1,0
BRDA:147,9,0,4
BRDA:147,9,1,2
BRF:20
BRH:14
end_of_record
TN:
SF:src/components/Course/QuestionAnswerForm.vue
FN:11,(anonymous_0)
FN:18,(anonymous_1)
FN:38,render
FN:46,(anonymous_3)
FN:49,(anonymous_4)
FN:54,(anonymous_5)
FN:62,(anonymous_6)
FNF:7
FNH:5
FNDA:1,(anonymous_0)
FNDA:1,(anonymous_1)
FNDA:1,render
FNDA:1,(anonymous_3)
FNDA:0,(anonymous_4)
FNDA:0,(anonymous_5)
FNDA:1,(anonymous_6)
DA:4,1
DA:7,1
DA:8,1
DA:12,1
DA:19,1
DA:24,1
DA:25,1
DA:29,1
DA:31,1
DA:34,1
DA:35,1
DA:36,1
DA:39,1
DA:40,1
DA:41,1
DA:42,1
DA:43,1
DA:46,1
DA:49,0
DA:54,0
DA:62,1
DA:68,1
LF:22
LH:20
BRDA:49,0,0,1
BRDA:49,0,1,1
BRDA:54,1,0,1
BRDA:54,1,1,1
BRF:4
BRH:4
end_of_record
TN:
SF:src/components/Course/Reviews.vue
FN:114,render
FN:132,(anonymous_1)
FN:142,(anonymous_2)
FN:142,(anonymous_3)
FN:146,(anonymous_4)
FN:150,(anonymous_5)
FN:152,(anonymous_6)
FN:167,(anonymous_7)
FN:169,(anonymous_8)
FN:178,(anonymous_9)
FN:186,(anonymous_10)
FN:192,(anonymous_11)
FNF:12
FNH:8
FNDA:3,render
FNDA:3,(anonymous_1)
FNDA:3,(anonymous_2)
FNDA:15,(anonymous_3)
FNDA:0,(anonymous_4)
FNDA:0,(anonymous_5)
FNDA:15,(anonymous_6)
FNDA:3,(anonymous_7)
FNDA:0,(anonymous_8)
FNDA:0,(anonymous_9)
FNDA:3,(anonymous_10)
FNDA:9,(anonymous_11)
DA:4,1
DA:5,1
DA:8,1
DA:78,1
DA:80,1
DA:83,1
DA:84,1
DA:85,1
DA:88,1
DA:91,1
DA:94,1
DA:97,1
DA:100,1
DA:103,1
DA:106,1
DA:109,1
DA:112,1
DA:115,3
DA:116,3
DA:117,3
DA:118,3
DA:119,3
DA:120,3
DA:121,3
DA:122,3
DA:123,3
DA:124,3
DA:125,3
DA:126,3
DA:132,3
DA:142,3
DA:143,15
DA:146,0
DA:150,0
DA:152,15
DA:167,3
DA:169,0
DA:178,0
DA:186,3
DA:193,9
DA:202,1
LF:41
LH:37
BRDA:132,0,0,3
BRDA:132,0,1,0
BRDA:169,1,0,3
BRDA:169,1,1,3
BRDA:178,2,0,3
BRDA:178,2,1,3
BRF:6
BRH:5
end_of_record
TN:
SF:src/components/Graphs/Bar.vue
FN:87,render
FNF:1
FNH:1
FNDA:1,render
DA:4,2
DA:7,2
DA:80,2
DA:82,2
DA:85,2
DA:86,2
DA:88,1
DA:89,1
DA:93,2
LF:9
LH:9
BRF:0
BRH:0
end_of_record
TN:
SF:src/components/Graphs/LineGraph.vue
FN:86,render
FNF:1
FNH:1
FNDA:1,render
DA:4,6
DA:7,6
DA:79,6
DA:81,6
DA:84,6
DA:85,6
DA:87,1
DA:88,1
DA:92,6
LF:9
LH:9
BRF:0
BRH:0
end_of_record
TN:
SF:src/components/Graphs/Pie.vue
FN:84,render
FNF:1
FNH:1
FNDA:1,render
DA:4,4
DA:7,4
DA:77,4
DA:79,4
DA:82,4
DA:83,4
DA:85,1
DA:86,1
DA:90,4
LF:9
LH:9
BRF:0
BRH:0
end_of_record
TN:
SF:src/components/Navbar/AdminNavbar.vue
FN:10,(anonymous_0)
FN:17,(anonymous_1)
FN:29,render
FN:38,(anonymous_3)
FN:40,(anonymous_4)
FN:43,(anonymous_5)
FN:49,(anonymous_6)
FN:54,(anonymous_7)
FN:57,(anonymous_8)
FN:63,(anonymous_9)
FN:67,(anonymous_10)
FN:72,(anonymous_11)
FN:77,(anonymous_12)
FN:80,(anonymous_13)
FN:85,(anonymous_14)
FN:90,(anonymous_15)
FNF:16
FNH:9
FNDA:1,(anonymous_0)
FNDA:2,(anonymous_1)
FNDA:2,render
FNDA:2,(anonymous_3)
FNDA:0,(anonymous_4)
FNDA:2,(anonymous_5)
FNDA:2,(anonymous_6)
FNDA:0,(anonymous_7)
FNDA:0,(anonymous_8)
FNDA:2,(anonymous_9)
FNDA:0,(anonymous_10)
FNDA:1,(anonymous_11)
FNDA:1,(anonymous_12)
FNDA:0,(anonymous_13)
FNDA:0,(anonymous_14)
FNDA:0,(anonymous_15)
DA:4,2
DA:7,2
DA:8,2
DA:9,2
DA:11,1
DA:18,2
DA:22,2
DA:24,2
DA:27,2
DA:28,2
DA:30,2
DA:31,2
DA:32,2
DA:33,2
DA:34,2
DA:35,2
DA:36,2
DA:37,2
DA:38,2
DA:40,0
DA:43,2
DA:49,2
DA:54,0
DA:57,0
DA:63,2
DA:67,0
DA:72,1
DA:77,1
DA:80,0
DA:85,0
DA:90,0
DA:101,2
LF:32
LH:25
BRDA:40,0,0,2
BRDA:40,0,1,1
BRDA:43,1,0,2
BRDA:43,1,1,1
BRDA:57,2,0,0
BRDA:57,2,1,0
BRDA:67,3,0,2
BRDA:67,3,1,1
BRDA:72,4,0,2
BRDA:72,4,1,1
BRDA:77,5,0,2
BRDA:77,5,1,1
BRDA:80,6,0,2
BRDA:80,6,1,1
BRDA:85,7,0,2
BRDA:85,7,1,1
BRDA:90,8,0,2
BRDA:90,8,1,1
BRF:18
BRH:16
end_of_record
TN:
SF:src/components/Navbar/Navbar.vue
FN:106,render
FN:115,(anonymous_1)
FN:120,(anonymous_2)
FN:122,(anonymous_3)
FN:125,(anonymous_4)
FN:127,(anonymous_5)
FN:147,(anonymous_6)
FN:161,(anonymous_7)
FN:162,(anonymous_8)
FN:165,(anonymous_9)
FN:168,(anonymous_10)
FN:173,(anonymous_11)
FN:174,(anonymous_12)
FN:176,(anonymous_13)
FNF:14
FNH:3
FNDA:1,render
FNDA:0,(anonymous_1)
FNDA:0,(anonymous_2)
FNDA:1,(anonymous_3)
FNDA:0,(anonymous_4)
FNDA:1,(anonymous_5)
FNDA:0,(anonymous_6)
FNDA:0,(anonymous_7)
FNDA:0,(anonymous_8)
FNDA:0,(anonymous_9)
FNDA:0,(anonymous_10)
FNDA:0,(anonymous_11)
FNDA:0,(anonymous_12)
FNDA:0,(anonymous_13)
DA:4,8
DA:5,8
DA:8,8
DA:9,8
DA:69,8
DA:71,8
DA:74,8
DA:75,8
DA:76,8
DA:77,8
DA:83,8
DA:86,8
DA:89,8
DA:92,8
DA:95,8
DA:98,8
DA:104,8
DA:107,1
DA:108,1
DA:109,1
DA:110,1
DA:111,1
DA:112,1
DA:113,1
DA:114,1
DA:116,0
DA:120,0
DA:122,1
DA:125,0
DA:127,1
DA:150,0
DA:151,0
DA:161,0
DA:162,0
DA:165,0
DA:169,0
DA:173,0
DA:174,0
DA:176,0
DA:189,8
LF:40
LH:28
BRDA:115,0,0,1
BRDA:115,0,1,1
BRDA:116,1,0,0
BRDA:116,1,1,0
BRDA:119,2,0,1
BRDA:119,2,1,0
BRDA:120,3,0,1
BRDA:120,3,1,1
BRDA:125,4,0,1
BRDA:125,4,1,1
BRDA:129,5,0,0
BRDA:129,5,1,0
BRDA:129,6,0,0
BRDA:129,6,1,0
BRF:14
BRH:7
end_of_record
TN:
SF:src/components/Video/VideoPlayer.vue
FN:84,render
FN:91,(anonymous_1)
FN:96,(anonymous_2)
FNF:3
FNH:0
FNDA:0,render
FNDA:0,(anonymous_1)
FNDA:0,(anonymous_2)
DA:4,1
DA:5,1
DA:8,1
DA:76,1
DA:78,1
DA:81,1
DA:82,1
DA:83,1
DA:85,0
DA:92,0
DA:97,0
DA:103,1
LF:12
LH:9
BRDA:91,0,0,0
BRDA:91,0,1,0
BRDA:92,1,0,0
BRDA:92,1,1,0
BRDA:96,2,0,0
BRDA:96,2,1,0
BRDA:97,3,0,0
BRDA:97,3,1,0
BRF:8
BRH:0
end_of_record
TN:
SF:src/globals/globals.js
FNF:0
FNH:0
DA:1,20
LF:1
LH:1
BRF:0
BRH:0
end_of_record
TN:
SF:src/store/modules/common/actions.js
FN:9,(anonymous_0)
FN:19,(anonymous_1)
FN:27,(anonymous_2)
FNF:3
FNH:2
FNDA:1,(anonymous_0)
FNDA:1,(anonymous_1)
FNDA:0,(anonymous_2)
DA:10,1
DA:11,1
DA:14,1
DA:16,0
DA:20,1
DA:21,1
DA:22,1
DA:24,0
DA:28,0
DA:29,0
DA:30,0
DA:31,0
DA:32,0
DA:40,0
DA:41,0
DA:42,0
DA:44,0
LF:17
LH:6
BRF:0
BRH:0
end_of_record
TN:
SF:src/store/modules/common/index.js
FN:7,(anonymous_0)
FNF:1
FNH:1
FNDA:2,(anonymous_0)
DA:8,2
LF:1
LH:1
BRF:0
BRH:0
end_of_record
TN:
SF:src/store/modules/common/mutations.js
FN:2,(anonymous_0)
FN:5,(anonymous_1)
FNF:2
FNH:2
FNDA:1,(anonymous_0)
FNDA:1,(anonymous_1)
DA:3,1
DA:6,1
DA:7,1
LF:3
LH:3
BRF:0
BRH:0
end_of_record
TN:
SF:src/store/modules/instructor/actions.js
FN:11,(anonymous_0)
FN:30,(anonymous_1)
FN:54,(anonymous_2)
FN:78,(anonymous_3)
FN:102,(anonymous_4)
FN:128,(anonymous_5)
FN:152,(anonymous_6)
FN:183,(anonymous_7)
FN:211,(anonymous_8)
FN:224,(anonymous_9)
FN:237,(anonymous_10)
FN:248,(anonymous_11)
FNF:12
FNH:12
FNDA:1,(anonymous_0)
FNDA:1,(anonymous_1)
FNDA:1,(anonymous_2)
FNDA:1,(anonymous_3)
FNDA:1,(anonymous_4)
FNDA:1,(anonymous_5)
FNDA:1,(anonymous_6)
FNDA:1,(anonymous_7)
FNDA:1,(anonymous_8)
FNDA:1,(anonymous_9)
FNDA:1,(anonymous_10)
FNDA:1,(anonymous_11)
DA:12,1
DA:13,1
DA:19,1
DA:21,0
DA:31,1
DA:32,1
DA:37,1
DA:58,1
DA:59,1
DA:67,1
DA:79,1
DA:80,1
DA:81,1
DA:82,1
DA:83,1
DA:84,1
DA:90,1
DA:92,0
DA:103,1
DA:104,1
DA:105,1
DA:106,1
DA:116,1
DA:118,0
DA:129,1
DA:130,1
DA:131,1
DA:132,1
DA:133,1
DA:134,1
DA:139,1
DA:140,1
DA:142,0
DA:153,1
DA:154,1
DA:155,1
DA:156,1
DA:157,1
DA:159,1
DA:160,1
DA:165,1
DA:166,1
DA:167,1
DA:168,1
DA:170,1
DA:172,0
DA:184,1
DA:185,1
DA:186,1
DA:198,1
DA:200,0
DA:212,1
DA:213,1
DA:216,1
DA:217,1
DA:219,0
DA:220,0
DA:225,1
DA:226,1
DA:227,1
DA:228,1
DA:234,1
DA:238,1
DA:245,1
DA:249,1
DA:255,1
LF:66
LH:58
BRF:0
BRH:0
end_of_record
TN:
SF:src/store/modules/instructor/index.js
FN:7,(anonymous_0)
FNF:1
FNH:0
FNDA:0,(anonymous_0)
DA:8,0
LF:1
LH:0
BRF:0
BRH:0
end_of_record
TN:
SF:src/store/modules/instructor/mutations.js
FN:2,(anonymous_0)
FN:5,(anonymous_1)
FN:8,(anonymous_2)
FN:11,(anonymous_3)
FN:14,(anonymous_4)
FN:17,(anonymous_5)
FN:20,(anonymous_6)
FN:23,(anonymous_7)
FN:26,(anonymous_8)
FN:29,(anonymous_9)
FNF:10
FNH:10
FNDA:1,(anonymous_0)
FNDA:1,(anonymous_1)
FNDA:1,(anonymous_2)
FNDA:1,(anonymous_3)
FNDA:1,(anonymous_4)
FNDA:2,(anonymous_5)
FNDA:1,(anonymous_6)
FNDA:1,(anonymous_7)
FNDA:1,(anonymous_8)
FNDA:1,(anonymous_9)
DA:3,1
DA:6,1
DA:9,1
DA:12,1
DA:15,1
DA:18,2
DA:21,1
DA:24,1
DA:27,1
DA:30,1
DA:31,1
LF:11
LH:11
BRF:0
BRH:0
end_of_record
TN:
SF:src/store/modules/student/actions.js
FN:4,(anonymous_0)
FN:15,(anonymous_1)
FN:38,(anonymous_2)
FN:49,(anonymous_3)
FN:63,(anonymous_4)
FN:78,(anonymous_5)
FN:100,(anonymous_6)
FNF:7
FNH:5
FNDA:1,(anonymous_0)
FNDA:1,(anonymous_1)
FNDA:1,(anonymous_2)
FNDA:1,(anonymous_3)
FNDA:1,(anonymous_4)
FNDA:0,(anonymous_5)
FNDA:0,(anonymous_6)
DA:5,1
DA:6,1
DA:7,1
DA:10,1
DA:12,0
DA:16,1
DA:17,1
DA:18,1
DA:19,1
DA:20,1
DA:25,1
DA:27,0
DA:39,1
DA:40,1
DA:43,1
DA:45,0
DA:46,0
DA:50,1
DA:51,1
DA:60,0
DA:64,1
DA:65,1
DA:71,1
DA:72,1
DA:83,0
DA:84,0
DA:85,0
DA:101,0
DA:102,0
DA:108,0
DA:109,0
DA:111,0
DA:112,0
LF:33
LH:19
BRF:0
BRH:0
end_of_record
TN:
SF:src/store/modules/student/index.js
FN:7,(anonymous_0)
FNF:1
FNH:0
FNDA:0,(anonymous_0)
DA:8,0
LF:1
LH:0
BRF:0
BRH:0
end_of_record
TN:
SF:src/store/modules/student/mutations.js
FN:2,(anonymous_0)
FN:10,(anonymous_1)
FN:20,(anonymous_2)
FN:24,(anonymous_3)
FNF:4
FNH:3
FNDA:1,(anonymous_0)
FNDA:1,(anonymous_1)
FNDA:2,(anonymous_2)
FNDA:0,(anonymous_3)
DA:3,1
DA:11,1
DA:21,2
DA:25,0
LF:4
LH:3
BRF:0
BRH:0
end_of_record
TN:
SF:src/store/modules/user/actions.js
FN:4,(anonymous_0)
FN:29,(anonymous_1)
FN:59,(anonymous_2)
FNF:3
FNH:3
FNDA:1,(anonymous_0)
FNDA:1,(anonymous_1)
FNDA:1,(anonymous_2)
DA:5,1
DA:6,1
DA:12,1
DA:13,1
DA:14,1
DA:15,1
DA:16,1
DA:18,1
DA:20,0
DA:30,1
DA:31,1
DA:32,1
DA:35,1
DA:36,1
DA:37,1
DA:38,0
DA:39,0
DA:41,1
DA:42,1
DA:43,1
DA:44,1
DA:45,1
DA:46,1
DA:47,1
DA:48,1
DA:50,0
DA:60,1
DA:61,1
DA:62,1
DA:67,1
DA:68,1
DA:69,1
DA:70,1
DA:71,1
DA:72,1
DA:73,1
DA:74,1
DA:75,1
DA:76,1
DA:77,1
DA:78,1
DA:79,0
DA:80,0
DA:81,0
DA:83,1
DA:85,0
DA:86,0
LF:47
LH:38
BRDA:36,0,0,1
BRDA:36,0,1,0
BRDA:38,1,0,0
BRDA:38,1,1,0
BRDA:78,2,0,0
BRDA:78,2,1,1
BRF:6
BRH:2
end_of_record
TN:
SF:src/store/modules/user/getters.js
FNF:0
FNH:0
LF:0
LH:0
BRF:0
BRH:0
end_of_record
TN:
SF:src/store/modules/user/index.js
FN:7,(anonymous_0)
FNF:1
FNH:1
FNDA:3,(anonymous_0)
DA:8,3
LF:1
LH:1
BRDA:10,0,0,3
BRDA:10,0,1,2
BRDA:11,1,0,3
BRDA:11,1,1,2
BRDA:12,2,0,3
BRDA:12,2,1,2
BRDA:13,3,0,3
BRDA:13,3,1,2
BRF:8
BRH:8
end_of_record
TN:
SF:src/store/modules/user/mutations.js
FN:2,(anonymous_0)
FN:6,(anonymous_1)
FN:9,(anonymous_2)
FN:12,(anonymous_3)
FN:15,(anonymous_4)
FN:18,(anonymous_5)
FNF:6
FNH:5
FNDA:3,(anonymous_0)
FNDA:3,(anonymous_1)
FNDA:3,(anonymous_2)
FNDA:3,(anonymous_3)
FNDA:3,(anonymous_4)
FNDA:0,(anonymous_5)
DA:3,3
DA:4,3
DA:7,3
DA:10,3
DA:13,3
DA:16,3
DA:19,0
DA:20,0
DA:21,0
DA:22,0
LF:10
LH:6
BRF:0
BRH:0
end_of_record
TN:
SF:src/ui/AdminHomeCard.vue
FN:27,render
FN:40,(anonymous_1)
FN:44,(anonymous_2)
FN:45,(anonymous_3)
FN:53,(anonymous_4)
FN:54,(anonymous_5)
FNF:6
FNH:6
FNDA:1,render
FNDA:1,(anonymous_1)
FNDA:1,(anonymous_2)
FNDA:1,(anonymous_3)
FNDA:1,(anonymous_4)
FNDA:1,(anonymous_5)
DA:4,4
DA:7,4
DA:8,4
DA:11,4
DA:13,4
DA:16,4
DA:17,4
DA:18,4
DA:21,4
DA:24,4
DA:28,1
DA:29,1
DA:30,1
DA:31,1
DA:32,1
DA:33,1
DA:40,1
DA:44,1
DA:45,1
DA:53,1
DA:54,1
DA:66,4
LF:22
LH:22
BRF:0
BRH:0
end_of_record
TN:
SF:src/ui/Alert.vue
FN:9,(anonymous_0)
FN:25,render
FN:30,(anonymous_2)
FN:38,(anonymous_3)
FN:43,(anonymous_4)
FN:46,(anonymous_5)
FNF:6
FNH:4
FNDA:1,(anonymous_0)
FNDA:1,render
FNDA:0,(anonymous_2)
FNDA:1,(anonymous_3)
FNDA:0,(anonymous_4)
FNDA:1,(anonymous_5)
DA:4,2
DA:7,2
DA:8,2
DA:9,1
DA:14,2
DA:16,2
DA:19,2
DA:20,2
DA:21,2
DA:26,1
DA:27,1
DA:28,1
DA:30,0
DA:38,1
DA:43,0
DA:46,1
DA:49,2
LF:17
LH:15
BRDA:30,0,0,1
BRDA:30,0,1,1
BRDA:41,1,0,1
BRDA:41,1,1,0
BRDA:41,2,0,1
BRDA:41,2,1,0
BRDA:43,3,0,1
BRDA:43,3,1,1
BRF:8
BRH:6
end_of_record
TN:
SF:src/ui/CarouselText.vue
FN:27,render
FNF:1
FNH:1
FNDA:1,render
DA:4,2
DA:7,2
DA:8,2
DA:11,2
DA:13,2
DA:16,2
DA:17,2
DA:18,2
DA:21,2
DA:24,2
DA:28,1
DA:29,2
LF:12
LH:12
BRF:0
BRH:0
end_of_record
TN:
SF:src/ui/Loader.vue
FN:10,(anonymous_0)
FN:27,render
FNF:2
FNH:2
FNDA:1,(anonymous_0)
FNDA:1,render
DA:4,2
DA:7,2
DA:8,2
DA:11,1
DA:14,2
DA:16,2
DA:19,2
DA:20,2
DA:21,2
DA:24,2
DA:28,1
DA:29,1
DA:35,2
LF:13
LH:13
BRF:0
BRH:0
end_of_record
TN:
SF:src/ui/ReviewCard.vue
FN:60,render
FNF:1
FNH:1
FNDA:1,render
DA:4,2
DA:5,2
DA:8,2
DA:25,2
DA:27,2
DA:30,2
DA:31,2
DA:32,2
DA:35,2
DA:42,2
DA:45,2
DA:49,2
DA:52,2
DA:57,2
DA:61,1
DA:62,1
DA:63,1
DA:75,2
LF:18
LH:18
BRF:0
BRH:0
end_of_record
TN:
SF:src/ui/Search.vue
FN:79,render
FN:85,(anonymous_1)
FN:91,(anonymous_2)
FN:92,(anonymous_3)
FN:95,(anonymous_4)
FN:101,(anonymous_5)
FN:110,(anonymous_6)
FN:110,(anonymous_7)
FNF:8
FNH:4
FNDA:2,render
FNDA:0,(anonymous_1)
FNDA:1,(anonymous_2)
FNDA:1,(anonymous_3)
FNDA:0,(anonymous_4)
FNDA:2,(anonymous_5)
FNDA:0,(anonymous_6)
FNDA:0,(anonymous_7)
DA:4,9
DA:5,9
DA:8,9
DA:9,9
DA:69,9
DA:71,9
DA:74,9
DA:75,9
DA:76,9
DA:80,2
DA:81,2
DA:82,2
DA:83,2
DA:86,0
DA:91,1
DA:93,1
DA:96,0
DA:101,2
DA:110,0
DA:111,0
DA:124,9
LF:21
LH:17
BRDA:85,0,0,2
BRDA:85,0,1,1
BRDA:86,1,0,0
BRDA:86,1,1,0
BRDA:91,2,0,2
BRDA:91,2,1,1
BRDA:92,3,0,2
BRDA:92,3,1,1
BRDA:93,4,0,1
BRDA:93,4,1,1
BRDA:95,5,0,2
BRDA:95,5,1,1
BRDA:96,6,0,0
BRDA:96,6,1,0
BRDA:103,7,0,0
BRDA:103,7,1,2
BRF:16
BRH:11
end_of_record
TN:
SF:src/ui/SnackBar.vue
FN:37,render
FN:42,(anonymous_1)
FN:46,(anonymous_2)
FN:52,(anonymous_3)
FN:60,(anonymous_4)
FNF:5
FNH:0
FNDA:0,render
FNDA:0,(anonymous_1)
FNDA:0,(anonymous_2)
FNDA:0,(anonymous_3)
FNDA:0,(anonymous_4)
DA:4,1
DA:7,1
DA:24,1
DA:26,1
DA:29,1
DA:30,1
DA:31,1
DA:38,0
DA:39,0
DA:40,0
DA:42,0
DA:46,0
DA:52,0
DA:60,0
DA:66,1
LF:15
LH:8
BRDA:42,0,0,0
BRDA:42,0,1,0
BRDA:46,1,0,0
BRDA:46,1,1,0
BRF:4
BRH:0
end_of_record
TN:
SF:src/ui/StatCard.vue
FN:11,(anonymous_0)
FN:15,(anonymous_1)
FN:36,render
FN:44,(anonymous_3)
FN:46,(anonymous_4)
FN:46,(anonymous_5)
FN:50,(anonymous_6)
FNF:7
FNH:4
FNDA:1,(anonymous_0)
FNDA:0,(anonymous_1)
FNDA:1,render
FNDA:0,(anonymous_3)
FNDA:1,(anonymous_4)
FNDA:2,(anonymous_5)
FNDA:0,(anonymous_6)
DA:4,2
DA:7,2
DA:8,2
DA:9,2
DA:12,1
DA:16,0
DA:20,2
DA:22,2
DA:25,2
DA:26,2
DA:27,2
DA:28,2
DA:33,2
DA:37,1
DA:38,1
DA:39,1
DA:44,0
DA:46,1
DA:47,2
DA:50,0
DA:56,2
LF:21
LH:18
BRF:0
BRH:0
end_of_record
TN:
SF:src/utils/validation-rules/discountValidation.js
FN:1,(anonymous_0)
FNF:1
FNH:0
FNDA:0,(anonymous_0)
DA:1,1
DA:2,0
DA:3,0
LF:3
LH:1
BRDA:2,0,0,0
BRDA:2,0,1,0
BRDA:2,1,0,0
BRDA:2,1,1,0
BRF:4
BRH:0
end_of_record
TN:
SF:src/utils/validation-rules/priceValidation.js
FN:1,(anonymous_0)
FNF:1
FNH:0
FNDA:0,(anonymous_0)
DA:1,1
DA:2,0
DA:3,0
DA:4,0
LF:4
LH:1
BRDA:2,0,0,0
BRDA:2,0,1,0
BRDA:3,1,0,0
BRDA:3,1,1,0
BRF:4
BRH:0
end_of_record
TN:
SF:src/utils/validation-rules/titleValidation.js
FN:1,(anonymous_0)
FNF:1
FNH:0
FNDA:0,(anonymous_0)
DA:1,1
DA:2,0
DA:7,0
DA:9,0
LF:4
LH:1
BRDA:2,0,0,0
BRDA:2,0,1,0
BRDA:3,1,0,0
BRDA:3,1,1,0
BRDA:3,1,2,0
BRF:5
BRH:0
end_of_record
TN:
SF:src/views/admin/AdminCourseStatus.vue
FN:95,render
FN:109,(anonymous_1)
FN:109,(anonymous_2)
FN:115,(anonymous_3)
FN:119,(anonymous_4)
FN:125,(anonymous_5)
FN:130,(anonymous_6)
FN:139,(anonymous_7)
FN:143,(anonymous_8)
FN:147,(anonymous_9)
FN:149,(anonymous_10)
FN:151,(anonymous_11)
FN:155,(anonymous_12)
FN:157,(anonymous_13)
FN:174,(anonymous_14)
FN:174,(anonymous_15)
FN:180,(anonymous_16)
FN:184,(anonymous_17)
FN:190,(anonymous_18)
FN:195,(anonymous_19)
FN:204,(anonymous_20)
FN:208,(anonymous_21)
FN:212,(anonymous_22)
FN:214,(anonymous_23)
FN:216,(anonymous_24)
FNF:25
FNH:22
FNDA:4,render
FNDA:4,(anonymous_1)
FNDA:2,(anonymous_2)
FNDA:2,(anonymous_3)
FNDA:2,(anonymous_4)
FNDA:2,(anonymous_5)
FNDA:2,(anonymous_6)
FNDA:2,(anonymous_7)
FNDA:2,(anonymous_8)
FNDA:2,(anonymous_9)
FNDA:0,(anonymous_10)
FNDA:2,(anonymous_11)
FNDA:0,(anonymous_12)
FNDA:2,(anonymous_13)
FNDA:4,(anonymous_14)
FNDA:2,(anonymous_15)
FNDA:2,(anonymous_16)
FNDA:2,(anonymous_17)
FNDA:2,(anonymous_18)
FNDA:2,(anonymous_19)
FNDA:2,(anonymous_20)
FNDA:2,(anonymous_21)
FNDA:2,(anonymous_22)
FNDA:0,(anonymous_23)
FNDA:2,(anonymous_24)
DA:4,1
DA:5,1
DA:8,1
DA:9,1
DA:67,1
DA:69,1
DA:72,1
DA:73,1
DA:74,1
DA:77,1
DA:80,1
DA:83,1
DA:86,1
DA:89,1
DA:92,1
DA:96,4
DA:97,4
DA:98,4
DA:99,4
DA:100,4
DA:101,4
DA:102,4
DA:103,4
DA:104,4
DA:105,4
DA:106,4
DA:109,4
DA:110,2
DA:115,2
DA:119,2
DA:125,2
DA:130,2
DA:139,2
DA:143,2
DA:147,2
DA:149,0
DA:151,2
DA:155,0
DA:157,2
DA:174,4
DA:175,2
DA:180,2
DA:184,2
DA:190,2
DA:195,2
DA:204,2
DA:208,2
DA:212,2
DA:214,0
DA:216,2
DA:231,1
LF:51
LH:48
BRDA:130,0,0,0
BRDA:130,0,1,2
BRDA:195,1,0,0
BRDA:195,1,1,2
BRF:4
BRH:2
end_of_record
TN:
SF:src/views/admin/AdminCourses.vue
FN:88,render
FN:101,(anonymous_1)
FN:105,(anonymous_2)
FN:110,(anonymous_3)
FN:123,(anonymous_4)
FN:128,(anonymous_5)
FN:141,(anonymous_6)
FN:146,(anonymous_7)
FN:158,(anonymous_8)
FN:163,(anonymous_9)
FNF:10
FNH:10
FNDA:4,render
FNDA:4,(anonymous_1)
FNDA:4,(anonymous_2)
FNDA:4,(anonymous_3)
FNDA:4,(anonymous_4)
FNDA:4,(anonymous_5)
FNDA:4,(anonymous_6)
FNDA:4,(anonymous_7)
FNDA:4,(anonymous_8)
FNDA:4,(anonymous_9)
DA:4,1
DA:5,1
DA:8,1
DA:81,1
DA:83,1
DA:86,1
DA:87,1
DA:89,4
DA:90,4
DA:91,4
DA:92,4
DA:93,4
DA:94,4
DA:95,4
DA:96,4
DA:101,4
DA:105,4
DA:110,4
DA:123,4
DA:128,4
DA:141,4
DA:146,4
DA:158,4
DA:163,4
DA:176,1
LF:25
LH:25
BRF:0
BRH:0
end_of_record
TN:
SF:src/views/admin/AdminHomePage.vue
FN:71,render
FN:80,(anonymous_1)
FN:84,(anonymous_2)
FN:85,(anonymous_3)
FN:118,(anonymous_4)
FN:123,(anonymous_5)
FN:123,(anonymous_6)
FNF:7
FNH:6
FNDA:4,render
FNDA:4,(anonymous_1)
FNDA:4,(anonymous_2)
FNDA:4,(anonymous_3)
FNDA:4,(anonymous_4)
FNDA:4,(anonymous_5)
FNDA:0,(anonymous_6)
DA:4,1
DA:5,1
DA:8,1
DA:58,1
DA:60,1
DA:63,1
DA:64,1
DA:65,1
DA:68,1
DA:72,4
DA:73,4
DA:74,4
DA:75,4
DA:76,4
DA:77,4
DA:80,4
DA:84,4
DA:85,4
DA:118,4
DA:123,4
DA:124,0
DA:137,1
LF:22
LH:21
BRF:0
BRH:0
end_of_record
TN:
SF:src/views/admin/AdminInstructors.vue
FN:81,render
FN:93,(anonymous_1)
FN:97,(anonymous_2)
FN:102,(anonymous_3)
FN:115,(anonymous_4)
FN:120,(anonymous_5)
FN:132,(anonymous_6)
FN:137,(anonymous_7)
FN:138,(anonymous_8)
FN:139,(anonymous_9)
FNF:10
FNH:10
FNDA:4,render
FNDA:4,(anonymous_1)
FNDA:4,(anonymous_2)
FNDA:4,(anonymous_3)
FNDA:4,(anonymous_4)
FNDA:4,(anonymous_5)
FNDA:4,(anonymous_6)
FNDA:4,(anonymous_7)
FNDA:4,(anonymous_8)
FNDA:4,(anonymous_9)
DA:4,1
DA:5,1
DA:8,1
DA:9,1
DA:74,1
DA:76,1
DA:79,1
DA:80,1
DA:82,4
DA:83,4
DA:84,4
DA:85,4
DA:86,4
DA:87,4
DA:88,4
DA:93,4
DA:97,4
DA:102,4
DA:115,4
DA:120,4
DA:132,4
DA:137,4
DA:138,4
DA:139,4
DA:150,1
LF:25
LH:25
BRF:0
BRH:0
end_of_record
TN:
SF:src/views/admin/AdminRevenue.vue
FN:74,render
FN:93,(anonymous_1)
FNF:2
FNH:1
FNDA:5,render
FNDA:0,(anonymous_1)
DA:4,1
DA:5,1
DA:8,1
DA:57,1
DA:59,1
DA:62,1
DA:63,1
DA:64,1
DA:72,1
DA:75,5
DA:76,5
DA:77,5
DA:78,5
DA:79,5
DA:93,0
DA:99,1
LF:16
LH:15
BRDA:93,0,0,5
BRDA:93,0,1,2
BRF:2
BRH:2
end_of_record
TN:
SF:src/views/admin/AdminStudents.vue
FN:65,render
FN:77,(anonymous_1)
FN:81,(anonymous_2)
FN:86,(anonymous_3)
FN:99,(anonymous_4)
FN:104,(anonymous_5)
FNF:6
FNH:6
FNDA:6,render
FNDA:6,(anonymous_1)
FNDA:6,(anonymous_2)
FNDA:6,(anonymous_3)
FNDA:6,(anonymous_4)
FNDA:6,(anonymous_5)
DA:4,1
DA:5,1
DA:8,1
DA:58,1
DA:60,1
DA:63,1
DA:64,1
DA:66,6
DA:67,6
DA:68,6
DA:69,6
DA:70,6
DA:71,6
DA:72,6
DA:77,6
DA:81,6
DA:86,6
DA:99,6
DA:104,6
DA:116,1
LF:20
LH:20
BRF:0
BRH:0
end_of_record
TN:
SF:src/views/common/CheckOut.vue
FN:71,render
FN:78,(anonymous_1)
FNF:2
FNH:2
FNDA:2,render
FNDA:2,(anonymous_1)
DA:4,1
DA:5,1
DA:8,1
DA:64,1
DA:66,1
DA:69,1
DA:70,1
DA:72,2
DA:73,2
DA:78,2
DA:81,1
LF:11
LH:11
BRF:0
BRH:0
end_of_record
TN:
SF:src/views/common/EmailForm.vue
FN:100,render
FN:109,(anonymous_1)
FN:113,(anonymous_2)
FN:115,(anonymous_3)
FN:122,(anonymous_4)
FNF:5
FNH:4
FNDA:9,render
FNDA:9,(anonymous_1)
FNDA:9,(anonymous_2)
FNDA:0,(anonymous_3)
FNDA:9,(anonymous_4)
DA:4,1
DA:5,1
DA:8,1
DA:9,1
DA:83,1
DA:85,1
DA:88,1
DA:89,1
DA:90,1
DA:93,1
DA:94,1
DA:101,9
DA:102,9
DA:103,9
DA:104,9
DA:105,9
DA:106,9
DA:109,9
DA:113,9
DA:115,0
DA:122,9
DA:140,1
LF:22
LH:21
BRDA:115,0,0,9
BRDA:115,0,1,3
BRDA:129,1,0,2
BRDA:129,1,1,7
BRDA:134,2,0,4
BRDA:134,2,1,5
BRF:6
BRH:6
end_of_record
TN:
SF:src/views/common/SearchResultsPage.vue
FN:76,render
FNF:1
FNH:1
FNDA:4,render
DA:4,1
DA:5,1
DA:8,1
DA:59,1
DA:61,1
DA:64,1
DA:65,1
DA:66,1
DA:70,1
DA:73,1
DA:77,4
DA:78,4
DA:79,4
DA:80,4
DA:94,1
LF:15
LH:15
BRDA:80,0,0,2
BRDA:80,0,1,2
BRDA:85,1,0,2
BRDA:85,1,1,2
BRDA:85,2,0,2
BRDA:85,2,1,0
BRDA:90,3,0,2
BRDA:90,3,1,2
BRF:8
BRH:7
end_of_record
TN:
SF:src/views/instructor/InstructorAddCourse.vue
FN:111,render
FN:126,(anonymous_1)
FN:128,(anonymous_2)
FN:135,(anonymous_3)
FN:137,(anonymous_4)
FN:144,(anonymous_5)
FN:146,(anonymous_6)
FN:150,(anonymous_7)
FN:156,(anonymous_8)
FN:162,(anonymous_9)
FN:166,(anonymous_10)
FN:173,(anonymous_11)
FN:179,(anonymous_12)
FN:194,(anonymous_13)
FNF:14
FNH:6
FNDA:5,render
FNDA:0,(anonymous_1)
FNDA:5,(anonymous_2)
FNDA:5,(anonymous_3)
FNDA:0,(anonymous_4)
FNDA:0,(anonymous_5)
FNDA:3,(anonymous_6)
FNDA:3,(anonymous_7)
FNDA:0,(anonymous_8)
FNDA:0,(anonymous_9)
FNDA:0,(anonymous_10)
FNDA:0,(anonymous_11)
FNDA:0,(anonymous_12)
FNDA:5,(anonymous_13)
DA:4,1
DA:5,1
DA:8,1
DA:9,1
DA:89,1
DA:91,1
DA:94,1
DA:95,1
DA:96,1
DA:104,1
DA:107,1
DA:108,1
DA:112,5
DA:113,5
DA:114,5
DA:115,5
DA:116,5
DA:117,5
DA:118,5
DA:119,5
DA:120,5
DA:121,5
DA:126,0
DA:128,5
DA:135,5
DA:137,0
DA:144,0
DA:147,3
DA:150,3
DA:156,0
DA:162,0
DA:166,0
DA:173,0
DA:179,0
DA:194,5
DA:202,1
LF:36
LH:28
BRDA:126,0,0,5
BRDA:126,0,1,3
BRDA:137,1,0,5
BRDA:137,1,1,3
BRDA:144,2,0,5
BRDA:144,2,1,3
BRDA:156,3,0,5
BRDA:156,3,1,3
BRDA:160,4,0,0
BRDA:160,4,1,5
BRDA:173,5,0,5
BRDA:173,5,1,3
BRDA:179,6,0,5
BRDA:179,6,1,3
BRF:14
BRH:13
end_of_record
TN:
SF:src/views/instructor/InstructorCourse.vue
FN:197,render
FN:222,(anonymous_1)
FN:224,(anonymous_2)
FN:226,(anonymous_3)
FN:227,(anonymous_4)
FN:228,(anonymous_5)
FN:232,(anonymous_6)
FN:245,(anonymous_7)
FN:255,(anonymous_8)
FN:256,(anonymous_9)
FN:258,(anonymous_10)
FN:264,(anonymous_11)
FN:266,(anonymous_12)
FN:284,(anonymous_13)
FN:285,(anonymous_14)
FN:288,(anonymous_15)
FN:297,(anonymous_16)
FN:300,(anonymous_17)
FN:316,(anonymous_18)
FN:318,(anonymous_19)
FN:324,(anonymous_20)
FN:332,(anonymous_21)
FN:340,(anonymous_22)
FN:347,(anonymous_23)
FN:351,(anonymous_24)
FN:365,(anonymous_25)
FN:365,(anonymous_26)
FN:369,(anonymous_27)
FN:375,(anonymous_28)
FN:382,(anonymous_29)
FN:386,(anonymous_30)
FN:396,(anonymous_31)
FN:396,(anonymous_32)
FN:400,(anonymous_33)
FN:406,(anonymous_34)
FN:413,(anonymous_35)
FN:417,(anonymous_36)
FN:440,(anonymous_37)
FN:453,(anonymous_38)
FNF:39
FNH:18
FNDA:5,render
FNDA:0,(anonymous_1)
FNDA:0,(anonymous_2)
FNDA:5,(anonymous_3)
FNDA:5,(anonymous_4)
FNDA:5,(anonymous_5)
FNDA:5,(anonymous_6)
FNDA:0,(anonymous_7)
FNDA:5,(anonymous_8)
FNDA:5,(anonymous_9)
FNDA:0,(anonymous_10)
FNDA:5,(anonymous_11)
FNDA:0,(anonymous_12)
FNDA:5,(anonymous_13)
FNDA:5,(anonymous_14)
FNDA:0,(anonymous_15)
FNDA:5,(anonymous_16)
FNDA:0,(anonymous_17)
FNDA:5,(anonymous_18)
FNDA:0,(anonymous_19)
FNDA:0,(anonymous_20)
FNDA:0,(anonymous_21)
FNDA:0,(anonymous_22)
FNDA:0,(anonymous_23)
FNDA:0,(anonymous_24)
FNDA:5,(anonymous_25)
FNDA:5,(anonymous_26)
FNDA:0,(anonymous_27)
FNDA:0,(anonymous_28)
FNDA:0,(anonymous_29)
FNDA:0,(anonymous_30)
FNDA:5,(anonymous_31)
FNDA:5,(anonymous_32)
FNDA:0,(anonymous_33)
FNDA:0,(anonymous_34)
FNDA:0,(anonymous_35)
FNDA:0,(anonymous_36)
FNDA:5,(anonymous_37)
FNDA:5,(anonymous_38)
DA:4,1
DA:5,1
DA:8,1
DA:9,1
DA:174,1
DA:176,1
DA:179,1
DA:180,1
DA:181,1
DA:184,1
DA:188,1
DA:191,1
DA:194,1
DA:198,5
DA:199,5
DA:200,5
DA:201,5
DA:202,5
DA:203,5
DA:204,5
DA:205,5
DA:206,5
DA:207,5
DA:208,5
DA:209,5
DA:210,5
DA:211,5
DA:212,5
DA:213,5
DA:222,0
DA:224,0
DA:226,5
DA:227,5
DA:228,5
DA:232,5
DA:245,0
DA:255,5
DA:256,5
DA:258,0
DA:264,5
DA:266,0
DA:284,5
DA:285,5
DA:288,0
DA:297,5
DA:300,0
DA:316,5
DA:318,0
DA:328,0
DA:329,0
DA:332,0
DA:340,0
DA:347,0
DA:351,0
DA:365,5
DA:366,5
DA:369,0
DA:375,0
DA:382,0
DA:386,0
DA:396,5
DA:397,5
DA:400,0
DA:406,0
DA:413,0
DA:417,0
DA:440,5
DA:453,5
DA:458,1
LF:69
LH:47
BRDA:213,0,0,0
BRDA:213,0,1,5
BRDA:222,1,0,5
BRDA:222,1,1,2
BRDA:224,2,0,5
BRDA:224,2,1,2
BRDA:245,3,0,5
BRDA:245,3,1,2
BRDA:258,4,0,5
BRDA:258,4,1,2
BRDA:266,5,0,5
BRDA:266,5,1,2
BRDA:288,6,0,5
BRDA:288,6,1,2
BRDA:300,7,0,5
BRDA:300,7,1,2
BRDA:318,8,0,5
BRDA:318,8,1,2
BRDA:329,9,0,0
BRDA:329,9,1,0
BRDA:335,10,0,0
BRDA:335,10,1,0
BRDA:340,11,0,5
BRDA:340,11,1,2
BRDA:345,12,0,0
BRDA:345,12,1,5
BRDA:375,13,0,5
BRDA:375,13,1,2
BRDA:380,14,0,0
BRDA:380,14,1,5
BRDA:406,15,0,5
BRDA:406,15,1,2
BRDA:411,16,0,0
BRDA:411,16,1,5
BRF:34
BRH:26
end_of_record
TN:
SF:src/views/instructor/InstructorCourseLessons.vue
FN:348,render
FN:372,(anonymous_1)
FN:378,(anonymous_2)
FN:385,(anonymous_3)
FN:390,(anonymous_4)
FN:393,(anonymous_5)
FN:398,(anonymous_6)
FN:398,(anonymous_7)
FN:416,(anonymous_8)
FN:428,(anonymous_9)
FN:429,(anonymous_10)
FN:438,(anonymous_11)
FN:440,(anonymous_12)
FN:444,(anonymous_13)
FN:450,(anonymous_14)
FN:455,(anonymous_15)
FN:458,(anonymous_16)
FN:468,(anonymous_17)
FN:482,(anonymous_18)
FN:487,(anonymous_19)
FN:488,(anonymous_20)
FN:497,(anonymous_21)
FN:498,(anonymous_22)
FN:508,(anonymous_23)
FN:509,(anonymous_24)
FN:517,(anonymous_25)
FN:520,(anonymous_26)
FN:534,(anonymous_27)
FN:540,(anonymous_28)
FN:542,(anonymous_29)
FN:549,(anonymous_30)
FN:554,(anonymous_31)
FN:563,(anonymous_32)
FN:569,(anonymous_33)
FN:575,(anonymous_34)
FNF:35
FNH:16
FNDA:5,render
FNDA:5,(anonymous_1)
FNDA:5,(anonymous_2)
FNDA:0,(anonymous_3)
FNDA:5,(anonymous_4)
FNDA:5,(anonymous_5)
FNDA:5,(anonymous_6)
FNDA:20,(anonymous_7)
FNDA:0,(anonymous_8)
FNDA:5,(anonymous_9)
FNDA:0,(anonymous_10)
FNDA:0,(anonymous_11)
FNDA:5,(anonymous_12)
FNDA:5,(anonymous_13)
FNDA:5,(anonymous_14)
FNDA:0,(anonymous_15)
FNDA:5,(anonymous_16)
FNDA:0,(anonymous_17)
FNDA:0,(anonymous_18)
FNDA:0,(anonymous_19)
FNDA:0,(anonymous_20)
FNDA:0,(anonymous_21)
FNDA:0,(anonymous_22)
FNDA:0,(anonymous_23)
FNDA:10,(anonymous_24)
FNDA:0,(anonymous_25)
FNDA:5,(anonymous_26)
FNDA:5,(anonymous_27)
FNDA:0,(anonymous_28)
FNDA:5,(anonymous_29)
FNDA:0,(anonymous_30)
FNDA:0,(anonymous_31)
FNDA:0,(anonymous_32)
FNDA:0,(anonymous_33)
FNDA:0,(anonymous_34)
DA:4,1
DA:5,1
DA:8,1
DA:9,1
DA:298,1
DA:300,1
DA:303,1
DA:304,1
DA:305,1
DA:308,1
DA:311,1
DA:314,1
DA:315,1
DA:318,1
DA:321,1
DA:328,1
DA:333,1
DA:338,1
DA:339,1
DA:346,1
DA:347,1
DA:349,5
DA:350,5
DA:351,5
DA:352,5
DA:353,5
DA:354,5
DA:355,5
DA:356,5
DA:357,5
DA:358,5
DA:359,5
DA:360,5
DA:361,5
DA:362,5
DA:363,5
DA:364,5
DA:365,5
DA:366,5
DA:372,5
DA:378,5
DA:385,0
DA:390,5
DA:393,5
DA:398,5
DA:399,20
DA:416,0
DA:428,5
DA:429,0
DA:438,0
DA:440,5
DA:444,5
DA:450,5
DA:455,0
DA:458,5
DA:468,0
DA:482,0
DA:487,0
DA:488,0
DA:497,0
DA:498,0
DA:508,0
DA:509,10
DA:517,0
DA:520,5
DA:534,5
DA:540,0
DA:542,5
DA:550,0
DA:554,0
DA:564,0
DA:569,0
DA:575,0
DA:594,1
LF:74
LH:55
BRDA:378,0,0,0
BRDA:378,0,1,5
BRDA:407,1,0,0
BRDA:407,1,1,5
BRDA:407,2,0,5
BRDA:407,2,1,5
BRDA:416,3,0,0
BRDA:416,3,1,0
BRDA:416,4,0,0
BRDA:416,4,1,0
BRDA:418,5,0,0
BRDA:418,5,1,5
BRDA:429,6,0,5
BRDA:429,6,1,2
BRDA:438,7,0,5
BRDA:438,7,1,2
BRDA:455,8,0,5
BRDA:455,8,1,2
BRDA:468,9,0,5
BRDA:468,9,1,2
BRDA:474,10,0,0
BRDA:474,10,1,5
BRDA:482,11,0,0
BRDA:482,11,1,0
BRDA:483,12,0,0
BRDA:483,12,1,5
BRDA:487,13,0,0
BRDA:487,13,1,0
BRDA:493,14,0,0
BRDA:493,14,1,5
BRDA:497,15,0,0
BRDA:497,15,1,0
BRDA:504,16,0,5
BRDA:504,16,1,0
BRDA:508,17,0,5
BRDA:508,17,1,2
BRDA:517,18,0,5
BRDA:517,18,1,2
BRDA:540,19,0,5
BRDA:540,19,1,2
BRF:40
BRH:23
end_of_record
TN:
SF:src/views/instructor/InstructorCourseList.vue
FN:127,render
FN:141,(anonymous_1)
FN:141,(anonymous_2)
FN:147,(anonymous_3)
FN:152,(anonymous_4)
FN:158,(anonymous_5)
FN:163,(anonymous_6)
FN:172,(anonymous_7)
FN:176,(anonymous_8)
FN:180,(anonymous_9)
FN:182,(anonymous_10)
FN:184,(anonymous_11)
FN:188,(anonymous_12)
FN:191,(anonymous_13)
FN:208,(anonymous_14)
FN:208,(anonymous_15)
FN:214,(anonymous_16)
FN:218,(anonymous_17)
FN:224,(anonymous_18)
FN:229,(anonymous_19)
FN:238,(anonymous_20)
FN:242,(anonymous_21)
FN:246,(anonymous_22)
FN:248,(anonymous_23)
FN:250,(anonymous_24)
FN:254,(anonymous_25)
FN:256,(anonymous_26)
FN:273,(anonymous_27)
FN:273,(anonymous_28)
FN:279,(anonymous_29)
FN:283,(anonymous_30)
FN:289,(anonymous_31)
FN:294,(anonymous_32)
FN:303,(anonymous_33)
FN:307,(anonymous_34)
FN:311,(anonymous_35)
FN:313,(anonymous_36)
FN:315,(anonymous_37)
FN:319,(anonymous_38)
FN:321,(anonymous_39)
FNF:40
FNH:15
FNDA:8,render
FNDA:8,(anonymous_1)
FNDA:8,(anonymous_2)
FNDA:8,(anonymous_3)
FNDA:8,(anonymous_4)
FNDA:8,(anonymous_5)
FNDA:8,(anonymous_6)
FNDA:8,(anonymous_7)
FNDA:8,(anonymous_8)
FNDA:8,(anonymous_9)
FNDA:0,(anonymous_10)
FNDA:8,(anonymous_11)
FNDA:1,(anonymous_12)
FNDA:8,(anonymous_13)
FNDA:8,(anonymous_14)
FNDA:0,(anonymous_15)
FNDA:0,(anonymous_16)
FNDA:0,(anonymous_17)
FNDA:0,(anonymous_18)
FNDA:0,(anonymous_19)
FNDA:0,(anonymous_20)
FNDA:0,(anonymous_21)
FNDA:0,(anonymous_22)
FNDA:0,(anonymous_23)
FNDA:0,(anonymous_24)
FNDA:0,(anonymous_25)
FNDA:0,(anonymous_26)
FNDA:8,(anonymous_27)
FNDA:0,(anonymous_28)
FNDA:0,(anonymous_29)
FNDA:0,(anonymous_30)
FNDA:0,(anonymous_31)
FNDA:0,(anonymous_32)
FNDA:0,(anonymous_33)
FNDA:0,(anonymous_34)
FNDA:0,(anonymous_35)
FNDA:0,(anonymous_36)
FNDA:0,(anonymous_37)
FNDA:0,(anonymous_38)
FNDA:0,(anonymous_39)
DA:4,1
DA:5,1
DA:8,1
DA:9,1
DA:71,1
DA:73,1
DA:76,1
DA:77,1
DA:78,1
DA:86,1
DA:89,1
DA:92,1
DA:96,1
DA:99,1
DA:102,1
DA:105,1
DA:109,1
DA:112,1
DA:115,1
DA:118,1
DA:121,1
DA:124,1
DA:128,8
DA:129,8
DA:130,8
DA:131,8
DA:132,8
DA:133,8
DA:134,8
DA:135,8
DA:136,8
DA:137,8
DA:138,8
DA:141,8
DA:142,8
DA:147,8
DA:152,8
DA:158,8
DA:163,8
DA:172,8
DA:176,8
DA:180,8
DA:182,0
DA:184,8
DA:188,1
DA:191,8
DA:208,8
DA:209,0
DA:214,0
DA:218,0
DA:224,0
DA:229,0
DA:238,0
DA:242,0
DA:246,0
DA:248,0
DA:250,0
DA:254,0
DA:256,0
DA:273,8
DA:274,0
DA:279,0
DA:283,0
DA:289,0
DA:294,0
DA:303,0
DA:307,0
DA:311,0
DA:313,0
DA:315,0
DA:319,0
DA:321,0
DA:336,1
LF:73
LH:48
BRDA:138,0,0,0
BRDA:138,0,1,8
BRDA:163,1,0,8
BRDA:163,1,1,0
BRDA:205,2,0,8
BRDA:205,2,1,0
BRDA:229,3,0,0
BRDA:229,3,1,0
BRDA:279,4,0,0
BRDA:279,4,1,0
BRDA:294,5,0,0
BRDA:294,5,1,0
BRF:12
BRH:3
end_of_record
TN:
SF:src/views/instructor/InstructorCourseStat.vue
FN:95,render
FN:109,(anonymous_1)
FN:113,(anonymous_2)
FN:116,(anonymous_3)
FN:121,(anonymous_4)
FN:127,(anonymous_5)
FN:129,(anonymous_6)
FN:131,(anonymous_7)
FN:134,(anonymous_8)
FN:137,(anonymous_9)
FN:137,(anonymous_10)
FN:150,(anonymous_11)
FN:153,(anonymous_12)
FN:163,(anonymous_13)
FN:167,(anonymous_14)
FN:172,(anonymous_15)
FN:184,(anonymous_16)
FN:189,(anonymous_17)
FNF:18
FNH:15
FNDA:6,render
FNDA:0,(anonymous_1)
FNDA:6,(anonymous_2)
FNDA:6,(anonymous_3)
FNDA:6,(anonymous_4)
FNDA:6,(anonymous_5)
FNDA:0,(anonymous_6)
FNDA:6,(anonymous_7)
FNDA:6,(anonymous_8)
FNDA:6,(anonymous_9)
FNDA:20,(anonymous_10)
FNDA:6,(anonymous_11)
FNDA:0,(anonymous_12)
FNDA:6,(anonymous_13)
FNDA:6,(anonymous_14)
FNDA:6,(anonymous_15)
FNDA:6,(anonymous_16)
FNDA:6,(anonymous_17)
DA:4,1
DA:5,1
DA:8,1
DA:80,1
DA:82,1
DA:85,1
DA:86,1
DA:87,1
DA:96,6
DA:97,6
DA:98,6
DA:99,6
DA:100,6
DA:101,6
DA:102,6
DA:103,6
DA:104,6
DA:105,6
DA:106,6
DA:107,6
DA:109,0
DA:113,6
DA:116,6
DA:121,6
DA:127,6
DA:129,0
DA:131,6
DA:134,6
DA:137,6
DA:138,20
DA:150,6
DA:153,0
DA:163,6
DA:167,6
DA:172,6
DA:184,6
DA:189,6
DA:209,1
LF:38
LH:35
BRDA:109,0,0,6
BRDA:109,0,1,2
BRDA:129,1,0,6
BRDA:129,1,1,2
BRDA:153,2,0,6
BRDA:153,2,1,2
BRF:6
BRH:6
end_of_record
TN:
SF:src/views/instructor/InstructorHomePage.vue
FN:89,render
FNF:1
FNH:1
FNDA:4,render
DA:4,1
DA:5,1
DA:8,1
DA:66,1
DA:68,1
DA:71,1
DA:72,1
DA:73,1
DA:76,1
DA:83,1
DA:86,1
DA:90,4
DA:91,4
DA:98,1
LF:14
LH:14
BRF:0
BRH:0
end_of_record
TN:
SF:src/views/instructor/InstructorProfile.vue
FN:134,render
FN:149,(anonymous_1)
FN:156,(anonymous_2)
FN:160,(anonymous_3)
FN:162,(anonymous_4)
FN:164,(anonymous_5)
FN:171,(anonymous_6)
FN:184,(anonymous_7)
FN:185,(anonymous_8)
FN:189,(anonymous_9)
FN:193,(anonymous_10)
FN:195,(anonymous_11)
FN:206,(anonymous_12)
FN:208,(anonymous_13)
FN:217,(anonymous_14)
FN:221,(anonymous_15)
FN:223,(anonymous_16)
FN:234,(anonymous_17)
FN:235,(anonymous_18)
FN:239,(anonymous_19)
FN:242,(anonymous_20)
FN:249,(anonymous_21)
FN:273,(anonymous_22)
FNF:23
FNH:15
FNDA:11,render
FNDA:11,(anonymous_1)
FNDA:11,(anonymous_2)
FNDA:0,(anonymous_3)
FNDA:11,(anonymous_4)
FNDA:0,(anonymous_5)
FNDA:0,(anonymous_6)
FNDA:0,(anonymous_7)
FNDA:13,(anonymous_8)
FNDA:13,(anonymous_9)
FNDA:13,(anonymous_10)
FNDA:0,(anonymous_11)
FNDA:13,(anonymous_12)
FNDA:0,(anonymous_13)
FNDA:11,(anonymous_14)
FNDA:11,(anonymous_15)
FNDA:0,(anonymous_16)
FNDA:11,(anonymous_17)
FNDA:11,(anonymous_18)
FNDA:11,(anonymous_19)
FNDA:0,(anonymous_20)
FNDA:11,(anonymous_21)
FNDA:11,(anonymous_22)
DA:4,1
DA:5,1
DA:8,1
DA:9,1
DA:124,1
DA:126,1
DA:129,1
DA:130,1
DA:131,1
DA:132,1
DA:135,11
DA:136,11
DA:137,11
DA:138,11
DA:139,11
DA:140,11
DA:141,11
DA:142,11
DA:143,11
DA:144,11
DA:145,11
DA:146,11
DA:149,11
DA:156,11
DA:160,0
DA:162,11
DA:164,0
DA:171,0
DA:184,0
DA:186,13
DA:189,13
DA:193,13
DA:195,0
DA:206,13
DA:208,0
DA:217,11
DA:221,11
DA:223,0
DA:234,11
DA:235,11
DA:239,11
DA:242,0
DA:249,11
DA:273,11
DA:283,1
LF:45
LH:37
BRDA:160,0,0,11
BRDA:160,0,1,3
BRDA:164,1,0,11
BRDA:164,1,1,3
BRDA:171,2,0,11
BRDA:171,2,1,3
BRDA:184,3,0,11
BRDA:184,3,1,3
BRDA:223,4,0,11
BRDA:223,4,1,3
BRDA:242,5,0,11
BRDA:242,5,1,3
BRF:12
BRH:12
end_of_record
TN:
SF:src/views/student/StudentEnrolledCourses.vue
FN:54,render
FN:62,(anonymous_1)
FN:62,(anonymous_2)
FN:69,(anonymous_3)
FNF:4
FNH:2
FNDA:2,render
FNDA:2,(anonymous_1)
FNDA:0,(anonymous_2)
FNDA:0,(anonymous_3)
DA:4,1
DA:5,1
DA:8,1
DA:36,1
DA:38,1
DA:41,1
DA:42,1
DA:43,1
DA:51,1
DA:55,2
DA:56,2
DA:57,2
DA:58,2
DA:59,2
DA:62,2
DA:63,0
DA:69,0
DA:79,1
LF:18
LH:16
BRF:0
BRH:0
end_of_record
TN:
SF:src/views/student/StudentHomePage.vue
FN:114,render
FN:126,(anonymous_1)
FN:130,(anonymous_2)
FN:140,(anonymous_3)
FN:146,(anonymous_4)
FN:154,(anonymous_5)
FN:154,(anonymous_6)
FN:161,(anonymous_7)
FN:164,(anonymous_8)
FN:179,(anonymous_9)
FN:179,(anonymous_10)
FN:186,(anonymous_11)
FN:189,(anonymous_12)
FNF:13
FNH:7
FNDA:2,render
FNDA:2,(anonymous_1)
FNDA:2,(anonymous_2)
FNDA:2,(anonymous_3)
FNDA:2,(anonymous_4)
FNDA:2,(anonymous_5)
FNDA:0,(anonymous_6)
FNDA:0,(anonymous_7)
FNDA:0,(anonymous_8)
FNDA:2,(anonymous_9)
FNDA:0,(anonymous_10)
FNDA:0,(anonymous_11)
FNDA:0,(anonymous_12)
DA:4,1
DA:5,1
DA:8,1
DA:83,1
DA:85,1
DA:88,1
DA:89,1
DA:90,1
DA:93,1
DA:96,1
DA:99,1
DA:103,1
DA:108,1
DA:115,2
DA:116,2
DA:117,2
DA:118,2
DA:119,2
DA:120,2
DA:121,2
DA:122,2
DA:123,2
DA:126,2
DA:130,2
DA:140,2
DA:146,2
DA:154,2
DA:155,0
DA:161,0
DA:164,0
DA:179,2
DA:180,0
DA:186,0
DA:189,0
DA:202,1
LF:35
LH:29
BRF:0
BRH:0
end_of_record
TN:
SF:src/views/student/StudentProfilePage.vue
FN:69,render
FN:78,(anonymous_1)
FN:81,(anonymous_2)
FN:84,(anonymous_3)
FN:87,(anonymous_4)
FN:89,(anonymous_5)
FN:95,(anonymous_6)
FN:110,(anonymous_7)
FNF:8
FNH:5
FNDA:11,render
FNDA:11,(anonymous_1)
FNDA:11,(anonymous_2)
FNDA:0,(anonymous_3)
FNDA:11,(anonymous_4)
FNDA:0,(anonymous_5)
FNDA:0,(anonymous_6)
FNDA:11,(anonymous_7)
DA:4,1
DA:5,1
DA:8,1
DA:60,1
DA:62,1
DA:65,1
DA:66,1
DA:67,1
DA:70,11
DA:71,11
DA:72,11
DA:73,11
DA:74,11
DA:75,11
DA:78,11
DA:81,11
DA:84,0
DA:87,11
DA:89,0
DA:95,0
DA:110,11
DA:120,1
LF:22
LH:19
BRDA:84,0,0,11
BRDA:84,0,1,3
BRDA:89,1,0,11
BRDA:89,1,1,3
BRDA:95,2,0,11
BRDA:95,2,1,3
BRF:6
BRH:6
end_of_record
